running egg_info
creating ../../build/camera_node/camera_node.egg-info
writing ../../build/camera_node/camera_node.egg-info/PKG-INFO
writing dependency_links to ../../build/camera_node/camera_node.egg-info/dependency_links.txt
writing entry points to ../../build/camera_node/camera_node.egg-info/entry_points.txt
writing requirements to ../../build/camera_node/camera_node.egg-info/requires.txt
writing top-level names to ../../build/camera_node/camera_node.egg-info/top_level.txt
writing manifest file '../../build/camera_node/camera_node.egg-info/SOURCES.txt'
reading manifest file '../../build/camera_node/camera_node.egg-info/SOURCES.txt'
writing manifest file '../../build/camera_node/camera_node.egg-info/SOURCES.txt'
running build
running build_py
creating /home/er/project3_team5_robotic_systems_1/project3_robotics/build/camera_node/build
creating /home/er/project3_team5_robotic_systems_1/project3_robotics/build/camera_node/build/lib
creating /home/er/project3_team5_robotic_systems_1/project3_robotics/build/camera_node/build/lib/camera_node
copying camera_node/__init__.py -> /home/er/project3_team5_robotic_systems_1/project3_robotics/build/camera_node/build/lib/camera_node
copying camera_node/py.typed -> /home/er/project3_team5_robotic_systems_1/project3_robotics/build/camera_node/build/lib/camera_node
running install
running install_lib
creating /home/er/project3_team5_robotic_systems_1/project3_robotics/install/camera_node/lib/python3.8/site-packages/camera_node
copying /home/er/project3_team5_robotic_systems_1/project3_robotics/build/camera_node/build/lib/camera_node/__init__.py -> /home/er/project3_team5_robotic_systems_1/project3_robotics/install/camera_node/lib/python3.8/site-packages/camera_node
copying /home/er/project3_team5_robotic_systems_1/project3_robotics/build/camera_node/build/lib/camera_node/py.typed -> /home/er/project3_team5_robotic_systems_1/project3_robotics/install/camera_node/lib/python3.8/site-packages/camera_node
byte-compiling /home/er/project3_team5_robotic_systems_1/project3_robotics/install/camera_node/lib/python3.8/site-packages/camera_node/__init__.py to __init__.cpython-38.pyc
running install_data
creating /home/er/project3_team5_robotic_systems_1/project3_robotics/install/camera_node/share/ament_index
creating /home/er/project3_team5_robotic_systems_1/project3_robotics/install/camera_node/share/ament_index/resource_index
creating /home/er/project3_team5_robotic_systems_1/project3_robotics/install/camera_node/share/ament_index/resource_index/packages
copying resource/camera_node -> /home/er/project3_team5_robotic_systems_1/project3_robotics/install/camera_node/share/ament_index/resource_index/packages
copying package.xml -> /home/er/project3_team5_robotic_systems_1/project3_robotics/install/camera_node/share/camera_node
running install_egg_info
Copying ../../build/camera_node/camera_node.egg-info to /home/er/project3_team5_robotic_systems_1/project3_robotics/install/camera_node/lib/python3.8/site-packages/camera_node-0.0.0-py3.8.egg-info
running install_scripts
writing list of installed files to '/home/er/project3_team5_robotic_systems_1/project3_robotics/build/camera_node/install.log'
