[6.782s] Invoking command in '/home/er/project3_team5_robotic_systems_1/project3_robotics/src/camera_node': PYTHONPATH=/home/er/project3_team5_robotic_systems_1/project3_robotics/install/camera_node/lib/python3.8/site-packages:${PYTHONPATH} /usr/bin/python3 setup.py egg_info --egg-base ../../build/camera_node build --build-base /home/er/project3_team5_robotic_systems_1/project3_robotics/build/camera_node/build install --prefix /home/er/project3_team5_robotic_systems_1/project3_robotics/install/camera_node --record /home/er/project3_team5_robotic_systems_1/project3_robotics/build/camera_node/install.log --single-version-externally-managed
[8.954s] running egg_info
[8.957s] writing ../../build/camera_node/camera_node.egg-info/PKG-INFO
[8.960s] writing dependency_links to ../../build/camera_node/camera_node.egg-info/dependency_links.txt
[8.961s] writing entry points to ../../build/camera_node/camera_node.egg-info/entry_points.txt
[8.962s] writing requirements to ../../build/camera_node/camera_node.egg-info/requires.txt
[8.963s] writing top-level names to ../../build/camera_node/camera_node.egg-info/top_level.txt
[9.175s] reading manifest file '../../build/camera_node/camera_node.egg-info/SOURCES.txt'
[9.181s] writing manifest file '../../build/camera_node/camera_node.egg-info/SOURCES.txt'
[9.182s] running build
[9.183s] running build_py
[9.184s] running install
[9.189s] running install_lib
[9.201s] running install_data
[9.211s] running install_egg_info
[9.222s] removing '/home/er/project3_team5_robotic_systems_1/project3_robotics/install/camera_node/lib/python3.8/site-packages/camera_node-0.0.0-py3.8.egg-info' (and everything under it)
[9.225s] Copying ../../build/camera_node/camera_node.egg-info to /home/er/project3_team5_robotic_systems_1/project3_robotics/install/camera_node/lib/python3.8/site-packages/camera_node-0.0.0-py3.8.egg-info
[9.237s] running install_scripts
[9.374s] writing list of installed files to '/home/er/project3_team5_robotic_systems_1/project3_robotics/build/camera_node/install.log'
[9.579s] Invoked command in '/home/er/project3_team5_robotic_systems_1/project3_robotics/src/camera_node' returned '0': PYTHONPATH=/home/er/project3_team5_robotic_systems_1/project3_robotics/install/camera_node/lib/python3.8/site-packages:${PYTHONPATH} /usr/bin/python3 setup.py egg_info --egg-base ../../build/camera_node build --build-base /home/er/project3_team5_robotic_systems_1/project3_robotics/build/camera_node/build install --prefix /home/er/project3_team5_robotic_systems_1/project3_robotics/install/camera_node --record /home/er/project3_team5_robotic_systems_1/project3_robotics/build/camera_node/install.log --single-version-externally-managed
