[4.202s] Invoking command in '/home/er/project3_team5_robotic_systems_1/project3_robotics/src/myarm_node': PYTHONPATH=/home/er/project3_team5_robotic_systems_1/project3_robotics/install/myarm_node/lib/python3.8/site-packages:${PYTHONPATH} /usr/bin/python3 setup.py egg_info --egg-base ../../build/myarm_node build --build-base /home/er/project3_team5_robotic_systems_1/project3_robotics/build/myarm_node/build install --prefix /home/er/project3_team5_robotic_systems_1/project3_robotics/install/myarm_node --record /home/er/project3_team5_robotic_systems_1/project3_robotics/build/myarm_node/install.log --single-version-externally-managed
[5.663s] running egg_info
[5.667s] writing ../../build/myarm_node/myarm_node.egg-info/PKG-INFO
[5.669s] writing dependency_links to ../../build/myarm_node/myarm_node.egg-info/dependency_links.txt
[5.671s] writing entry points to ../../build/myarm_node/myarm_node.egg-info/entry_points.txt
[5.672s] writing requirements to ../../build/myarm_node/myarm_node.egg-info/requires.txt
[5.673s] writing top-level names to ../../build/myarm_node/myarm_node.egg-info/top_level.txt
[5.850s] reading manifest file '../../build/myarm_node/myarm_node.egg-info/SOURCES.txt'
[5.858s] writing manifest file '../../build/myarm_node/myarm_node.egg-info/SOURCES.txt'
[5.859s] running build
[5.860s] running build_py
[5.880s] running install
[5.885s] running install_lib
[5.915s] running install_data
[5.919s] running install_egg_info
[5.940s] removing '/home/er/project3_team5_robotic_systems_1/project3_robotics/install/myarm_node/lib/python3.8/site-packages/myarm_node-0.0.0-py3.8.egg-info' (and everything under it)
[5.945s] Copying ../../build/myarm_node/myarm_node.egg-info to /home/er/project3_team5_robotic_systems_1/project3_robotics/install/myarm_node/lib/python3.8/site-packages/myarm_node-0.0.0-py3.8.egg-info
[5.956s] running install_scripts
[6.033s] Installing controller script to /home/er/project3_team5_robotic_systems_1/project3_robotics/install/myarm_node/lib/myarm_node
[6.040s] writing list of installed files to '/home/er/project3_team5_robotic_systems_1/project3_robotics/build/myarm_node/install.log'
[6.186s] Invoked command in '/home/er/project3_team5_robotic_systems_1/project3_robotics/src/myarm_node' returned '0': PYTHONPATH=/home/er/project3_team5_robotic_systems_1/project3_robotics/install/myarm_node/lib/python3.8/site-packages:${PYTHONPATH} /usr/bin/python3 setup.py egg_info --egg-base ../../build/myarm_node build --build-base /home/er/project3_team5_robotic_systems_1/project3_robotics/build/myarm_node/build install --prefix /home/er/project3_team5_robotic_systems_1/project3_robotics/install/myarm_node --record /home/er/project3_team5_robotic_systems_1/project3_robotics/build/myarm_node/install.log --single-version-externally-managed
