[0.989s] [34mcolcon[0m [1;30mDEBUG[0m [32mCommand line arguments: ['/usr/bin/colcon', 'build'][0m
[0.989s] [34mcolcon[0m [1;30mDEBUG[0m [32mParsed command line arguments: Namespace(allow_overriding=[], ament_cmake_args=None, base_paths=['.'], build_base='build', catkin_cmake_args=None, catkin_skip_building_tests=False, cmake_args=None, cmake_clean_cache=False, cmake_clean_first=False, cmake_force_configure=False, cmake_target=None, cmake_target_skip_unavailable=False, continue_on_error=False, event_handlers=None, executor='parallel', ignore_user_meta=False, install_base='install', log_base=None, log_level=None, main=<bound method BuildVerb.main of <colcon_core.verb.build.BuildVerb object at 0xffff9b31aac0>>, merge_install=False, metas=['./colcon.meta'], packages_above=None, packages_above_and_dependencies=None, packages_above_depth=None, packages_end=None, packages_ignore=None, packages_ignore_regex=None, packages_select=None, packages_select_build_failed=False, packages_select_by_dep=None, packages_select_regex=None, packages_select_test_failures=False, packages_skip=None, packages_skip_build_finished=False, packages_skip_by_dep=None, packages_skip_regex=None, packages_skip_test_passed=False, packages_skip_up_to=None, packages_start=None, packages_up_to=None, packages_up_to_regex=None, parallel_workers=4, paths=None, symlink_install=False, test_result_base=None, verb_extension=<colcon_core.verb.build.BuildVerb object at 0xffff9b31aac0>, verb_name='build', verb_parser=<colcon_defaults.argument_parser.defaults.DefaultArgumentsDecorator object at 0xffff9b3280a0>)[0m
[1.113s] [34mcolcon.colcon_core.package_discovery[0m [1;30mLevel 1[0m discover_packages(colcon_meta) check parameters
[1.114s] [34mcolcon.colcon_core.package_discovery[0m [1;30mLevel 1[0m discover_packages(recursive) check parameters
[1.114s] [34mcolcon.colcon_core.package_discovery[0m [1;30mLevel 1[0m discover_packages(ignore) check parameters
[1.115s] [34mcolcon.colcon_core.package_discovery[0m [1;30mLevel 1[0m discover_packages(path) check parameters
[1.115s] [34mcolcon.colcon_core.package_discovery[0m [1;30mLevel 1[0m discover_packages(colcon_meta) discover
[1.116s] [34mcolcon.colcon_core.package_discovery[0m [1;30mLevel 1[0m discover_packages(recursive) discover
[1.116s] [34mcolcon.colcon_core.package_discovery[0m [1;30mINFO[0m Crawling recursively for packages in '/home/er/project3_team5_robotic_systems_1/project3_robotics'
[1.117s] [34mcolcon.colcon_core.package_identification[0m [1;30mLevel 1[0m _identify(.) by extensions ['ignore', 'ignore_ament_install']
[1.118s] [34mcolcon.colcon_core.package_identification[0m [1;30mLevel 1[0m _identify(.) by extension 'ignore'
[1.119s] [34mcolcon.colcon_core.package_identification[0m [1;30mLevel 1[0m _identify(.) by extension 'ignore_ament_install'
[1.119s] [34mcolcon.colcon_core.package_identification[0m [1;30mLevel 1[0m _identify(.) by extensions ['colcon_pkg']
[1.120s] [34mcolcon.colcon_core.package_identification[0m [1;30mLevel 1[0m _identify(.) by extension 'colcon_pkg'
[1.120s] [34mcolcon.colcon_core.package_identification[0m [1;30mLevel 1[0m _identify(.) by extensions ['colcon_meta']
[1.120s] [34mcolcon.colcon_core.package_identification[0m [1;30mLevel 1[0m _identify(.) by extension 'colcon_meta'
[1.121s] [34mcolcon.colcon_core.package_identification[0m [1;30mLevel 1[0m _identify(.) by extensions ['ros']
[1.121s] [34mcolcon.colcon_core.package_identification[0m [1;30mLevel 1[0m _identify(.) by extension 'ros'
[1.248s] [34mcolcon.colcon_core.package_identification[0m [1;30mLevel 1[0m _identify(.) by extensions ['cmake', 'python']
[1.248s] [34mcolcon.colcon_core.package_identification[0m [1;30mLevel 1[0m _identify(.) by extension 'cmake'
[1.249s] [34mcolcon.colcon_core.package_identification[0m [1;30mLevel 1[0m _identify(.) by extension 'python'
[1.250s] [34mcolcon.colcon_core.package_identification[0m [1;30mLevel 1[0m _identify(.) by extensions ['python_setup_py']
[1.250s] [34mcolcon.colcon_core.package_identification[0m [1;30mLevel 1[0m _identify(.) by extension 'python_setup_py'
[1.251s] [34mcolcon.colcon_core.package_identification[0m [1;30mLevel 1[0m _identify(assets) by extensions ['ignore', 'ignore_ament_install']
[1.252s] [34mcolcon.colcon_core.package_identification[0m [1;30mLevel 1[0m _identify(assets) by extension 'ignore'
[1.252s] [34mcolcon.colcon_core.package_identification[0m [1;30mLevel 1[0m _identify(assets) by extension 'ignore_ament_install'
[1.253s] [34mcolcon.colcon_core.package_identification[0m [1;30mLevel 1[0m _identify(assets) by extensions ['colcon_pkg']
[1.253s] [34mcolcon.colcon_core.package_identification[0m [1;30mLevel 1[0m _identify(assets) by extension 'colcon_pkg'
[1.254s] [34mcolcon.colcon_core.package_identification[0m [1;30mLevel 1[0m _identify(assets) by extensions ['colcon_meta']
[1.254s] [34mcolcon.colcon_core.package_identification[0m [1;30mLevel 1[0m _identify(assets) by extension 'colcon_meta'
[1.255s] [34mcolcon.colcon_core.package_identification[0m [1;30mLevel 1[0m _identify(assets) by extensions ['ros']
[1.255s] [34mcolcon.colcon_core.package_identification[0m [1;30mLevel 1[0m _identify(assets) by extension 'ros'
[1.257s] [34mcolcon.colcon_core.package_identification[0m [1;30mLevel 1[0m _identify(assets) by extensions ['cmake', 'python']
[1.257s] [34mcolcon.colcon_core.package_identification[0m [1;30mLevel 1[0m _identify(assets) by extension 'cmake'
[1.258s] [34mcolcon.colcon_core.package_identification[0m [1;30mLevel 1[0m _identify(assets) by extension 'python'
[1.258s] [34mcolcon.colcon_core.package_identification[0m [1;30mLevel 1[0m _identify(assets) by extensions ['python_setup_py']
[1.259s] [34mcolcon.colcon_core.package_identification[0m [1;30mLevel 1[0m _identify(assets) by extension 'python_setup_py'
[1.260s] [34mcolcon.colcon_core.package_identification[0m [1;30mLevel 1[0m _identify(assets/camera) by extensions ['ignore', 'ignore_ament_install']
[1.261s] [34mcolcon.colcon_core.package_identification[0m [1;30mLevel 1[0m _identify(assets/camera) by extension 'ignore'
[1.261s] [34mcolcon.colcon_core.package_identification[0m [1;30mLevel 1[0m _identify(assets/camera) by extension 'ignore_ament_install'
[1.262s] [34mcolcon.colcon_core.package_identification[0m [1;30mLevel 1[0m _identify(assets/camera) by extensions ['colcon_pkg']
[1.263s] [34mcolcon.colcon_core.package_identification[0m [1;30mLevel 1[0m _identify(assets/camera) by extension 'colcon_pkg'
[1.263s] [34mcolcon.colcon_core.package_identification[0m [1;30mLevel 1[0m _identify(assets/camera) by extensions ['colcon_meta']
[1.264s] [34mcolcon.colcon_core.package_identification[0m [1;30mLevel 1[0m _identify(assets/camera) by extension 'colcon_meta'
[1.264s] [34mcolcon.colcon_core.package_identification[0m [1;30mLevel 1[0m _identify(assets/camera) by extensions ['ros']
[1.264s] [34mcolcon.colcon_core.package_identification[0m [1;30mLevel 1[0m _identify(assets/camera) by extension 'ros'
[1.265s] [34mcolcon.colcon_core.package_identification[0m [1;30mLevel 1[0m _identify(assets/camera) by extensions ['cmake', 'python']
[1.265s] [34mcolcon.colcon_core.package_identification[0m [1;30mLevel 1[0m _identify(assets/camera) by extension 'cmake'
[1.266s] [34mcolcon.colcon_core.package_identification[0m [1;30mLevel 1[0m _identify(assets/camera) by extension 'python'
[1.266s] [34mcolcon.colcon_core.package_identification[0m [1;30mLevel 1[0m _identify(assets/camera) by extensions ['python_setup_py']
[1.267s] [34mcolcon.colcon_core.package_identification[0m [1;30mLevel 1[0m _identify(assets/camera) by extension 'python_setup_py'
[1.268s] [34mcolcon.colcon_core.package_identification[0m [1;30mLevel 1[0m _identify(assets/myarm) by extensions ['ignore', 'ignore_ament_install']
[1.269s] [34mcolcon.colcon_core.package_identification[0m [1;30mLevel 1[0m _identify(assets/myarm) by extension 'ignore'
[1.269s] [34mcolcon.colcon_core.package_identification[0m [1;30mLevel 1[0m _identify(assets/myarm) by extension 'ignore_ament_install'
[1.270s] [34mcolcon.colcon_core.package_identification[0m [1;30mLevel 1[0m _identify(assets/myarm) by extensions ['colcon_pkg']
[1.270s] [34mcolcon.colcon_core.package_identification[0m [1;30mLevel 1[0m _identify(assets/myarm) by extension 'colcon_pkg'
[1.271s] [34mcolcon.colcon_core.package_identification[0m [1;30mLevel 1[0m _identify(assets/myarm) by extensions ['colcon_meta']
[1.271s] [34mcolcon.colcon_core.package_identification[0m [1;30mLevel 1[0m _identify(assets/myarm) by extension 'colcon_meta'
[1.272s] [34mcolcon.colcon_core.package_identification[0m [1;30mLevel 1[0m _identify(assets/myarm) by extensions ['ros']
[1.272s] [34mcolcon.colcon_core.package_identification[0m [1;30mLevel 1[0m _identify(assets/myarm) by extension 'ros'
[1.273s] [34mcolcon.colcon_core.package_identification[0m [1;30mLevel 1[0m _identify(assets/myarm) by extensions ['cmake', 'python']
[1.274s] [34mcolcon.colcon_core.package_identification[0m [1;30mLevel 1[0m _identify(assets/myarm) by extension 'cmake'
[1.274s] [34mcolcon.colcon_core.package_identification[0m [1;30mLevel 1[0m _identify(assets/myarm) by extension 'python'
[1.275s] [34mcolcon.colcon_core.package_identification[0m [1;30mLevel 1[0m _identify(assets/myarm) by extensions ['python_setup_py']
[1.275s] [34mcolcon.colcon_core.package_identification[0m [1;30mLevel 1[0m _identify(assets/myarm) by extension 'python_setup_py'
[1.276s] [34mcolcon.colcon_core.package_identification[0m [1;30mLevel 1[0m _identify(assets/myarm/meshes) by extensions ['ignore', 'ignore_ament_install']
[1.277s] [34mcolcon.colcon_core.package_identification[0m [1;30mLevel 1[0m _identify(assets/myarm/meshes) by extension 'ignore'
[1.278s] [34mcolcon.colcon_core.package_identification[0m [1;30mLevel 1[0m _identify(assets/myarm/meshes) by extension 'ignore_ament_install'
[1.279s] [34mcolcon.colcon_core.package_identification[0m [1;30mLevel 1[0m _identify(assets/myarm/meshes) by extensions ['colcon_pkg']
[1.279s] [34mcolcon.colcon_core.package_identification[0m [1;30mLevel 1[0m _identify(assets/myarm/meshes) by extension 'colcon_pkg'
[1.280s] [34mcolcon.colcon_core.package_identification[0m [1;30mLevel 1[0m _identify(assets/myarm/meshes) by extensions ['colcon_meta']
[1.280s] [34mcolcon.colcon_core.package_identification[0m [1;30mLevel 1[0m _identify(assets/myarm/meshes) by extension 'colcon_meta'
[1.281s] [34mcolcon.colcon_core.package_identification[0m [1;30mLevel 1[0m _identify(assets/myarm/meshes) by extensions ['ros']
[1.281s] [34mcolcon.colcon_core.package_identification[0m [1;30mLevel 1[0m _identify(assets/myarm/meshes) by extension 'ros'
[1.282s] [34mcolcon.colcon_core.package_identification[0m [1;30mLevel 1[0m _identify(assets/myarm/meshes) by extensions ['cmake', 'python']
[1.282s] [34mcolcon.colcon_core.package_identification[0m [1;30mLevel 1[0m _identify(assets/myarm/meshes) by extension 'cmake'
[1.283s] [34mcolcon.colcon_core.package_identification[0m [1;30mLevel 1[0m _identify(assets/myarm/meshes) by extension 'python'
[1.283s] [34mcolcon.colcon_core.package_identification[0m [1;30mLevel 1[0m _identify(assets/myarm/meshes) by extensions ['python_setup_py']
[1.284s] [34mcolcon.colcon_core.package_identification[0m [1;30mLevel 1[0m _identify(assets/myarm/meshes) by extension 'python_setup_py'
[1.285s] [34mcolcon.colcon_core.package_identification[0m [1;30mLevel 1[0m _identify(assets/myarm/urdf) by extensions ['ignore', 'ignore_ament_install']
[1.286s] [34mcolcon.colcon_core.package_identification[0m [1;30mLevel 1[0m _identify(assets/myarm/urdf) by extension 'ignore'
[1.286s] [34mcolcon.colcon_core.package_identification[0m [1;30mLevel 1[0m _identify(assets/myarm/urdf) by extension 'ignore_ament_install'
[1.287s] [34mcolcon.colcon_core.package_identification[0m [1;30mLevel 1[0m _identify(assets/myarm/urdf) by extensions ['colcon_pkg']
[1.288s] [34mcolcon.colcon_core.package_identification[0m [1;30mLevel 1[0m _identify(assets/myarm/urdf) by extension 'colcon_pkg'
[1.288s] [34mcolcon.colcon_core.package_identification[0m [1;30mLevel 1[0m _identify(assets/myarm/urdf) by extensions ['colcon_meta']
[1.289s] [34mcolcon.colcon_core.package_identification[0m [1;30mLevel 1[0m _identify(assets/myarm/urdf) by extension 'colcon_meta'
[1.289s] [34mcolcon.colcon_core.package_identification[0m [1;30mLevel 1[0m _identify(assets/myarm/urdf) by extensions ['ros']
[1.290s] [34mcolcon.colcon_core.package_identification[0m [1;30mLevel 1[0m _identify(assets/myarm/urdf) by extension 'ros'
[1.290s] [34mcolcon.colcon_core.package_identification[0m [1;30mLevel 1[0m _identify(assets/myarm/urdf) by extensions ['cmake', 'python']
[1.291s] [34mcolcon.colcon_core.package_identification[0m [1;30mLevel 1[0m _identify(assets/myarm/urdf) by extension 'cmake'
[1.291s] [34mcolcon.colcon_core.package_identification[0m [1;30mLevel 1[0m _identify(assets/myarm/urdf) by extension 'python'
[1.292s] [34mcolcon.colcon_core.package_identification[0m [1;30mLevel 1[0m _identify(assets/myarm/urdf) by extensions ['python_setup_py']
[1.292s] [34mcolcon.colcon_core.package_identification[0m [1;30mLevel 1[0m _identify(assets/myarm/urdf) by extension 'python_setup_py'
[1.293s] [34mcolcon.colcon_core.package_identification[0m [1;30mLevel 1[0m _identify(build) by extensions ['ignore', 'ignore_ament_install']
[1.294s] [34mcolcon.colcon_core.package_identification[0m [1;30mLevel 1[0m _identify(build) by extension 'ignore'
[1.295s] [34mcolcon.colcon_core.package_identification[0m [1;30mLevel 1[0m _identify(build) ignored
[1.296s] [34mcolcon.colcon_core.package_identification[0m [1;30mLevel 1[0m _identify(camera) by extensions ['ignore', 'ignore_ament_install']
[1.297s] [34mcolcon.colcon_core.package_identification[0m [1;30mLevel 1[0m _identify(camera) by extension 'ignore'
[1.297s] [34mcolcon.colcon_core.package_identification[0m [1;30mLevel 1[0m _identify(camera) by extension 'ignore_ament_install'
[1.298s] [34mcolcon.colcon_core.package_identification[0m [1;30mLevel 1[0m _identify(camera) by extensions ['colcon_pkg']
[1.298s] [34mcolcon.colcon_core.package_identification[0m [1;30mLevel 1[0m _identify(camera) by extension 'colcon_pkg'
[1.299s] [34mcolcon.colcon_core.package_identification[0m [1;30mLevel 1[0m _identify(camera) by extensions ['colcon_meta']
[1.299s] [34mcolcon.colcon_core.package_identification[0m [1;30mLevel 1[0m _identify(camera) by extension 'colcon_meta'
[1.300s] [34mcolcon.colcon_core.package_identification[0m [1;30mLevel 1[0m _identify(camera) by extensions ['ros']
[1.300s] [34mcolcon.colcon_core.package_identification[0m [1;30mLevel 1[0m _identify(camera) by extension 'ros'
[1.301s] [34mcolcon.colcon_core.package_identification[0m [1;30mLevel 1[0m _identify(camera) by extensions ['cmake', 'python']
[1.301s] [34mcolcon.colcon_core.package_identification[0m [1;30mLevel 1[0m _identify(camera) by extension 'cmake'
[1.302s] [34mcolcon.colcon_core.package_identification[0m [1;30mLevel 1[0m _identify(camera) by extension 'python'
[1.302s] [34mcolcon.colcon_core.package_identification[0m [1;30mLevel 1[0m _identify(camera) by extensions ['python_setup_py']
[1.303s] [34mcolcon.colcon_core.package_identification[0m [1;30mLevel 1[0m _identify(camera) by extension 'python_setup_py'
[1.304s] [34mcolcon.colcon_core.package_identification[0m [1;30mLevel 1[0m _identify(camera/__pycache__) by extensions ['ignore', 'ignore_ament_install']
[1.305s] [34mcolcon.colcon_core.package_identification[0m [1;30mLevel 1[0m _identify(camera/__pycache__) by extension 'ignore'
[1.305s] [34mcolcon.colcon_core.package_identification[0m [1;30mLevel 1[0m _identify(camera/__pycache__) by extension 'ignore_ament_install'
[1.306s] [34mcolcon.colcon_core.package_identification[0m [1;30mLevel 1[0m _identify(camera/__pycache__) by extensions ['colcon_pkg']
[1.306s] [34mcolcon.colcon_core.package_identification[0m [1;30mLevel 1[0m _identify(camera/__pycache__) by extension 'colcon_pkg'
[1.307s] [34mcolcon.colcon_core.package_identification[0m [1;30mLevel 1[0m _identify(camera/__pycache__) by extensions ['colcon_meta']
[1.307s] [34mcolcon.colcon_core.package_identification[0m [1;30mLevel 1[0m _identify(camera/__pycache__) by extension 'colcon_meta'
[1.308s] [34mcolcon.colcon_core.package_identification[0m [1;30mLevel 1[0m _identify(camera/__pycache__) by extensions ['ros']
[1.308s] [34mcolcon.colcon_core.package_identification[0m [1;30mLevel 1[0m _identify(camera/__pycache__) by extension 'ros'
[1.309s] [34mcolcon.colcon_core.package_identification[0m [1;30mLevel 1[0m _identify(camera/__pycache__) by extensions ['cmake', 'python']
[1.309s] [34mcolcon.colcon_core.package_identification[0m [1;30mLevel 1[0m _identify(camera/__pycache__) by extension 'cmake'
[1.310s] [34mcolcon.colcon_core.package_identification[0m [1;30mLevel 1[0m _identify(camera/__pycache__) by extension 'python'
[1.310s] [34mcolcon.colcon_core.package_identification[0m [1;30mLevel 1[0m _identify(camera/__pycache__) by extensions ['python_setup_py']
[1.311s] [34mcolcon.colcon_core.package_identification[0m [1;30mLevel 1[0m _identify(camera/__pycache__) by extension 'python_setup_py'
[1.312s] [34mcolcon.colcon_core.package_identification[0m [1;30mLevel 1[0m _identify(install) by extensions ['ignore', 'ignore_ament_install']
[1.312s] [34mcolcon.colcon_core.package_identification[0m [1;30mLevel 1[0m _identify(install) by extension 'ignore'
[1.313s] [34mcolcon.colcon_core.package_identification[0m [1;30mLevel 1[0m _identify(install) ignored
[1.315s] [34mcolcon.colcon_core.package_identification[0m [1;30mLevel 1[0m _identify(log) by extensions ['ignore', 'ignore_ament_install']
[1.315s] [34mcolcon.colcon_core.package_identification[0m [1;30mLevel 1[0m _identify(log) by extension 'ignore'
[1.316s] [34mcolcon.colcon_core.package_identification[0m [1;30mLevel 1[0m _identify(log) ignored
[1.317s] [34mcolcon.colcon_core.package_identification[0m [1;30mLevel 1[0m _identify(myarm_ik) by extensions ['ignore', 'ignore_ament_install']
[1.318s] [34mcolcon.colcon_core.package_identification[0m [1;30mLevel 1[0m _identify(myarm_ik) by extension 'ignore'
[1.318s] [34mcolcon.colcon_core.package_identification[0m [1;30mLevel 1[0m _identify(myarm_ik) by extension 'ignore_ament_install'
[1.319s] [34mcolcon.colcon_core.package_identification[0m [1;30mLevel 1[0m _identify(myarm_ik) by extensions ['colcon_pkg']
[1.319s] [34mcolcon.colcon_core.package_identification[0m [1;30mLevel 1[0m _identify(myarm_ik) by extension 'colcon_pkg'
[1.319s] [34mcolcon.colcon_core.package_identification[0m [1;30mLevel 1[0m _identify(myarm_ik) by extensions ['colcon_meta']
[1.320s] [34mcolcon.colcon_core.package_identification[0m [1;30mLevel 1[0m _identify(myarm_ik) by extension 'colcon_meta'
[1.320s] [34mcolcon.colcon_core.package_identification[0m [1;30mLevel 1[0m _identify(myarm_ik) by extensions ['ros']
[1.320s] [34mcolcon.colcon_core.package_identification[0m [1;30mLevel 1[0m _identify(myarm_ik) by extension 'ros'
[1.321s] [34mcolcon.colcon_core.package_identification[0m [1;30mLevel 1[0m _identify(myarm_ik) by extensions ['cmake', 'python']
[1.321s] [34mcolcon.colcon_core.package_identification[0m [1;30mLevel 1[0m _identify(myarm_ik) by extension 'cmake'
[1.321s] [34mcolcon.colcon_core.package_identification[0m [1;30mLevel 1[0m _identify(myarm_ik) by extension 'python'
[1.322s] [34mcolcon.colcon_core.package_identification[0m [1;30mLevel 1[0m _identify(myarm_ik) by extensions ['python_setup_py']
[1.322s] [34mcolcon.colcon_core.package_identification[0m [1;30mLevel 1[0m _identify(myarm_ik) by extension 'python_setup_py'
[1.323s] [34mcolcon.colcon_core.package_identification[0m [1;30mLevel 1[0m _identify(myarm_ik/QP_solver) by extensions ['ignore', 'ignore_ament_install']
[1.324s] [34mcolcon.colcon_core.package_identification[0m [1;30mLevel 1[0m _identify(myarm_ik/QP_solver) by extension 'ignore'
[1.324s] [34mcolcon.colcon_core.package_identification[0m [1;30mLevel 1[0m _identify(myarm_ik/QP_solver) by extension 'ignore_ament_install'
[1.325s] [34mcolcon.colcon_core.package_identification[0m [1;30mLevel 1[0m _identify(myarm_ik/QP_solver) by extensions ['colcon_pkg']
[1.326s] [34mcolcon.colcon_core.package_identification[0m [1;30mLevel 1[0m _identify(myarm_ik/QP_solver) by extension 'colcon_pkg'
[1.326s] [34mcolcon.colcon_core.package_identification[0m [1;30mLevel 1[0m _identify(myarm_ik/QP_solver) by extensions ['colcon_meta']
[1.327s] [34mcolcon.colcon_core.package_identification[0m [1;30mLevel 1[0m _identify(myarm_ik/QP_solver) by extension 'colcon_meta'
[1.327s] [34mcolcon.colcon_core.package_identification[0m [1;30mLevel 1[0m _identify(myarm_ik/QP_solver) by extensions ['ros']
[1.328s] [34mcolcon.colcon_core.package_identification[0m [1;30mLevel 1[0m _identify(myarm_ik/QP_solver) by extension 'ros'
[1.329s] [34mcolcon.colcon_core.package_identification[0m [1;30mLevel 1[0m _identify(myarm_ik/QP_solver) by extensions ['cmake', 'python']
[1.329s] [34mcolcon.colcon_core.package_identification[0m [1;30mLevel 1[0m _identify(myarm_ik/QP_solver) by extension 'cmake'
[1.330s] [34mcolcon.colcon_core.package_identification[0m [1;30mLevel 1[0m _identify(myarm_ik/QP_solver) by extension 'python'
[1.330s] [34mcolcon.colcon_core.package_identification[0m [1;30mLevel 1[0m _identify(myarm_ik/QP_solver) by extensions ['python_setup_py']
[1.330s] [34mcolcon.colcon_core.package_identification[0m [1;30mLevel 1[0m _identify(myarm_ik/QP_solver) by extension 'python_setup_py'
[1.331s] [34mcolcon.colcon_core.package_identification[0m [1;30mLevel 1[0m _identify(myarm_ik/QP_solver/__pycache__) by extensions ['ignore', 'ignore_ament_install']
[1.332s] [34mcolcon.colcon_core.package_identification[0m [1;30mLevel 1[0m _identify(myarm_ik/QP_solver/__pycache__) by extension 'ignore'
[1.332s] [34mcolcon.colcon_core.package_identification[0m [1;30mLevel 1[0m _identify(myarm_ik/QP_solver/__pycache__) by extension 'ignore_ament_install'
[1.333s] [34mcolcon.colcon_core.package_identification[0m [1;30mLevel 1[0m _identify(myarm_ik/QP_solver/__pycache__) by extensions ['colcon_pkg']
[1.333s] [34mcolcon.colcon_core.package_identification[0m [1;30mLevel 1[0m _identify(myarm_ik/QP_solver/__pycache__) by extension 'colcon_pkg'
[1.334s] [34mcolcon.colcon_core.package_identification[0m [1;30mLevel 1[0m _identify(myarm_ik/QP_solver/__pycache__) by extensions ['colcon_meta']
[1.334s] [34mcolcon.colcon_core.package_identification[0m [1;30mLevel 1[0m _identify(myarm_ik/QP_solver/__pycache__) by extension 'colcon_meta'
[1.335s] [34mcolcon.colcon_core.package_identification[0m [1;30mLevel 1[0m _identify(myarm_ik/QP_solver/__pycache__) by extensions ['ros']
[1.335s] [34mcolcon.colcon_core.package_identification[0m [1;30mLevel 1[0m _identify(myarm_ik/QP_solver/__pycache__) by extension 'ros'
[1.335s] [34mcolcon.colcon_core.package_identification[0m [1;30mLevel 1[0m _identify(myarm_ik/QP_solver/__pycache__) by extensions ['cmake', 'python']
[1.336s] [34mcolcon.colcon_core.package_identification[0m [1;30mLevel 1[0m _identify(myarm_ik/QP_solver/__pycache__) by extension 'cmake'
[1.336s] [34mcolcon.colcon_core.package_identification[0m [1;30mLevel 1[0m _identify(myarm_ik/QP_solver/__pycache__) by extension 'python'
[1.336s] [34mcolcon.colcon_core.package_identification[0m [1;30mLevel 1[0m _identify(myarm_ik/QP_solver/__pycache__) by extensions ['python_setup_py']
[1.336s] [34mcolcon.colcon_core.package_identification[0m [1;30mLevel 1[0m _identify(myarm_ik/QP_solver/__pycache__) by extension 'python_setup_py'
[1.337s] [34mcolcon.colcon_core.package_identification[0m [1;30mLevel 1[0m _identify(myarm_ik/__pycache__) by extensions ['ignore', 'ignore_ament_install']
[1.338s] [34mcolcon.colcon_core.package_identification[0m [1;30mLevel 1[0m _identify(myarm_ik/__pycache__) by extension 'ignore'
[1.338s] [34mcolcon.colcon_core.package_identification[0m [1;30mLevel 1[0m _identify(myarm_ik/__pycache__) by extension 'ignore_ament_install'
[1.339s] [34mcolcon.colcon_core.package_identification[0m [1;30mLevel 1[0m _identify(myarm_ik/__pycache__) by extensions ['colcon_pkg']
[1.339s] [34mcolcon.colcon_core.package_identification[0m [1;30mLevel 1[0m _identify(myarm_ik/__pycache__) by extension 'colcon_pkg'
[1.339s] [34mcolcon.colcon_core.package_identification[0m [1;30mLevel 1[0m _identify(myarm_ik/__pycache__) by extensions ['colcon_meta']
[1.340s] [34mcolcon.colcon_core.package_identification[0m [1;30mLevel 1[0m _identify(myarm_ik/__pycache__) by extension 'colcon_meta'
[1.340s] [34mcolcon.colcon_core.package_identification[0m [1;30mLevel 1[0m _identify(myarm_ik/__pycache__) by extensions ['ros']
[1.340s] [34mcolcon.colcon_core.package_identification[0m [1;30mLevel 1[0m _identify(myarm_ik/__pycache__) by extension 'ros'
[1.341s] [34mcolcon.colcon_core.package_identification[0m [1;30mLevel 1[0m _identify(myarm_ik/__pycache__) by extensions ['cmake', 'python']
[1.341s] [34mcolcon.colcon_core.package_identification[0m [1;30mLevel 1[0m _identify(myarm_ik/__pycache__) by extension 'cmake'
[1.342s] [34mcolcon.colcon_core.package_identification[0m [1;30mLevel 1[0m _identify(myarm_ik/__pycache__) by extension 'python'
[1.342s] [34mcolcon.colcon_core.package_identification[0m [1;30mLevel 1[0m _identify(myarm_ik/__pycache__) by extensions ['python_setup_py']
[1.342s] [34mcolcon.colcon_core.package_identification[0m [1;30mLevel 1[0m _identify(myarm_ik/__pycache__) by extension 'python_setup_py'
[1.344s] [34mcolcon.colcon_core.package_identification[0m [1;30mLevel 1[0m _identify(myarm_ik/kinematics) by extensions ['ignore', 'ignore_ament_install']
[1.345s] [34mcolcon.colcon_core.package_identification[0m [1;30mLevel 1[0m _identify(myarm_ik/kinematics) by extension 'ignore'
[1.345s] [34mcolcon.colcon_core.package_identification[0m [1;30mLevel 1[0m _identify(myarm_ik/kinematics) by extension 'ignore_ament_install'
[1.346s] [34mcolcon.colcon_core.package_identification[0m [1;30mLevel 1[0m _identify(myarm_ik/kinematics) by extensions ['colcon_pkg']
[1.346s] [34mcolcon.colcon_core.package_identification[0m [1;30mLevel 1[0m _identify(myarm_ik/kinematics) by extension 'colcon_pkg'
[1.347s] [34mcolcon.colcon_core.package_identification[0m [1;30mLevel 1[0m _identify(myarm_ik/kinematics) by extensions ['colcon_meta']
[1.348s] [34mcolcon.colcon_core.package_identification[0m [1;30mLevel 1[0m _identify(myarm_ik/kinematics) by extension 'colcon_meta'
[1.349s] [34mcolcon.colcon_core.package_identification[0m [1;30mLevel 1[0m _identify(myarm_ik/kinematics) by extensions ['ros']
[1.349s] [34mcolcon.colcon_core.package_identification[0m [1;30mLevel 1[0m _identify(myarm_ik/kinematics) by extension 'ros'
[1.350s] [34mcolcon.colcon_core.package_identification[0m [1;30mLevel 1[0m _identify(myarm_ik/kinematics) by extensions ['cmake', 'python']
[1.350s] [34mcolcon.colcon_core.package_identification[0m [1;30mLevel 1[0m _identify(myarm_ik/kinematics) by extension 'cmake'
[1.351s] [34mcolcon.colcon_core.package_identification[0m [1;30mLevel 1[0m _identify(myarm_ik/kinematics) by extension 'python'
[1.352s] [34mcolcon.colcon_core.package_identification[0m [1;30mLevel 1[0m _identify(myarm_ik/kinematics) by extensions ['python_setup_py']
[1.352s] [34mcolcon.colcon_core.package_identification[0m [1;30mLevel 1[0m _identify(myarm_ik/kinematics) by extension 'python_setup_py'
[1.354s] [34mcolcon.colcon_core.package_identification[0m [1;30mLevel 1[0m _identify(myarm_ik/kinematics/__pycache__) by extensions ['ignore', 'ignore_ament_install']
[1.354s] [34mcolcon.colcon_core.package_identification[0m [1;30mLevel 1[0m _identify(myarm_ik/kinematics/__pycache__) by extension 'ignore'
[1.355s] [34mcolcon.colcon_core.package_identification[0m [1;30mLevel 1[0m _identify(myarm_ik/kinematics/__pycache__) by extension 'ignore_ament_install'
[1.355s] [34mcolcon.colcon_core.package_identification[0m [1;30mLevel 1[0m _identify(myarm_ik/kinematics/__pycache__) by extensions ['colcon_pkg']
[1.356s] [34mcolcon.colcon_core.package_identification[0m [1;30mLevel 1[0m _identify(myarm_ik/kinematics/__pycache__) by extension 'colcon_pkg'
[1.356s] [34mcolcon.colcon_core.package_identification[0m [1;30mLevel 1[0m _identify(myarm_ik/kinematics/__pycache__) by extensions ['colcon_meta']
[1.357s] [34mcolcon.colcon_core.package_identification[0m [1;30mLevel 1[0m _identify(myarm_ik/kinematics/__pycache__) by extension 'colcon_meta'
[1.357s] [34mcolcon.colcon_core.package_identification[0m [1;30mLevel 1[0m _identify(myarm_ik/kinematics/__pycache__) by extensions ['ros']
[1.357s] [34mcolcon.colcon_core.package_identification[0m [1;30mLevel 1[0m _identify(myarm_ik/kinematics/__pycache__) by extension 'ros'
[1.358s] [34mcolcon.colcon_core.package_identification[0m [1;30mLevel 1[0m _identify(myarm_ik/kinematics/__pycache__) by extensions ['cmake', 'python']
[1.358s] [34mcolcon.colcon_core.package_identification[0m [1;30mLevel 1[0m _identify(myarm_ik/kinematics/__pycache__) by extension 'cmake'
[1.358s] [34mcolcon.colcon_core.package_identification[0m [1;30mLevel 1[0m _identify(myarm_ik/kinematics/__pycache__) by extension 'python'
[1.359s] [34mcolcon.colcon_core.package_identification[0m [1;30mLevel 1[0m _identify(myarm_ik/kinematics/__pycache__) by extensions ['python_setup_py']
[1.359s] [34mcolcon.colcon_core.package_identification[0m [1;30mLevel 1[0m _identify(myarm_ik/kinematics/__pycache__) by extension 'python_setup_py'
[1.360s] [34mcolcon.colcon_core.package_identification[0m [1;30mLevel 1[0m _identify(myarm_ik/kinematics/meshes) by extensions ['ignore', 'ignore_ament_install']
[1.360s] [34mcolcon.colcon_core.package_identification[0m [1;30mLevel 1[0m _identify(myarm_ik/kinematics/meshes) by extension 'ignore'
[1.361s] [34mcolcon.colcon_core.package_identification[0m [1;30mLevel 1[0m _identify(myarm_ik/kinematics/meshes) by extension 'ignore_ament_install'
[1.361s] [34mcolcon.colcon_core.package_identification[0m [1;30mLevel 1[0m _identify(myarm_ik/kinematics/meshes) by extensions ['colcon_pkg']
[1.361s] [34mcolcon.colcon_core.package_identification[0m [1;30mLevel 1[0m _identify(myarm_ik/kinematics/meshes) by extension 'colcon_pkg'
[1.362s] [34mcolcon.colcon_core.package_identification[0m [1;30mLevel 1[0m _identify(myarm_ik/kinematics/meshes) by extensions ['colcon_meta']
[1.362s] [34mcolcon.colcon_core.package_identification[0m [1;30mLevel 1[0m _identify(myarm_ik/kinematics/meshes) by extension 'colcon_meta'
[1.362s] [34mcolcon.colcon_core.package_identification[0m [1;30mLevel 1[0m _identify(myarm_ik/kinematics/meshes) by extensions ['ros']
[1.363s] [34mcolcon.colcon_core.package_identification[0m [1;30mLevel 1[0m _identify(myarm_ik/kinematics/meshes) by extension 'ros'
[1.363s] [34mcolcon.colcon_core.package_identification[0m [1;30mLevel 1[0m _identify(myarm_ik/kinematics/meshes) by extensions ['cmake', 'python']
[1.364s] [34mcolcon.colcon_core.package_identification[0m [1;30mLevel 1[0m _identify(myarm_ik/kinematics/meshes) by extension 'cmake'
[1.364s] [34mcolcon.colcon_core.package_identification[0m [1;30mLevel 1[0m _identify(myarm_ik/kinematics/meshes) by extension 'python'
[1.364s] [34mcolcon.colcon_core.package_identification[0m [1;30mLevel 1[0m _identify(myarm_ik/kinematics/meshes) by extensions ['python_setup_py']
[1.364s] [34mcolcon.colcon_core.package_identification[0m [1;30mLevel 1[0m _identify(myarm_ik/kinematics/meshes) by extension 'python_setup_py'
[1.365s] [34mcolcon.colcon_core.package_identification[0m [1;30mLevel 1[0m _identify(myarm_ik/kinematics/tests) by extensions ['ignore', 'ignore_ament_install']
[1.366s] [34mcolcon.colcon_core.package_identification[0m [1;30mLevel 1[0m _identify(myarm_ik/kinematics/tests) by extension 'ignore'
[1.366s] [34mcolcon.colcon_core.package_identification[0m [1;30mLevel 1[0m _identify(myarm_ik/kinematics/tests) by extension 'ignore_ament_install'
[1.367s] [34mcolcon.colcon_core.package_identification[0m [1;30mLevel 1[0m _identify(myarm_ik/kinematics/tests) by extensions ['colcon_pkg']
[1.368s] [34mcolcon.colcon_core.package_identification[0m [1;30mLevel 1[0m _identify(myarm_ik/kinematics/tests) by extension 'colcon_pkg'
[1.368s] [34mcolcon.colcon_core.package_identification[0m [1;30mLevel 1[0m _identify(myarm_ik/kinematics/tests) by extensions ['colcon_meta']
[1.369s] [34mcolcon.colcon_core.package_identification[0m [1;30mLevel 1[0m _identify(myarm_ik/kinematics/tests) by extension 'colcon_meta'
[1.369s] [34mcolcon.colcon_core.package_identification[0m [1;30mLevel 1[0m _identify(myarm_ik/kinematics/tests) by extensions ['ros']
[1.370s] [34mcolcon.colcon_core.package_identification[0m [1;30mLevel 1[0m _identify(myarm_ik/kinematics/tests) by extension 'ros'
[1.371s] [34mcolcon.colcon_core.package_identification[0m [1;30mLevel 1[0m _identify(myarm_ik/kinematics/tests) by extensions ['cmake', 'python']
[1.371s] [34mcolcon.colcon_core.package_identification[0m [1;30mLevel 1[0m _identify(myarm_ik/kinematics/tests) by extension 'cmake'
[1.372s] [34mcolcon.colcon_core.package_identification[0m [1;30mLevel 1[0m _identify(myarm_ik/kinematics/tests) by extension 'python'
[1.373s] [34mcolcon.colcon_core.package_identification[0m [1;30mLevel 1[0m _identify(myarm_ik/kinematics/tests) by extensions ['python_setup_py']
[1.373s] [34mcolcon.colcon_core.package_identification[0m [1;30mLevel 1[0m _identify(myarm_ik/kinematics/tests) by extension 'python_setup_py'
[1.374s] [34mcolcon.colcon_core.package_identification[0m [1;30mLevel 1[0m _identify(myarm_ik/kinematics/urdf) by extensions ['ignore', 'ignore_ament_install']
[1.374s] [34mcolcon.colcon_core.package_identification[0m [1;30mLevel 1[0m _identify(myarm_ik/kinematics/urdf) by extension 'ignore'
[1.375s] [34mcolcon.colcon_core.package_identification[0m [1;30mLevel 1[0m _identify(myarm_ik/kinematics/urdf) by extension 'ignore_ament_install'
[1.375s] [34mcolcon.colcon_core.package_identification[0m [1;30mLevel 1[0m _identify(myarm_ik/kinematics/urdf) by extensions ['colcon_pkg']
[1.376s] [34mcolcon.colcon_core.package_identification[0m [1;30mLevel 1[0m _identify(myarm_ik/kinematics/urdf) by extension 'colcon_pkg'
[1.376s] [34mcolcon.colcon_core.package_identification[0m [1;30mLevel 1[0m _identify(myarm_ik/kinematics/urdf) by extensions ['colcon_meta']
[1.377s] [34mcolcon.colcon_core.package_identification[0m [1;30mLevel 1[0m _identify(myarm_ik/kinematics/urdf) by extension 'colcon_meta'
[1.377s] [34mcolcon.colcon_core.package_identification[0m [1;30mLevel 1[0m _identify(myarm_ik/kinematics/urdf) by extensions ['ros']
[1.378s] [34mcolcon.colcon_core.package_identification[0m [1;30mLevel 1[0m _identify(myarm_ik/kinematics/urdf) by extension 'ros'
[1.379s] [34mcolcon.colcon_core.package_identification[0m [1;30mLevel 1[0m _identify(myarm_ik/kinematics/urdf) by extensions ['cmake', 'python']
[1.379s] [34mcolcon.colcon_core.package_identification[0m [1;30mLevel 1[0m _identify(myarm_ik/kinematics/urdf) by extension 'cmake'
[1.380s] [34mcolcon.colcon_core.package_identification[0m [1;30mLevel 1[0m _identify(myarm_ik/kinematics/urdf) by extension 'python'
[1.380s] [34mcolcon.colcon_core.package_identification[0m [1;30mLevel 1[0m _identify(myarm_ik/kinematics/urdf) by extensions ['python_setup_py']
[1.381s] [34mcolcon.colcon_core.package_identification[0m [1;30mLevel 1[0m _identify(myarm_ik/kinematics/urdf) by extension 'python_setup_py'
[1.382s] [34mcolcon.colcon_core.package_identification[0m [1;30mLevel 1[0m _identify(src) by extensions ['ignore', 'ignore_ament_install']
[1.383s] [34mcolcon.colcon_core.package_identification[0m [1;30mLevel 1[0m _identify(src) by extension 'ignore'
[1.384s] [34mcolcon.colcon_core.package_identification[0m [1;30mLevel 1[0m _identify(src) by extension 'ignore_ament_install'
[1.384s] [34mcolcon.colcon_core.package_identification[0m [1;30mLevel 1[0m _identify(src) by extensions ['colcon_pkg']
[1.385s] [34mcolcon.colcon_core.package_identification[0m [1;30mLevel 1[0m _identify(src) by extension 'colcon_pkg'
[1.385s] [34mcolcon.colcon_core.package_identification[0m [1;30mLevel 1[0m _identify(src) by extensions ['colcon_meta']
[1.386s] [34mcolcon.colcon_core.package_identification[0m [1;30mLevel 1[0m _identify(src) by extension 'colcon_meta'
[1.386s] [34mcolcon.colcon_core.package_identification[0m [1;30mLevel 1[0m _identify(src) by extensions ['ros']
[1.386s] [34mcolcon.colcon_core.package_identification[0m [1;30mLevel 1[0m _identify(src) by extension 'ros'
[1.388s] [34mcolcon.colcon_core.package_identification[0m [1;30mLevel 1[0m _identify(src) by extensions ['cmake', 'python']
[1.388s] [34mcolcon.colcon_core.package_identification[0m [1;30mLevel 1[0m _identify(src) by extension 'cmake'
[1.389s] [34mcolcon.colcon_core.package_identification[0m [1;30mLevel 1[0m _identify(src) by extension 'python'
[1.389s] [34mcolcon.colcon_core.package_identification[0m [1;30mLevel 1[0m _identify(src) by extensions ['python_setup_py']
[1.390s] [34mcolcon.colcon_core.package_identification[0m [1;30mLevel 1[0m _identify(src) by extension 'python_setup_py'
[1.391s] [34mcolcon.colcon_core.package_identification[0m [1;30mLevel 1[0m _identify(src/build) by extensions ['ignore', 'ignore_ament_install']
[1.392s] [34mcolcon.colcon_core.package_identification[0m [1;30mLevel 1[0m _identify(src/build) by extension 'ignore'
[1.393s] [34mcolcon.colcon_core.package_identification[0m [1;30mLevel 1[0m _identify(src/build) ignored
[1.394s] [34mcolcon.colcon_core.package_identification[0m [1;30mLevel 1[0m _identify(src/install) by extensions ['ignore', 'ignore_ament_install']
[1.394s] [34mcolcon.colcon_core.package_identification[0m [1;30mLevel 1[0m _identify(src/install) by extension 'ignore'
[1.395s] [34mcolcon.colcon_core.package_identification[0m [1;30mLevel 1[0m _identify(src/install) ignored
[1.396s] [34mcolcon.colcon_core.package_identification[0m [1;30mLevel 1[0m _identify(src/log) by extensions ['ignore', 'ignore_ament_install']
[1.397s] [34mcolcon.colcon_core.package_identification[0m [1;30mLevel 1[0m _identify(src/log) by extension 'ignore'
[1.398s] [34mcolcon.colcon_core.package_identification[0m [1;30mLevel 1[0m _identify(src/log) ignored
[1.399s] [34mcolcon.colcon_core.package_identification[0m [1;30mLevel 1[0m _identify(src/myarm_node) by extensions ['ignore', 'ignore_ament_install']
[1.399s] [34mcolcon.colcon_core.package_identification[0m [1;30mLevel 1[0m _identify(src/myarm_node) by extension 'ignore'
[1.400s] [34mcolcon.colcon_core.package_identification[0m [1;30mLevel 1[0m _identify(src/myarm_node) by extension 'ignore_ament_install'
[1.401s] [34mcolcon.colcon_core.package_identification[0m [1;30mLevel 1[0m _identify(src/myarm_node) by extensions ['colcon_pkg']
[1.401s] [34mcolcon.colcon_core.package_identification[0m [1;30mLevel 1[0m _identify(src/myarm_node) by extension 'colcon_pkg'
[1.402s] [34mcolcon.colcon_core.package_identification[0m [1;30mLevel 1[0m _identify(src/myarm_node) by extensions ['colcon_meta']
[1.403s] [34mcolcon.colcon_core.package_identification[0m [1;30mLevel 1[0m _identify(src/myarm_node) by extension 'colcon_meta'
[1.403s] [34mcolcon.colcon_core.package_identification[0m [1;30mLevel 1[0m _identify(src/myarm_node) by extensions ['ros']
[1.404s] [34mcolcon.colcon_core.package_identification[0m [1;30mLevel 1[0m _identify(src/myarm_node) by extension 'ros'
[1.418s] [34mcolcon.colcon_core.package_identification[0m [1;30mDEBUG[0m [32mPackage 'src/myarm_node' with type 'ros.ament_python' and name 'myarm_node'[0m
[1.419s] [34mcolcon.colcon_core.package_discovery[0m [1;30mLevel 1[0m discover_packages(recursive) using defaults
[1.420s] [34mcolcon.colcon_core.package_discovery[0m [1;30mLevel 1[0m discover_packages(ignore) discover
[1.420s] [34mcolcon.colcon_core.package_discovery[0m [1;30mLevel 1[0m discover_packages(ignore) using defaults
[1.421s] [34mcolcon.colcon_core.package_discovery[0m [1;30mLevel 1[0m discover_packages(path) discover
[1.421s] [34mcolcon.colcon_core.package_discovery[0m [1;30mLevel 1[0m discover_packages(path) using defaults
[1.517s] [34mcolcon.colcon_core.package_discovery[0m [1;30mLevel 1[0m discover_packages(prefix_path) check parameters
[1.518s] [34mcolcon.colcon_core.package_discovery[0m [1;30mLevel 1[0m discover_packages(prefix_path) discover
[1.533s] [34mcolcon.colcon_installed_package_information.package_discovery[0m [1;30mDEBUG[0m [32mFound 2 installed packages in /home/er/project3_team5_robotic_systems_1/project3_robotics/install[0m
[1.546s] [34mcolcon.colcon_installed_package_information.package_discovery[0m [1;30mDEBUG[0m [32mFound 271 installed packages in /opt/ros/galactic[0m
[1.555s] [34mcolcon.colcon_core.package_discovery[0m [1;30mLevel 1[0m discover_packages(prefix_path) using defaults
[2.046s] [34mcolcon.colcon_core.verb[0m [1;30mLevel 5[0m set package 'myarm_node' build argument 'cmake_args' from command line to 'None'
[2.046s] [34mcolcon.colcon_core.verb[0m [1;30mLevel 5[0m set package 'myarm_node' build argument 'cmake_target' from command line to 'None'
[2.046s] [34mcolcon.colcon_core.verb[0m [1;30mLevel 5[0m set package 'myarm_node' build argument 'cmake_target_skip_unavailable' from command line to 'False'
[2.047s] [34mcolcon.colcon_core.verb[0m [1;30mLevel 5[0m set package 'myarm_node' build argument 'cmake_clean_cache' from command line to 'False'
[2.047s] [34mcolcon.colcon_core.verb[0m [1;30mLevel 5[0m set package 'myarm_node' build argument 'cmake_clean_first' from command line to 'False'
[2.047s] [34mcolcon.colcon_core.verb[0m [1;30mLevel 5[0m set package 'myarm_node' build argument 'cmake_force_configure' from command line to 'False'
[2.047s] [34mcolcon.colcon_core.verb[0m [1;30mLevel 5[0m set package 'myarm_node' build argument 'ament_cmake_args' from command line to 'None'
[2.047s] [34mcolcon.colcon_core.verb[0m [1;30mLevel 5[0m set package 'myarm_node' build argument 'catkin_cmake_args' from command line to 'None'
[2.048s] [34mcolcon.colcon_core.verb[0m [1;30mLevel 5[0m set package 'myarm_node' build argument 'catkin_skip_building_tests' from command line to 'False'
[2.048s] [34mcolcon.colcon_core.verb[0m [1;30mDEBUG[0m [32mBuilding package 'myarm_node' with the following arguments: {'ament_cmake_args': None, 'build_base': '/home/er/project3_team5_robotic_systems_1/project3_robotics/build/myarm_node', 'catkin_cmake_args': None, 'catkin_skip_building_tests': False, 'cmake_args': None, 'cmake_clean_cache': False, 'cmake_clean_first': False, 'cmake_force_configure': False, 'cmake_target': None, 'cmake_target_skip_unavailable': False, 'install_base': '/home/er/project3_team5_robotic_systems_1/project3_robotics/install/myarm_node', 'merge_install': False, 'path': '/home/er/project3_team5_robotic_systems_1/project3_robotics/src/myarm_node', 'symlink_install': False, 'test_result_base': None}[0m
[2.052s] [34mcolcon.colcon_core.executor[0m [1;30mINFO[0m Executing jobs using 'parallel' executor
[2.073s] [34mcolcon.colcon_parallel_executor.executor.parallel[0m [1;30mDEBUG[0m [32mrun_until_complete[0m
[2.074s] [34mcolcon.colcon_ros.task.ament_python.build[0m [1;30mINFO[0m Building ROS package in '/home/er/project3_team5_robotic_systems_1/project3_robotics/src/myarm_node' with build type 'ament_python'
[2.075s] [34mcolcon.colcon_core.shell[0m [1;30mLevel 1[0m create_environment_hook('myarm_node', 'ament_prefix_path')
[2.099s] [34mcolcon.colcon_core.plugin_system[0m [1;30mINFO[0m Skipping extension 'colcon_core.shell.bat': Not used on non-Windows systems
[2.100s] [34mcolcon.colcon_core.shell[0m [1;30mINFO[0m Creating environment hook '/home/er/project3_team5_robotic_systems_1/project3_robotics/install/myarm_node/share/myarm_node/hook/ament_prefix_path.ps1'
[2.104s] [34mcolcon.colcon_core.shell[0m [1;30mINFO[0m Creating environment descriptor '/home/er/project3_team5_robotic_systems_1/project3_robotics/install/myarm_node/share/myarm_node/hook/ament_prefix_path.dsv'
[2.106s] [34mcolcon.colcon_core.shell[0m [1;30mINFO[0m Creating environment hook '/home/er/project3_team5_robotic_systems_1/project3_robotics/install/myarm_node/share/myarm_node/hook/ament_prefix_path.sh'
[2.117s] [34mcolcon.colcon_core.shell[0m [1;30mINFO[0m Skip shell extension 'powershell' for command environment: Not usable outside of PowerShell
[2.117s] [34mcolcon.colcon_core.shell[0m [1;30mDEBUG[0m [32mSkip shell extension 'dsv' for command environment[0m
[3.732s] [34mcolcon.colcon_core.task.python.build[0m [1;30mINFO[0m Building Python package in '/home/er/project3_team5_robotic_systems_1/project3_robotics/src/myarm_node'
[3.741s] [34mcolcon.colcon_core.shell[0m [1;30mINFO[0m Skip shell extension 'powershell' for command environment: Not usable outside of PowerShell
[3.742s] [34mcolcon.colcon_core.shell[0m [1;30mDEBUG[0m [32mSkip shell extension 'dsv' for command environment[0m
[6.279s] [34mcolcon.colcon_core.event_handler.log_command[0m [1;30mDEBUG[0m [32mInvoking command in '/home/er/project3_team5_robotic_systems_1/project3_robotics/src/myarm_node': PYTHONPATH=/home/er/project3_team5_robotic_systems_1/project3_robotics/install/myarm_node/lib/python3.8/site-packages:${PYTHONPATH} /usr/bin/python3 setup.py egg_info --egg-base ../../build/myarm_node build --build-base /home/er/project3_team5_robotic_systems_1/project3_robotics/build/myarm_node/build install --prefix /home/er/project3_team5_robotic_systems_1/project3_robotics/install/myarm_node --record /home/er/project3_team5_robotic_systems_1/project3_robotics/build/myarm_node/install.log --single-version-externally-managed[0m
[8.262s] [34mcolcon.colcon_core.event_handler.log_command[0m [1;30mDEBUG[0m [32mInvoked command in '/home/er/project3_team5_robotic_systems_1/project3_robotics/src/myarm_node' returned '0': PYTHONPATH=/home/er/project3_team5_robotic_systems_1/project3_robotics/install/myarm_node/lib/python3.8/site-packages:${PYTHONPATH} /usr/bin/python3 setup.py egg_info --egg-base ../../build/myarm_node build --build-base /home/er/project3_team5_robotic_systems_1/project3_robotics/build/myarm_node/build install --prefix /home/er/project3_team5_robotic_systems_1/project3_robotics/install/myarm_node --record /home/er/project3_team5_robotic_systems_1/project3_robotics/build/myarm_node/install.log --single-version-externally-managed[0m
[8.284s] [34mcolcon.colcon_core.environment[0m [1;30mLevel 1[0m checking '/home/er/project3_team5_robotic_systems_1/project3_robotics/install/myarm_node' for CMake module files
[8.287s] [34mcolcon.colcon_core.environment[0m [1;30mLevel 1[0m checking '/home/er/project3_team5_robotic_systems_1/project3_robotics/install/myarm_node' for CMake config files
[8.295s] [34mcolcon.colcon_core.environment[0m [1;30mLevel 1[0m checking '/home/er/project3_team5_robotic_systems_1/project3_robotics/install/myarm_node/lib'
[8.296s] [34mcolcon.colcon_core.environment[0m [1;30mLevel 1[0m checking '/home/er/project3_team5_robotic_systems_1/project3_robotics/install/myarm_node/bin'
[8.296s] [34mcolcon.colcon_core.environment[0m [1;30mLevel 1[0m checking '/home/er/project3_team5_robotic_systems_1/project3_robotics/install/myarm_node/lib/pkgconfig/myarm_node.pc'
[8.298s] [34mcolcon.colcon_core.environment[0m [1;30mLevel 1[0m checking '/home/er/project3_team5_robotic_systems_1/project3_robotics/install/myarm_node/lib/python3.8/site-packages'
[8.298s] [34mcolcon.colcon_core.shell[0m [1;30mLevel 1[0m create_environment_hook('myarm_node', 'pythonpath')
[8.305s] [34mcolcon.colcon_core.shell[0m [1;30mINFO[0m Creating environment hook '/home/er/project3_team5_robotic_systems_1/project3_robotics/install/myarm_node/share/myarm_node/hook/pythonpath.ps1'
[8.308s] [34mcolcon.colcon_core.shell[0m [1;30mINFO[0m Creating environment descriptor '/home/er/project3_team5_robotic_systems_1/project3_robotics/install/myarm_node/share/myarm_node/hook/pythonpath.dsv'
[8.310s] [34mcolcon.colcon_core.shell[0m [1;30mINFO[0m Creating environment hook '/home/er/project3_team5_robotic_systems_1/project3_robotics/install/myarm_node/share/myarm_node/hook/pythonpath.sh'
[8.313s] [34mcolcon.colcon_core.environment[0m [1;30mLevel 1[0m checking '/home/er/project3_team5_robotic_systems_1/project3_robotics/install/myarm_node/bin'
[8.313s] [34mcolcon.colcon_core.environment[0m [1;30mLevel 1[0m create_environment_scripts_only(myarm_node)
[8.320s] [34mcolcon.colcon_core.shell[0m [1;30mINFO[0m Creating package script '/home/er/project3_team5_robotic_systems_1/project3_robotics/install/myarm_node/share/myarm_node/package.ps1'
[8.325s] [34mcolcon.colcon_core.shell[0m [1;30mINFO[0m Creating package descriptor '/home/er/project3_team5_robotic_systems_1/project3_robotics/install/myarm_node/share/myarm_node/package.dsv'
[8.328s] [34mcolcon.colcon_core.shell[0m [1;30mINFO[0m Creating package script '/home/er/project3_team5_robotic_systems_1/project3_robotics/install/myarm_node/share/myarm_node/package.sh'
[8.332s] [34mcolcon.colcon_core.shell[0m [1;30mINFO[0m Creating package script '/home/er/project3_team5_robotic_systems_1/project3_robotics/install/myarm_node/share/myarm_node/package.bash'
[8.338s] [34mcolcon.colcon_core.shell[0m [1;30mINFO[0m Creating package script '/home/er/project3_team5_robotic_systems_1/project3_robotics/install/myarm_node/share/myarm_node/package.zsh'
[8.343s] [34mcolcon.colcon_core.environment[0m [1;30mLevel 1[0m create_file_with_runtime_dependencies(/home/er/project3_team5_robotic_systems_1/project3_robotics/install/myarm_node/share/colcon-core/packages/myarm_node)
[8.344s] [34mcolcon.colcon_parallel_executor.executor.parallel[0m [1;30mDEBUG[0m [32mclosing loop[0m
[8.346s] [34mcolcon.colcon_parallel_executor.executor.parallel[0m [1;30mDEBUG[0m [32mloop closed[0m
[8.347s] [34mcolcon.colcon_parallel_executor.executor.parallel[0m [1;30mDEBUG[0m [32mrun_until_complete finished with '0'[0m
[8.348s] [34mcolcon.colcon_core.event_reactor[0m [1;30mDEBUG[0m [32mjoining thread[0m
[8.383s] [34mcolcon.colcon_core.plugin_system[0m [1;30mINFO[0m Skipping extension 'colcon_notification.desktop_notification.terminal_notifier': Not used on non-Darwin systems
[8.384s] [34mcolcon.colcon_core.plugin_system[0m [1;30mINFO[0m Skipping extension 'colcon_notification.desktop_notification.win32': Not used on non-Windows systems
[8.384s] [34mcolcon.colcon_notification.desktop_notification[0m [1;30mINFO[0m Sending desktop notification using 'notify2'
[8.902s] [34mcolcon.colcon_core.event_reactor[0m [1;30mDEBUG[0m [32mjoined thread[0m
[8.914s] [34mcolcon.colcon_core.shell[0m [1;30mINFO[0m Creating prefix script '/home/er/project3_team5_robotic_systems_1/project3_robotics/install/local_setup.ps1'
[8.920s] [34mcolcon.colcon_core.shell[0m [1;30mINFO[0m Creating prefix util module '/home/er/project3_team5_robotic_systems_1/project3_robotics/install/_local_setup_util_ps1.py'
[8.928s] [34mcolcon.colcon_core.shell[0m [1;30mINFO[0m Creating prefix chain script '/home/er/project3_team5_robotic_systems_1/project3_robotics/install/setup.ps1'
[8.940s] [34mcolcon.colcon_core.shell[0m [1;30mINFO[0m Creating prefix script '/home/er/project3_team5_robotic_systems_1/project3_robotics/install/local_setup.sh'
[8.946s] [34mcolcon.colcon_core.shell[0m [1;30mINFO[0m Creating prefix util module '/home/er/project3_team5_robotic_systems_1/project3_robotics/install/_local_setup_util_sh.py'
[8.950s] [34mcolcon.colcon_core.shell[0m [1;30mINFO[0m Creating prefix chain script '/home/er/project3_team5_robotic_systems_1/project3_robotics/install/setup.sh'
[8.965s] [34mcolcon.colcon_core.shell[0m [1;30mINFO[0m Creating prefix script '/home/er/project3_team5_robotic_systems_1/project3_robotics/install/local_setup.bash'
[8.970s] [34mcolcon.colcon_core.shell[0m [1;30mINFO[0m Creating prefix chain script '/home/er/project3_team5_robotic_systems_1/project3_robotics/install/setup.bash'
[8.984s] [34mcolcon.colcon_core.shell[0m [1;30mINFO[0m Creating prefix script '/home/er/project3_team5_robotic_systems_1/project3_robotics/install/local_setup.zsh'
[8.988s] [34mcolcon.colcon_core.shell[0m [1;30mINFO[0m Creating prefix chain script '/home/er/project3_team5_robotic_systems_1/project3_robotics/install/setup.zsh'
