[3.661s] Invoking command in '/home/er/project3_team5_robotic_systems_1/project3_robotics/src/myarm_node': PYTHONPATH=/home/er/project3_team5_robotic_systems_1/project3_robotics/install/myarm_node/lib/python3.8/site-packages:${PYTHONPATH} /usr/bin/python3 setup.py egg_info --egg-base ../../build/myarm_node build --build-base /home/er/project3_team5_robotic_systems_1/project3_robotics/build/myarm_node/build install --prefix /home/er/project3_team5_robotic_systems_1/project3_robotics/install/myarm_node --record /home/er/project3_team5_robotic_systems_1/project3_robotics/build/myarm_node/install.log --single-version-externally-managed
[4.975s] running egg_info
[4.978s] writing ../../build/myarm_node/myarm_node.egg-info/PKG-INFO
[4.979s] writing dependency_links to ../../build/myarm_node/myarm_node.egg-info/dependency_links.txt
[4.980s] writing entry points to ../../build/myarm_node/myarm_node.egg-info/entry_points.txt
[4.981s] writing requirements to ../../build/myarm_node/myarm_node.egg-info/requires.txt
[4.982s] writing top-level names to ../../build/myarm_node/myarm_node.egg-info/top_level.txt
[5.146s] reading manifest file '../../build/myarm_node/myarm_node.egg-info/SOURCES.txt'
[5.152s] writing manifest file '../../build/myarm_node/myarm_node.egg-info/SOURCES.txt'
[5.153s] running build
[5.153s] running build_py
[5.154s] copying myarm_node/myarm_controller.py -> /home/er/project3_team5_robotic_systems_1/project3_robotics/build/myarm_node/build/lib/myarm_node
[5.161s] running install
[5.163s] running install_lib
[5.169s] copying /home/er/project3_team5_robotic_systems_1/project3_robotics/build/myarm_node/build/lib/myarm_node/myarm_controller.py -> /home/er/project3_team5_robotic_systems_1/project3_robotics/install/myarm_node/lib/python3.8/site-packages/myarm_node
[5.175s] byte-compiling /home/er/project3_team5_robotic_systems_1/project3_robotics/install/myarm_node/lib/python3.8/site-packages/myarm_node/myarm_controller.py to myarm_controller.cpython-38.pyc
[5.186s] running install_data
[5.190s] running install_egg_info
[5.197s] removing '/home/er/project3_team5_robotic_systems_1/project3_robotics/install/myarm_node/lib/python3.8/site-packages/myarm_node-0.0.0-py3.8.egg-info' (and everything under it)
[5.203s] Copying ../../build/myarm_node/myarm_node.egg-info to /home/er/project3_team5_robotic_systems_1/project3_robotics/install/myarm_node/lib/python3.8/site-packages/myarm_node-0.0.0-py3.8.egg-info
[5.214s] running install_scripts
[5.285s] Installing controller script to /home/er/project3_team5_robotic_systems_1/project3_robotics/install/myarm_node/lib/myarm_node
[5.288s] writing list of installed files to '/home/er/project3_team5_robotic_systems_1/project3_robotics/build/myarm_node/install.log'
[5.402s] Invoked command in '/home/er/project3_team5_robotic_systems_1/project3_robotics/src/myarm_node' returned '0': PYTHONPATH=/home/er/project3_team5_robotic_systems_1/project3_robotics/install/myarm_node/lib/python3.8/site-packages:${PYTHONPATH} /usr/bin/python3 setup.py egg_info --egg-base ../../build/myarm_node build --build-base /home/er/project3_team5_robotic_systems_1/project3_robotics/build/myarm_node/build install --prefix /home/er/project3_team5_robotic_systems_1/project3_robotics/install/myarm_node --record /home/er/project3_team5_robotic_systems_1/project3_robotics/build/myarm_node/install.log --single-version-externally-managed
