[5.566s] Invoking command in '/home/er/project3_team5_robotic_systems_1/project3_robotics/src/myarm_node': PYTHONPATH=/home/er/project3_team5_robotic_systems_1/project3_robotics/install/myarm_node/lib/python3.8/site-packages:${PYTHONPATH} /usr/bin/python3 setup.py egg_info --egg-base ../../build/myarm_node build --build-base /home/er/project3_team5_robotic_systems_1/project3_robotics/build/myarm_node/build install --prefix /home/er/project3_team5_robotic_systems_1/project3_robotics/install/myarm_node --record /home/er/project3_team5_robotic_systems_1/project3_robotics/build/myarm_node/install.log --single-version-externally-managed
[7.018s] running egg_info
[7.021s] writing ../../build/myarm_node/myarm_node.egg-info/PKG-INFO
[7.027s] writing dependency_links to ../../build/myarm_node/myarm_node.egg-info/dependency_links.txt
[7.029s] writing entry points to ../../build/myarm_node/myarm_node.egg-info/entry_points.txt
[7.030s] writing requirements to ../../build/myarm_node/myarm_node.egg-info/requires.txt
[7.030s] writing top-level names to ../../build/myarm_node/myarm_node.egg-info/top_level.txt
[7.204s] reading manifest file '../../build/myarm_node/myarm_node.egg-info/SOURCES.txt'
[7.222s] writing manifest file '../../build/myarm_node/myarm_node.egg-info/SOURCES.txt'
[7.224s] running build
[7.225s] running build_py
[7.227s] running install
[7.228s] running install_lib
[7.236s] running install_data
[7.239s] running install_egg_info
[7.248s] removing '/home/er/project3_team5_robotic_systems_1/project3_robotics/install/myarm_node/lib/python3.8/site-packages/myarm_node-0.0.0-py3.8.egg-info' (and everything under it)
[7.250s] Copying ../../build/myarm_node/myarm_node.egg-info to /home/er/project3_team5_robotic_systems_1/project3_robotics/install/myarm_node/lib/python3.8/site-packages/myarm_node-0.0.0-py3.8.egg-info
[7.258s] running install_scripts
[7.372s] Installing controller script to /home/er/project3_team5_robotic_systems_1/project3_robotics/install/myarm_node/lib/myarm_node
[7.379s] writing list of installed files to '/home/er/project3_team5_robotic_systems_1/project3_robotics/build/myarm_node/install.log'
[7.606s] Invoked command in '/home/er/project3_team5_robotic_systems_1/project3_robotics/src/myarm_node' returned '0': PYTHONPATH=/home/er/project3_team5_robotic_systems_1/project3_robotics/install/myarm_node/lib/python3.8/site-packages:${PYTHONPATH} /usr/bin/python3 setup.py egg_info --egg-base ../../build/myarm_node build --build-base /home/er/project3_team5_robotic_systems_1/project3_robotics/build/myarm_node/build install --prefix /home/er/project3_team5_robotic_systems_1/project3_robotics/install/myarm_node --record /home/er/project3_team5_robotic_systems_1/project3_robotics/build/myarm_node/install.log --single-version-externally-managed
