running egg_info
writing ../build/myarm_node/myarm_node.egg-info/PKG-INFO
writing dependency_links to ../build/myarm_node/myarm_node.egg-info/dependency_links.txt
writing entry points to ../build/myarm_node/myarm_node.egg-info/entry_points.txt
writing requirements to ../build/myarm_node/myarm_node.egg-info/requires.txt
writing top-level names to ../build/myarm_node/myarm_node.egg-info/top_level.txt
reading manifest file '../build/myarm_node/myarm_node.egg-info/SOURCES.txt'
writing manifest file '../build/myarm_node/myarm_node.egg-info/SOURCES.txt'
running build
running build_py
copying myarm_node/myarm_controller.py -> /home/er/project3_team5_robotic_systems_1/project3_robotics/src/build/myarm_node/build/lib/myarm_node
copying myarm_node/myarm_utils/fullpose_IK_solve_methods.py -> /home/er/project3_team5_robotic_systems_1/project3_robotics/src/build/myarm_node/build/lib/myarm_node/myarm_utils
copying myarm_node/myarm_utils/poe_ikine.py -> /home/er/project3_team5_robotic_systems_1/project3_robotics/src/build/myarm_node/build/lib/myarm_node/myarm_utils
copying myarm_node/myarm_utils/position_IK_solve_methods.py -> /home/er/project3_team5_robotic_systems_1/project3_robotics/src/build/myarm_node/build/lib/myarm_node/myarm_utils
copying myarm_node/myarm_utils/solve_inv_kine.py -> /home/er/project3_team5_robotic_systems_1/project3_robotics/src/build/myarm_node/build/lib/myarm_node/myarm_utils
creating /home/er/project3_team5_robotic_systems_1/project3_robotics/src/build/myarm_node/build/lib/myarm_node/myarm_utils/QP_solver
copying myarm_node/myarm_utils/QP_solver/general_utils.py -> /home/er/project3_team5_robotic_systems_1/project3_robotics/src/build/myarm_node/build/lib/myarm_node/myarm_utils/QP_solver
copying myarm_node/myarm_utils/QP_solver/__init__.py -> /home/er/project3_team5_robotic_systems_1/project3_robotics/src/build/myarm_node/build/lib/myarm_node/myarm_utils/QP_solver
copying myarm_node/myarm_utils/QP_solver/QP.py -> /home/er/project3_team5_robotic_systems_1/project3_robotics/src/build/myarm_node/build/lib/myarm_node/myarm_utils/QP_solver
running install
running install_lib
copying /home/er/project3_team5_robotic_systems_1/project3_robotics/src/build/myarm_node/build/lib/myarm_node/myarm_controller.py -> /home/er/project3_team5_robotic_systems_1/project3_robotics/src/install/myarm_node/lib/python3.8/site-packages/myarm_node
copying /home/er/project3_team5_robotic_systems_1/project3_robotics/src/build/myarm_node/build/lib/myarm_node/myarm_utils/fullpose_IK_solve_methods.py -> /home/er/project3_team5_robotic_systems_1/project3_robotics/src/install/myarm_node/lib/python3.8/site-packages/myarm_node/myarm_utils
creating /home/er/project3_team5_robotic_systems_1/project3_robotics/src/install/myarm_node/lib/python3.8/site-packages/myarm_node/myarm_utils/QP_solver
copying /home/er/project3_team5_robotic_systems_1/project3_robotics/src/build/myarm_node/build/lib/myarm_node/myarm_utils/QP_solver/general_utils.py -> /home/er/project3_team5_robotic_systems_1/project3_robotics/src/install/myarm_node/lib/python3.8/site-packages/myarm_node/myarm_utils/QP_solver
copying /home/er/project3_team5_robotic_systems_1/project3_robotics/src/build/myarm_node/build/lib/myarm_node/myarm_utils/QP_solver/__init__.py -> /home/er/project3_team5_robotic_systems_1/project3_robotics/src/install/myarm_node/lib/python3.8/site-packages/myarm_node/myarm_utils/QP_solver
copying /home/er/project3_team5_robotic_systems_1/project3_robotics/src/build/myarm_node/build/lib/myarm_node/myarm_utils/QP_solver/QP.py -> /home/er/project3_team5_robotic_systems_1/project3_robotics/src/install/myarm_node/lib/python3.8/site-packages/myarm_node/myarm_utils/QP_solver
copying /home/er/project3_team5_robotic_systems_1/project3_robotics/src/build/myarm_node/build/lib/myarm_node/myarm_utils/poe_ikine.py -> /home/er/project3_team5_robotic_systems_1/project3_robotics/src/install/myarm_node/lib/python3.8/site-packages/myarm_node/myarm_utils
copying /home/er/project3_team5_robotic_systems_1/project3_robotics/src/build/myarm_node/build/lib/myarm_node/myarm_utils/SE3_utils.py -> /home/er/project3_team5_robotic_systems_1/project3_robotics/src/install/myarm_node/lib/python3.8/site-packages/myarm_node/myarm_utils
copying /home/er/project3_team5_robotic_systems_1/project3_robotics/src/build/myarm_node/build/lib/myarm_node/myarm_utils/position_IK_solve_methods.py -> /home/er/project3_team5_robotic_systems_1/project3_robotics/src/install/myarm_node/lib/python3.8/site-packages/myarm_node/myarm_utils
copying /home/er/project3_team5_robotic_systems_1/project3_robotics/src/build/myarm_node/build/lib/myarm_node/myarm_utils/solve_inv_kine.py -> /home/er/project3_team5_robotic_systems_1/project3_robotics/src/install/myarm_node/lib/python3.8/site-packages/myarm_node/myarm_utils
byte-compiling /home/er/project3_team5_robotic_systems_1/project3_robotics/src/install/myarm_node/lib/python3.8/site-packages/myarm_node/myarm_controller.py to myarm_controller.cpython-38.pyc
byte-compiling /home/er/project3_team5_robotic_systems_1/project3_robotics/src/install/myarm_node/lib/python3.8/site-packages/myarm_node/myarm_utils/fullpose_IK_solve_methods.py to fullpose_IK_solve_methods.cpython-38.pyc
byte-compiling /home/er/project3_team5_robotic_systems_1/project3_robotics/src/install/myarm_node/lib/python3.8/site-packages/myarm_node/myarm_utils/QP_solver/general_utils.py to general_utils.cpython-38.pyc
byte-compiling /home/er/project3_team5_robotic_systems_1/project3_robotics/src/install/myarm_node/lib/python3.8/site-packages/myarm_node/myarm_utils/QP_solver/__init__.py to __init__.cpython-38.pyc
byte-compiling /home/er/project3_team5_robotic_systems_1/project3_robotics/src/install/myarm_node/lib/python3.8/site-packages/myarm_node/myarm_utils/QP_solver/QP.py to QP.cpython-38.pyc
byte-compiling /home/er/project3_team5_robotic_systems_1/project3_robotics/src/install/myarm_node/lib/python3.8/site-packages/myarm_node/myarm_utils/poe_ikine.py to poe_ikine.cpython-38.pyc
byte-compiling /home/er/project3_team5_robotic_systems_1/project3_robotics/src/install/myarm_node/lib/python3.8/site-packages/myarm_node/myarm_utils/SE3_utils.py to SE3_utils.cpython-38.pyc
byte-compiling /home/er/project3_team5_robotic_systems_1/project3_robotics/src/install/myarm_node/lib/python3.8/site-packages/myarm_node/myarm_utils/position_IK_solve_methods.py to position_IK_solve_methods.cpython-38.pyc
byte-compiling /home/er/project3_team5_robotic_systems_1/project3_robotics/src/install/myarm_node/lib/python3.8/site-packages/myarm_node/myarm_utils/solve_inv_kine.py to solve_inv_kine.cpython-38.pyc
running install_data
running install_egg_info
removing '/home/er/project3_team5_robotic_systems_1/project3_robotics/src/install/myarm_node/lib/python3.8/site-packages/myarm_node-0.0.0-py3.8.egg-info' (and everything under it)
Copying ../build/myarm_node/myarm_node.egg-info to /home/er/project3_team5_robotic_systems_1/project3_robotics/src/install/myarm_node/lib/python3.8/site-packages/myarm_node-0.0.0-py3.8.egg-info
running install_scripts
Installing controller script to /home/er/project3_team5_robotic_systems_1/project3_robotics/src/install/myarm_node/lib/myarm_node
writing list of installed files to '/home/er/project3_team5_robotic_systems_1/project3_robotics/src/build/myarm_node/install.log'
