[0.884s] [34mcolcon[0m [1;30mDEBUG[0m [32mCommand line arguments: ['/usr/bin/colcon', 'build'][0m
[0.885s] [34mcolcon[0m [1;30mDEBUG[0m [32mParsed command line arguments: Namespace(allow_overriding=[], ament_cmake_args=None, base_paths=['.'], build_base='build', catkin_cmake_args=None, catkin_skip_building_tests=False, cmake_args=None, cmake_clean_cache=False, cmake_clean_first=False, cmake_force_configure=False, cmake_target=None, cmake_target_skip_unavailable=False, continue_on_error=False, event_handlers=None, executor='parallel', ignore_user_meta=False, install_base='install', log_base=None, log_level=None, main=<bound method BuildVerb.main of <colcon_core.verb.build.BuildVerb object at 0xffff8d495580>>, merge_install=False, metas=['./colcon.meta'], packages_above=None, packages_above_and_dependencies=None, packages_above_depth=None, packages_end=None, packages_ignore=None, packages_ignore_regex=None, packages_select=None, packages_select_build_failed=False, packages_select_by_dep=None, packages_select_regex=None, packages_select_test_failures=False, packages_skip=None, packages_skip_build_finished=False, packages_skip_by_dep=None, packages_skip_regex=None, packages_skip_test_passed=False, packages_skip_up_to=None, packages_start=None, packages_up_to=None, packages_up_to_regex=None, parallel_workers=4, paths=None, symlink_install=False, test_result_base=None, verb_extension=<colcon_core.verb.build.BuildVerb object at 0xffff8d495580>, verb_name='build', verb_parser=<colcon_defaults.argument_parser.defaults.DefaultArgumentsDecorator object at 0xffff8d495ac0>)[0m
[0.991s] [34mcolcon.colcon_core.package_discovery[0m [1;30mLevel 1[0m discover_packages(colcon_meta) check parameters
[0.992s] [34mcolcon.colcon_core.package_discovery[0m [1;30mLevel 1[0m discover_packages(recursive) check parameters
[0.992s] [34mcolcon.colcon_core.package_discovery[0m [1;30mLevel 1[0m discover_packages(ignore) check parameters
[0.992s] [34mcolcon.colcon_core.package_discovery[0m [1;30mLevel 1[0m discover_packages(path) check parameters
[0.992s] [34mcolcon.colcon_core.package_discovery[0m [1;30mLevel 1[0m discover_packages(colcon_meta) discover
[0.993s] [34mcolcon.colcon_core.package_discovery[0m [1;30mLevel 1[0m discover_packages(recursive) discover
[0.993s] [34mcolcon.colcon_core.package_discovery[0m [1;30mINFO[0m Crawling recursively for packages in '/home/er/project3_team5_robotic_systems_1/project3_robotics'
[0.994s] [34mcolcon.colcon_core.package_identification[0m [1;30mLevel 1[0m _identify(.) by extensions ['ignore', 'ignore_ament_install']
[0.994s] [34mcolcon.colcon_core.package_identification[0m [1;30mLevel 1[0m _identify(.) by extension 'ignore'
[0.994s] [34mcolcon.colcon_core.package_identification[0m [1;30mLevel 1[0m _identify(.) by extension 'ignore_ament_install'
[0.995s] [34mcolcon.colcon_core.package_identification[0m [1;30mLevel 1[0m _identify(.) by extensions ['colcon_pkg']
[0.995s] [34mcolcon.colcon_core.package_identification[0m [1;30mLevel 1[0m _identify(.) by extension 'colcon_pkg'
[0.995s] [34mcolcon.colcon_core.package_identification[0m [1;30mLevel 1[0m _identify(.) by extensions ['colcon_meta']
[0.995s] [34mcolcon.colcon_core.package_identification[0m [1;30mLevel 1[0m _identify(.) by extension 'colcon_meta'
[0.996s] [34mcolcon.colcon_core.package_identification[0m [1;30mLevel 1[0m _identify(.) by extensions ['ros']
[0.996s] [34mcolcon.colcon_core.package_identification[0m [1;30mLevel 1[0m _identify(.) by extension 'ros'
[1.087s] [34mcolcon.colcon_core.package_identification[0m [1;30mLevel 1[0m _identify(.) by extensions ['cmake', 'python']
[1.087s] [34mcolcon.colcon_core.package_identification[0m [1;30mLevel 1[0m _identify(.) by extension 'cmake'
[1.087s] [34mcolcon.colcon_core.package_identification[0m [1;30mLevel 1[0m _identify(.) by extension 'python'
[1.088s] [34mcolcon.colcon_core.package_identification[0m [1;30mLevel 1[0m _identify(.) by extensions ['python_setup_py']
[1.088s] [34mcolcon.colcon_core.package_identification[0m [1;30mLevel 1[0m _identify(.) by extension 'python_setup_py'
[1.089s] [34mcolcon.colcon_core.package_identification[0m [1;30mLevel 1[0m _identify(assets) by extensions ['ignore', 'ignore_ament_install']
[1.089s] [34mcolcon.colcon_core.package_identification[0m [1;30mLevel 1[0m _identify(assets) by extension 'ignore'
[1.090s] [34mcolcon.colcon_core.package_identification[0m [1;30mLevel 1[0m _identify(assets) by extension 'ignore_ament_install'
[1.090s] [34mcolcon.colcon_core.package_identification[0m [1;30mLevel 1[0m _identify(assets) by extensions ['colcon_pkg']
[1.090s] [34mcolcon.colcon_core.package_identification[0m [1;30mLevel 1[0m _identify(assets) by extension 'colcon_pkg'
[1.090s] [34mcolcon.colcon_core.package_identification[0m [1;30mLevel 1[0m _identify(assets) by extensions ['colcon_meta']
[1.090s] [34mcolcon.colcon_core.package_identification[0m [1;30mLevel 1[0m _identify(assets) by extension 'colcon_meta'
[1.091s] [34mcolcon.colcon_core.package_identification[0m [1;30mLevel 1[0m _identify(assets) by extensions ['ros']
[1.091s] [34mcolcon.colcon_core.package_identification[0m [1;30mLevel 1[0m _identify(assets) by extension 'ros'
[1.091s] [34mcolcon.colcon_core.package_identification[0m [1;30mLevel 1[0m _identify(assets) by extensions ['cmake', 'python']
[1.092s] [34mcolcon.colcon_core.package_identification[0m [1;30mLevel 1[0m _identify(assets) by extension 'cmake'
[1.092s] [34mcolcon.colcon_core.package_identification[0m [1;30mLevel 1[0m _identify(assets) by extension 'python'
[1.092s] [34mcolcon.colcon_core.package_identification[0m [1;30mLevel 1[0m _identify(assets) by extensions ['python_setup_py']
[1.092s] [34mcolcon.colcon_core.package_identification[0m [1;30mLevel 1[0m _identify(assets) by extension 'python_setup_py'
[1.093s] [34mcolcon.colcon_core.package_identification[0m [1;30mLevel 1[0m _identify(assets/camera) by extensions ['ignore', 'ignore_ament_install']
[1.093s] [34mcolcon.colcon_core.package_identification[0m [1;30mLevel 1[0m _identify(assets/camera) by extension 'ignore'
[1.094s] [34mcolcon.colcon_core.package_identification[0m [1;30mLevel 1[0m _identify(assets/camera) by extension 'ignore_ament_install'
[1.094s] [34mcolcon.colcon_core.package_identification[0m [1;30mLevel 1[0m _identify(assets/camera) by extensions ['colcon_pkg']
[1.094s] [34mcolcon.colcon_core.package_identification[0m [1;30mLevel 1[0m _identify(assets/camera) by extension 'colcon_pkg'
[1.094s] [34mcolcon.colcon_core.package_identification[0m [1;30mLevel 1[0m _identify(assets/camera) by extensions ['colcon_meta']
[1.095s] [34mcolcon.colcon_core.package_identification[0m [1;30mLevel 1[0m _identify(assets/camera) by extension 'colcon_meta'
[1.095s] [34mcolcon.colcon_core.package_identification[0m [1;30mLevel 1[0m _identify(assets/camera) by extensions ['ros']
[1.095s] [34mcolcon.colcon_core.package_identification[0m [1;30mLevel 1[0m _identify(assets/camera) by extension 'ros'
[1.095s] [34mcolcon.colcon_core.package_identification[0m [1;30mLevel 1[0m _identify(assets/camera) by extensions ['cmake', 'python']
[1.096s] [34mcolcon.colcon_core.package_identification[0m [1;30mLevel 1[0m _identify(assets/camera) by extension 'cmake'
[1.096s] [34mcolcon.colcon_core.package_identification[0m [1;30mLevel 1[0m _identify(assets/camera) by extension 'python'
[1.096s] [34mcolcon.colcon_core.package_identification[0m [1;30mLevel 1[0m _identify(assets/camera) by extensions ['python_setup_py']
[1.096s] [34mcolcon.colcon_core.package_identification[0m [1;30mLevel 1[0m _identify(assets/camera) by extension 'python_setup_py'
[1.097s] [34mcolcon.colcon_core.package_identification[0m [1;30mLevel 1[0m _identify(assets/myarm) by extensions ['ignore', 'ignore_ament_install']
[1.097s] [34mcolcon.colcon_core.package_identification[0m [1;30mLevel 1[0m _identify(assets/myarm) by extension 'ignore'
[1.098s] [34mcolcon.colcon_core.package_identification[0m [1;30mLevel 1[0m _identify(assets/myarm) by extension 'ignore_ament_install'
[1.098s] [34mcolcon.colcon_core.package_identification[0m [1;30mLevel 1[0m _identify(assets/myarm) by extensions ['colcon_pkg']
[1.098s] [34mcolcon.colcon_core.package_identification[0m [1;30mLevel 1[0m _identify(assets/myarm) by extension 'colcon_pkg'
[1.099s] [34mcolcon.colcon_core.package_identification[0m [1;30mLevel 1[0m _identify(assets/myarm) by extensions ['colcon_meta']
[1.099s] [34mcolcon.colcon_core.package_identification[0m [1;30mLevel 1[0m _identify(assets/myarm) by extension 'colcon_meta'
[1.099s] [34mcolcon.colcon_core.package_identification[0m [1;30mLevel 1[0m _identify(assets/myarm) by extensions ['ros']
[1.099s] [34mcolcon.colcon_core.package_identification[0m [1;30mLevel 1[0m _identify(assets/myarm) by extension 'ros'
[1.100s] [34mcolcon.colcon_core.package_identification[0m [1;30mLevel 1[0m _identify(assets/myarm) by extensions ['cmake', 'python']
[1.100s] [34mcolcon.colcon_core.package_identification[0m [1;30mLevel 1[0m _identify(assets/myarm) by extension 'cmake'
[1.100s] [34mcolcon.colcon_core.package_identification[0m [1;30mLevel 1[0m _identify(assets/myarm) by extension 'python'
[1.100s] [34mcolcon.colcon_core.package_identification[0m [1;30mLevel 1[0m _identify(assets/myarm) by extensions ['python_setup_py']
[1.101s] [34mcolcon.colcon_core.package_identification[0m [1;30mLevel 1[0m _identify(assets/myarm) by extension 'python_setup_py'
[1.101s] [34mcolcon.colcon_core.package_identification[0m [1;30mLevel 1[0m _identify(assets/myarm/meshes) by extensions ['ignore', 'ignore_ament_install']
[1.102s] [34mcolcon.colcon_core.package_identification[0m [1;30mLevel 1[0m _identify(assets/myarm/meshes) by extension 'ignore'
[1.102s] [34mcolcon.colcon_core.package_identification[0m [1;30mLevel 1[0m _identify(assets/myarm/meshes) by extension 'ignore_ament_install'
[1.102s] [34mcolcon.colcon_core.package_identification[0m [1;30mLevel 1[0m _identify(assets/myarm/meshes) by extensions ['colcon_pkg']
[1.103s] [34mcolcon.colcon_core.package_identification[0m [1;30mLevel 1[0m _identify(assets/myarm/meshes) by extension 'colcon_pkg'
[1.103s] [34mcolcon.colcon_core.package_identification[0m [1;30mLevel 1[0m _identify(assets/myarm/meshes) by extensions ['colcon_meta']
[1.103s] [34mcolcon.colcon_core.package_identification[0m [1;30mLevel 1[0m _identify(assets/myarm/meshes) by extension 'colcon_meta'
[1.103s] [34mcolcon.colcon_core.package_identification[0m [1;30mLevel 1[0m _identify(assets/myarm/meshes) by extensions ['ros']
[1.104s] [34mcolcon.colcon_core.package_identification[0m [1;30mLevel 1[0m _identify(assets/myarm/meshes) by extension 'ros'
[1.104s] [34mcolcon.colcon_core.package_identification[0m [1;30mLevel 1[0m _identify(assets/myarm/meshes) by extensions ['cmake', 'python']
[1.104s] [34mcolcon.colcon_core.package_identification[0m [1;30mLevel 1[0m _identify(assets/myarm/meshes) by extension 'cmake'
[1.104s] [34mcolcon.colcon_core.package_identification[0m [1;30mLevel 1[0m _identify(assets/myarm/meshes) by extension 'python'
[1.105s] [34mcolcon.colcon_core.package_identification[0m [1;30mLevel 1[0m _identify(assets/myarm/meshes) by extensions ['python_setup_py']
[1.105s] [34mcolcon.colcon_core.package_identification[0m [1;30mLevel 1[0m _identify(assets/myarm/meshes) by extension 'python_setup_py'
[1.105s] [34mcolcon.colcon_core.package_identification[0m [1;30mLevel 1[0m _identify(assets/myarm/urdf) by extensions ['ignore', 'ignore_ament_install']
[1.106s] [34mcolcon.colcon_core.package_identification[0m [1;30mLevel 1[0m _identify(assets/myarm/urdf) by extension 'ignore'
[1.106s] [34mcolcon.colcon_core.package_identification[0m [1;30mLevel 1[0m _identify(assets/myarm/urdf) by extension 'ignore_ament_install'
[1.107s] [34mcolcon.colcon_core.package_identification[0m [1;30mLevel 1[0m _identify(assets/myarm/urdf) by extensions ['colcon_pkg']
[1.107s] [34mcolcon.colcon_core.package_identification[0m [1;30mLevel 1[0m _identify(assets/myarm/urdf) by extension 'colcon_pkg'
[1.107s] [34mcolcon.colcon_core.package_identification[0m [1;30mLevel 1[0m _identify(assets/myarm/urdf) by extensions ['colcon_meta']
[1.107s] [34mcolcon.colcon_core.package_identification[0m [1;30mLevel 1[0m _identify(assets/myarm/urdf) by extension 'colcon_meta'
[1.108s] [34mcolcon.colcon_core.package_identification[0m [1;30mLevel 1[0m _identify(assets/myarm/urdf) by extensions ['ros']
[1.108s] [34mcolcon.colcon_core.package_identification[0m [1;30mLevel 1[0m _identify(assets/myarm/urdf) by extension 'ros'
[1.108s] [34mcolcon.colcon_core.package_identification[0m [1;30mLevel 1[0m _identify(assets/myarm/urdf) by extensions ['cmake', 'python']
[1.108s] [34mcolcon.colcon_core.package_identification[0m [1;30mLevel 1[0m _identify(assets/myarm/urdf) by extension 'cmake'
[1.109s] [34mcolcon.colcon_core.package_identification[0m [1;30mLevel 1[0m _identify(assets/myarm/urdf) by extension 'python'
[1.109s] [34mcolcon.colcon_core.package_identification[0m [1;30mLevel 1[0m _identify(assets/myarm/urdf) by extensions ['python_setup_py']
[1.109s] [34mcolcon.colcon_core.package_identification[0m [1;30mLevel 1[0m _identify(assets/myarm/urdf) by extension 'python_setup_py'
[1.110s] [34mcolcon.colcon_core.package_identification[0m [1;30mLevel 1[0m _identify(build) by extensions ['ignore', 'ignore_ament_install']
[1.110s] [34mcolcon.colcon_core.package_identification[0m [1;30mLevel 1[0m _identify(build) by extension 'ignore'
[1.110s] [34mcolcon.colcon_core.package_identification[0m [1;30mLevel 1[0m _identify(build) ignored
[1.111s] [34mcolcon.colcon_core.package_identification[0m [1;30mLevel 1[0m _identify(install) by extensions ['ignore', 'ignore_ament_install']
[1.112s] [34mcolcon.colcon_core.package_identification[0m [1;30mLevel 1[0m _identify(install) by extension 'ignore'
[1.112s] [34mcolcon.colcon_core.package_identification[0m [1;30mLevel 1[0m _identify(install) ignored
[1.113s] [34mcolcon.colcon_core.package_identification[0m [1;30mLevel 1[0m _identify(log) by extensions ['ignore', 'ignore_ament_install']
[1.113s] [34mcolcon.colcon_core.package_identification[0m [1;30mLevel 1[0m _identify(log) by extension 'ignore'
[1.114s] [34mcolcon.colcon_core.package_identification[0m [1;30mLevel 1[0m _identify(log) ignored
[1.114s] [34mcolcon.colcon_core.package_identification[0m [1;30mLevel 1[0m _identify(src) by extensions ['ignore', 'ignore_ament_install']
[1.115s] [34mcolcon.colcon_core.package_identification[0m [1;30mLevel 1[0m _identify(src) by extension 'ignore'
[1.115s] [34mcolcon.colcon_core.package_identification[0m [1;30mLevel 1[0m _identify(src) by extension 'ignore_ament_install'
[1.115s] [34mcolcon.colcon_core.package_identification[0m [1;30mLevel 1[0m _identify(src) by extensions ['colcon_pkg']
[1.115s] [34mcolcon.colcon_core.package_identification[0m [1;30mLevel 1[0m _identify(src) by extension 'colcon_pkg'
[1.116s] [34mcolcon.colcon_core.package_identification[0m [1;30mLevel 1[0m _identify(src) by extensions ['colcon_meta']
[1.116s] [34mcolcon.colcon_core.package_identification[0m [1;30mLevel 1[0m _identify(src) by extension 'colcon_meta'
[1.116s] [34mcolcon.colcon_core.package_identification[0m [1;30mLevel 1[0m _identify(src) by extensions ['ros']
[1.116s] [34mcolcon.colcon_core.package_identification[0m [1;30mLevel 1[0m _identify(src) by extension 'ros'
[1.117s] [34mcolcon.colcon_core.package_identification[0m [1;30mLevel 1[0m _identify(src) by extensions ['cmake', 'python']
[1.117s] [34mcolcon.colcon_core.package_identification[0m [1;30mLevel 1[0m _identify(src) by extension 'cmake'
[1.117s] [34mcolcon.colcon_core.package_identification[0m [1;30mLevel 1[0m _identify(src) by extension 'python'
[1.117s] [34mcolcon.colcon_core.package_identification[0m [1;30mLevel 1[0m _identify(src) by extensions ['python_setup_py']
[1.118s] [34mcolcon.colcon_core.package_identification[0m [1;30mLevel 1[0m _identify(src) by extension 'python_setup_py'
[1.118s] [34mcolcon.colcon_core.package_identification[0m [1;30mLevel 1[0m _identify(src/build) by extensions ['ignore', 'ignore_ament_install']
[1.119s] [34mcolcon.colcon_core.package_identification[0m [1;30mLevel 1[0m _identify(src/build) by extension 'ignore'
[1.119s] [34mcolcon.colcon_core.package_identification[0m [1;30mLevel 1[0m _identify(src/build) ignored
[1.120s] [34mcolcon.colcon_core.package_identification[0m [1;30mLevel 1[0m _identify(src/install) by extensions ['ignore', 'ignore_ament_install']
[1.120s] [34mcolcon.colcon_core.package_identification[0m [1;30mLevel 1[0m _identify(src/install) by extension 'ignore'
[1.120s] [34mcolcon.colcon_core.package_identification[0m [1;30mLevel 1[0m _identify(src/install) ignored
[1.121s] [34mcolcon.colcon_core.package_identification[0m [1;30mLevel 1[0m _identify(src/log) by extensions ['ignore', 'ignore_ament_install']
[1.121s] [34mcolcon.colcon_core.package_identification[0m [1;30mLevel 1[0m _identify(src/log) by extension 'ignore'
[1.122s] [34mcolcon.colcon_core.package_identification[0m [1;30mLevel 1[0m _identify(src/log) ignored
[1.122s] [34mcolcon.colcon_core.package_identification[0m [1;30mLevel 1[0m _identify(src/myarm_node) by extensions ['ignore', 'ignore_ament_install']
[1.123s] [34mcolcon.colcon_core.package_identification[0m [1;30mLevel 1[0m _identify(src/myarm_node) by extension 'ignore'
[1.124s] [34mcolcon.colcon_core.package_identification[0m [1;30mLevel 1[0m _identify(src/myarm_node) by extension 'ignore_ament_install'
[1.124s] [34mcolcon.colcon_core.package_identification[0m [1;30mLevel 1[0m _identify(src/myarm_node) by extensions ['colcon_pkg']
[1.125s] [34mcolcon.colcon_core.package_identification[0m [1;30mLevel 1[0m _identify(src/myarm_node) by extension 'colcon_pkg'
[1.125s] [34mcolcon.colcon_core.package_identification[0m [1;30mLevel 1[0m _identify(src/myarm_node) by extensions ['colcon_meta']
[1.125s] [34mcolcon.colcon_core.package_identification[0m [1;30mLevel 1[0m _identify(src/myarm_node) by extension 'colcon_meta'
[1.126s] [34mcolcon.colcon_core.package_identification[0m [1;30mLevel 1[0m _identify(src/myarm_node) by extensions ['ros']
[1.126s] [34mcolcon.colcon_core.package_identification[0m [1;30mLevel 1[0m _identify(src/myarm_node) by extension 'ros'
[1.136s] [34mcolcon.colcon_core.package_identification[0m [1;30mDEBUG[0m [32mPackage 'src/myarm_node' with type 'ros.ament_python' and name 'myarm_node'[0m
[1.137s] [34mcolcon.colcon_core.package_discovery[0m [1;30mLevel 1[0m discover_packages(recursive) using defaults
[1.137s] [34mcolcon.colcon_core.package_discovery[0m [1;30mLevel 1[0m discover_packages(ignore) discover
[1.137s] [34mcolcon.colcon_core.package_discovery[0m [1;30mLevel 1[0m discover_packages(ignore) using defaults
[1.137s] [34mcolcon.colcon_core.package_discovery[0m [1;30mLevel 1[0m discover_packages(path) discover
[1.137s] [34mcolcon.colcon_core.package_discovery[0m [1;30mLevel 1[0m discover_packages(path) using defaults
[1.226s] [34mcolcon.colcon_core.package_discovery[0m [1;30mLevel 1[0m discover_packages(prefix_path) check parameters
[1.226s] [34mcolcon.colcon_core.package_discovery[0m [1;30mLevel 1[0m discover_packages(prefix_path) discover
[1.241s] [34mcolcon.colcon_installed_package_information.package_discovery[0m [1;30mDEBUG[0m [32mFound 2 installed packages in /home/er/project3_team5_robotic_systems_1/project3_robotics/install[0m
[1.254s] [34mcolcon.colcon_installed_package_information.package_discovery[0m [1;30mDEBUG[0m [32mFound 271 installed packages in /opt/ros/galactic[0m
[1.262s] [34mcolcon.colcon_core.package_discovery[0m [1;30mLevel 1[0m discover_packages(prefix_path) using defaults
[1.661s] [34mcolcon.colcon_core.verb[0m [1;30mLevel 5[0m set package 'myarm_node' build argument 'cmake_args' from command line to 'None'
[1.662s] [34mcolcon.colcon_core.verb[0m [1;30mLevel 5[0m set package 'myarm_node' build argument 'cmake_target' from command line to 'None'
[1.662s] [34mcolcon.colcon_core.verb[0m [1;30mLevel 5[0m set package 'myarm_node' build argument 'cmake_target_skip_unavailable' from command line to 'False'
[1.662s] [34mcolcon.colcon_core.verb[0m [1;30mLevel 5[0m set package 'myarm_node' build argument 'cmake_clean_cache' from command line to 'False'
[1.662s] [34mcolcon.colcon_core.verb[0m [1;30mLevel 5[0m set package 'myarm_node' build argument 'cmake_clean_first' from command line to 'False'
[1.663s] [34mcolcon.colcon_core.verb[0m [1;30mLevel 5[0m set package 'myarm_node' build argument 'cmake_force_configure' from command line to 'False'
[1.663s] [34mcolcon.colcon_core.verb[0m [1;30mLevel 5[0m set package 'myarm_node' build argument 'ament_cmake_args' from command line to 'None'
[1.663s] [34mcolcon.colcon_core.verb[0m [1;30mLevel 5[0m set package 'myarm_node' build argument 'catkin_cmake_args' from command line to 'None'
[1.663s] [34mcolcon.colcon_core.verb[0m [1;30mLevel 5[0m set package 'myarm_node' build argument 'catkin_skip_building_tests' from command line to 'False'
[1.663s] [34mcolcon.colcon_core.verb[0m [1;30mDEBUG[0m [32mBuilding package 'myarm_node' with the following arguments: {'ament_cmake_args': None, 'build_base': '/home/er/project3_team5_robotic_systems_1/project3_robotics/build/myarm_node', 'catkin_cmake_args': None, 'catkin_skip_building_tests': False, 'cmake_args': None, 'cmake_clean_cache': False, 'cmake_clean_first': False, 'cmake_force_configure': False, 'cmake_target': None, 'cmake_target_skip_unavailable': False, 'install_base': '/home/er/project3_team5_robotic_systems_1/project3_robotics/install/myarm_node', 'merge_install': False, 'path': '/home/er/project3_team5_robotic_systems_1/project3_robotics/src/myarm_node', 'symlink_install': False, 'test_result_base': None}[0m
[1.667s] [34mcolcon.colcon_core.executor[0m [1;30mINFO[0m Executing jobs using 'parallel' executor
[1.687s] [34mcolcon.colcon_parallel_executor.executor.parallel[0m [1;30mDEBUG[0m [32mrun_until_complete[0m
[1.689s] [34mcolcon.colcon_ros.task.ament_python.build[0m [1;30mINFO[0m Building ROS package in '/home/er/project3_team5_robotic_systems_1/project3_robotics/src/myarm_node' with build type 'ament_python'
[1.690s] [34mcolcon.colcon_core.shell[0m [1;30mLevel 1[0m create_environment_hook('myarm_node', 'ament_prefix_path')
[1.711s] [34mcolcon.colcon_core.plugin_system[0m [1;30mINFO[0m Skipping extension 'colcon_core.shell.bat': Not used on non-Windows systems
[1.712s] [34mcolcon.colcon_core.shell[0m [1;30mINFO[0m Creating environment hook '/home/er/project3_team5_robotic_systems_1/project3_robotics/install/myarm_node/share/myarm_node/hook/ament_prefix_path.ps1'
[1.715s] [34mcolcon.colcon_core.shell[0m [1;30mINFO[0m Creating environment descriptor '/home/er/project3_team5_robotic_systems_1/project3_robotics/install/myarm_node/share/myarm_node/hook/ament_prefix_path.dsv'
[1.717s] [34mcolcon.colcon_core.shell[0m [1;30mINFO[0m Creating environment hook '/home/er/project3_team5_robotic_systems_1/project3_robotics/install/myarm_node/share/myarm_node/hook/ament_prefix_path.sh'
[1.727s] [34mcolcon.colcon_core.shell[0m [1;30mINFO[0m Skip shell extension 'powershell' for command environment: Not usable outside of PowerShell
[1.727s] [34mcolcon.colcon_core.shell[0m [1;30mDEBUG[0m [32mSkip shell extension 'dsv' for command environment[0m
[3.163s] [34mcolcon.colcon_core.task.python.build[0m [1;30mINFO[0m Building Python package in '/home/er/project3_team5_robotic_systems_1/project3_robotics/src/myarm_node'
[3.171s] [34mcolcon.colcon_core.shell[0m [1;30mINFO[0m Skip shell extension 'powershell' for command environment: Not usable outside of PowerShell
[3.171s] [34mcolcon.colcon_core.shell[0m [1;30mDEBUG[0m [32mSkip shell extension 'dsv' for command environment[0m
[5.490s] [34mcolcon.colcon_core.event_handler.log_command[0m [1;30mDEBUG[0m [32mInvoking command in '/home/er/project3_team5_robotic_systems_1/project3_robotics/src/myarm_node': PYTHONPATH=/home/er/project3_team5_robotic_systems_1/project3_robotics/install/myarm_node/lib/python3.8/site-packages:${PYTHONPATH} /usr/bin/python3 setup.py egg_info --egg-base ../../build/myarm_node build --build-base /home/er/project3_team5_robotic_systems_1/project3_robotics/build/myarm_node/build install --prefix /home/er/project3_team5_robotic_systems_1/project3_robotics/install/myarm_node --record /home/er/project3_team5_robotic_systems_1/project3_robotics/build/myarm_node/install.log --single-version-externally-managed[0m
[7.231s] [34mcolcon.colcon_core.event_handler.log_command[0m [1;30mDEBUG[0m [32mInvoked command in '/home/er/project3_team5_robotic_systems_1/project3_robotics/src/myarm_node' returned '0': PYTHONPATH=/home/er/project3_team5_robotic_systems_1/project3_robotics/install/myarm_node/lib/python3.8/site-packages:${PYTHONPATH} /usr/bin/python3 setup.py egg_info --egg-base ../../build/myarm_node build --build-base /home/er/project3_team5_robotic_systems_1/project3_robotics/build/myarm_node/build install --prefix /home/er/project3_team5_robotic_systems_1/project3_robotics/install/myarm_node --record /home/er/project3_team5_robotic_systems_1/project3_robotics/build/myarm_node/install.log --single-version-externally-managed[0m
[7.258s] [34mcolcon.colcon_core.environment[0m [1;30mLevel 1[0m checking '/home/er/project3_team5_robotic_systems_1/project3_robotics/install/myarm_node' for CMake module files
[7.262s] [34mcolcon.colcon_core.environment[0m [1;30mLevel 1[0m checking '/home/er/project3_team5_robotic_systems_1/project3_robotics/install/myarm_node' for CMake config files
[7.268s] [34mcolcon.colcon_core.environment[0m [1;30mLevel 1[0m checking '/home/er/project3_team5_robotic_systems_1/project3_robotics/install/myarm_node/lib'
[7.269s] [34mcolcon.colcon_core.environment[0m [1;30mLevel 1[0m checking '/home/er/project3_team5_robotic_systems_1/project3_robotics/install/myarm_node/bin'
[7.270s] [34mcolcon.colcon_core.environment[0m [1;30mLevel 1[0m checking '/home/er/project3_team5_robotic_systems_1/project3_robotics/install/myarm_node/lib/pkgconfig/myarm_node.pc'
[7.271s] [34mcolcon.colcon_core.environment[0m [1;30mLevel 1[0m checking '/home/er/project3_team5_robotic_systems_1/project3_robotics/install/myarm_node/lib/python3.8/site-packages'
[7.271s] [34mcolcon.colcon_core.shell[0m [1;30mLevel 1[0m create_environment_hook('myarm_node', 'pythonpath')
[7.279s] [34mcolcon.colcon_core.shell[0m [1;30mINFO[0m Creating environment hook '/home/er/project3_team5_robotic_systems_1/project3_robotics/install/myarm_node/share/myarm_node/hook/pythonpath.ps1'
[7.283s] [34mcolcon.colcon_core.shell[0m [1;30mINFO[0m Creating environment descriptor '/home/er/project3_team5_robotic_systems_1/project3_robotics/install/myarm_node/share/myarm_node/hook/pythonpath.dsv'
[7.286s] [34mcolcon.colcon_core.shell[0m [1;30mINFO[0m Creating environment hook '/home/er/project3_team5_robotic_systems_1/project3_robotics/install/myarm_node/share/myarm_node/hook/pythonpath.sh'
[7.289s] [34mcolcon.colcon_core.environment[0m [1;30mLevel 1[0m checking '/home/er/project3_team5_robotic_systems_1/project3_robotics/install/myarm_node/bin'
[7.289s] [34mcolcon.colcon_core.environment[0m [1;30mLevel 1[0m create_environment_scripts_only(myarm_node)
[7.296s] [34mcolcon.colcon_core.shell[0m [1;30mINFO[0m Creating package script '/home/er/project3_team5_robotic_systems_1/project3_robotics/install/myarm_node/share/myarm_node/package.ps1'
[7.301s] [34mcolcon.colcon_core.shell[0m [1;30mINFO[0m Creating package descriptor '/home/er/project3_team5_robotic_systems_1/project3_robotics/install/myarm_node/share/myarm_node/package.dsv'
[7.304s] [34mcolcon.colcon_core.shell[0m [1;30mINFO[0m Creating package script '/home/er/project3_team5_robotic_systems_1/project3_robotics/install/myarm_node/share/myarm_node/package.sh'
[7.309s] [34mcolcon.colcon_core.shell[0m [1;30mINFO[0m Creating package script '/home/er/project3_team5_robotic_systems_1/project3_robotics/install/myarm_node/share/myarm_node/package.bash'
[7.313s] [34mcolcon.colcon_core.shell[0m [1;30mINFO[0m Creating package script '/home/er/project3_team5_robotic_systems_1/project3_robotics/install/myarm_node/share/myarm_node/package.zsh'
[7.318s] [34mcolcon.colcon_core.environment[0m [1;30mLevel 1[0m create_file_with_runtime_dependencies(/home/er/project3_team5_robotic_systems_1/project3_robotics/install/myarm_node/share/colcon-core/packages/myarm_node)
[7.321s] [34mcolcon.colcon_parallel_executor.executor.parallel[0m [1;30mDEBUG[0m [32mclosing loop[0m
[7.322s] [34mcolcon.colcon_parallel_executor.executor.parallel[0m [1;30mDEBUG[0m [32mloop closed[0m
[7.323s] [34mcolcon.colcon_parallel_executor.executor.parallel[0m [1;30mDEBUG[0m [32mrun_until_complete finished with '0'[0m
[7.324s] [34mcolcon.colcon_core.event_reactor[0m [1;30mDEBUG[0m [32mjoining thread[0m
[7.359s] [34mcolcon.colcon_core.plugin_system[0m [1;30mINFO[0m Skipping extension 'colcon_notification.desktop_notification.terminal_notifier': Not used on non-Darwin systems
[7.360s] [34mcolcon.colcon_core.plugin_system[0m [1;30mINFO[0m Skipping extension 'colcon_notification.desktop_notification.win32': Not used on non-Windows systems
[7.360s] [34mcolcon.colcon_notification.desktop_notification[0m [1;30mINFO[0m Sending desktop notification using 'notify2'
[7.415s] [34mcolcon.colcon_core.event_reactor[0m [1;30mDEBUG[0m [32mjoined thread[0m
[7.426s] [34mcolcon.colcon_core.shell[0m [1;30mINFO[0m Creating prefix script '/home/er/project3_team5_robotic_systems_1/project3_robotics/install/local_setup.ps1'
[7.433s] [34mcolcon.colcon_core.shell[0m [1;30mINFO[0m Creating prefix util module '/home/er/project3_team5_robotic_systems_1/project3_robotics/install/_local_setup_util_ps1.py'
[7.440s] [34mcolcon.colcon_core.shell[0m [1;30mINFO[0m Creating prefix chain script '/home/er/project3_team5_robotic_systems_1/project3_robotics/install/setup.ps1'
[7.450s] [34mcolcon.colcon_core.shell[0m [1;30mINFO[0m Creating prefix script '/home/er/project3_team5_robotic_systems_1/project3_robotics/install/local_setup.sh'
[7.456s] [34mcolcon.colcon_core.shell[0m [1;30mINFO[0m Creating prefix util module '/home/er/project3_team5_robotic_systems_1/project3_robotics/install/_local_setup_util_sh.py'
[7.460s] [34mcolcon.colcon_core.shell[0m [1;30mINFO[0m Creating prefix chain script '/home/er/project3_team5_robotic_systems_1/project3_robotics/install/setup.sh'
[7.469s] [34mcolcon.colcon_core.shell[0m [1;30mINFO[0m Creating prefix script '/home/er/project3_team5_robotic_systems_1/project3_robotics/install/local_setup.bash'
[7.471s] [34mcolcon.colcon_core.shell[0m [1;30mINFO[0m Creating prefix chain script '/home/er/project3_team5_robotic_systems_1/project3_robotics/install/setup.bash'
[7.479s] [34mcolcon.colcon_core.shell[0m [1;30mINFO[0m Creating prefix script '/home/er/project3_team5_robotic_systems_1/project3_robotics/install/local_setup.zsh'
[7.482s] [34mcolcon.colcon_core.shell[0m [1;30mINFO[0m Creating prefix chain script '/home/er/project3_team5_robotic_systems_1/project3_robotics/install/setup.zsh'
