[3.799s] Invoking command in '/home/er/project3_team5_robotic_systems_1/project3_robotics/src/myarm_node': PYTHONPATH=/home/er/project3_team5_robotic_systems_1/project3_robotics/install/myarm_node/lib/python3.8/site-packages:${PYTHONPATH} /usr/bin/python3 setup.py egg_info --egg-base ../../build/myarm_node build --build-base /home/er/project3_team5_robotic_systems_1/project3_robotics/build/myarm_node/build install --prefix /home/er/project3_team5_robotic_systems_1/project3_robotics/install/myarm_node --record /home/er/project3_team5_robotic_systems_1/project3_robotics/build/myarm_node/install.log --single-version-externally-managed
[5.100s] running egg_info
[5.103s] writing ../../build/myarm_node/myarm_node.egg-info/PKG-INFO
[5.105s] writing dependency_links to ../../build/myarm_node/myarm_node.egg-info/dependency_links.txt
[5.106s] writing entry points to ../../build/myarm_node/myarm_node.egg-info/entry_points.txt
[5.107s] writing requirements to ../../build/myarm_node/myarm_node.egg-info/requires.txt
[5.107s] writing top-level names to ../../build/myarm_node/myarm_node.egg-info/top_level.txt
[5.280s] reading manifest file '../../build/myarm_node/myarm_node.egg-info/SOURCES.txt'
[5.286s] writing manifest file '../../build/myarm_node/myarm_node.egg-info/SOURCES.txt'
[5.286s] running build
[5.287s] running build_py
[5.292s] running install
[5.295s] running install_lib
[5.307s] running install_data
[5.311s] running install_egg_info
[5.320s] removing '/home/er/project3_team5_robotic_systems_1/project3_robotics/install/myarm_node/lib/python3.8/site-packages/myarm_node-0.0.0-py3.8.egg-info' (and everything under it)
[5.322s] Copying ../../build/myarm_node/myarm_node.egg-info to /home/er/project3_team5_robotic_systems_1/project3_robotics/install/myarm_node/lib/python3.8/site-packages/myarm_node-0.0.0-py3.8.egg-info
[5.339s] running install_scripts
[5.416s] Installing controller script to /home/er/project3_team5_robotic_systems_1/project3_robotics/install/myarm_node/lib/myarm_node
[5.419s] writing list of installed files to '/home/er/project3_team5_robotic_systems_1/project3_robotics/build/myarm_node/install.log'
[5.541s] Invoked command in '/home/er/project3_team5_robotic_systems_1/project3_robotics/src/myarm_node' returned '0': PYTHONPATH=/home/er/project3_team5_robotic_systems_1/project3_robotics/install/myarm_node/lib/python3.8/site-packages:${PYTHONPATH} /usr/bin/python3 setup.py egg_info --egg-base ../../build/myarm_node build --build-base /home/er/project3_team5_robotic_systems_1/project3_robotics/build/myarm_node/build install --prefix /home/er/project3_team5_robotic_systems_1/project3_robotics/install/myarm_node --record /home/er/project3_team5_robotic_systems_1/project3_robotics/build/myarm_node/install.log --single-version-externally-managed
