[5.739s] Invoking command in '/home/er/project3_team5_robotic_systems_1/project3_robotics/src/camera_node': PYTHONPATH=/home/er/project3_team5_robotic_systems_1/project3_robotics/install/camera_node/lib/python3.8/site-packages:${PYTHONPATH} /usr/bin/python3 setup.py egg_info --egg-base ../../build/camera_node build --build-base /home/er/project3_team5_robotic_systems_1/project3_robotics/build/camera_node/build install --prefix /home/er/project3_team5_robotic_systems_1/project3_robotics/install/camera_node --record /home/er/project3_team5_robotic_systems_1/project3_robotics/build/camera_node/install.log --single-version-externally-managed
[7.290s] running egg_info
[7.293s] writing ../../build/camera_node/camera_node.egg-info/PKG-INFO
[7.297s] writing dependency_links to ../../build/camera_node/camera_node.egg-info/dependency_links.txt
[7.301s] writing entry points to ../../build/camera_node/camera_node.egg-info/entry_points.txt
[7.302s] writing requirements to ../../build/camera_node/camera_node.egg-info/requires.txt
[7.302s] writing top-level names to ../../build/camera_node/camera_node.egg-info/top_level.txt
[7.467s] reading manifest file '../../build/camera_node/camera_node.egg-info/SOURCES.txt'
[7.472s] writing manifest file '../../build/camera_node/camera_node.egg-info/SOURCES.txt'
[7.474s] running build
[7.476s] running build_py
[7.476s] running install
[7.480s] running install_lib
[7.488s] running install_data
[7.492s] running install_egg_info
[7.506s] removing '/home/er/project3_team5_robotic_systems_1/project3_robotics/install/camera_node/lib/python3.8/site-packages/camera_node-0.0.0-py3.8.egg-info' (and everything under it)
[7.508s] Copying ../../build/camera_node/camera_node.egg-info to /home/er/project3_team5_robotic_systems_1/project3_robotics/install/camera_node/lib/python3.8/site-packages/camera_node-0.0.0-py3.8.egg-info
[7.516s] running install_scripts
[7.599s] writing list of installed files to '/home/er/project3_team5_robotic_systems_1/project3_robotics/build/camera_node/install.log'
[7.735s] Invoked command in '/home/er/project3_team5_robotic_systems_1/project3_robotics/src/camera_node' returned '0': PYTHONPATH=/home/er/project3_team5_robotic_systems_1/project3_robotics/install/camera_node/lib/python3.8/site-packages:${PYTHONPATH} /usr/bin/python3 setup.py egg_info --egg-base ../../build/camera_node build --build-base /home/er/project3_team5_robotic_systems_1/project3_robotics/build/camera_node/build install --prefix /home/er/project3_team5_robotic_systems_1/project3_robotics/install/camera_node --record /home/er/project3_team5_robotic_systems_1/project3_robotics/build/camera_node/install.log --single-version-externally-managed
