/mnt/c/Users/drako/university/robotic_systems_1/project_new/project3_robotics/src/install/myarm_node/lib/python3.12/site-packages/myarm_node/myarm_controller.py
/mnt/c/Users/drako/university/robotic_systems_1/project_new/project3_robotics/src/install/myarm_node/lib/python3.12/site-packages/myarm_node/__init__.py
/mnt/c/Users/drako/university/robotic_systems_1/project_new/project3_robotics/src/install/myarm_node/lib/python3.12/site-packages/myarm_node/myarm_utils/fullpose_IK_solve_methods.py
/mnt/c/Users/drako/university/robotic_systems_1/project_new/project3_robotics/src/install/myarm_node/lib/python3.12/site-packages/myarm_node/myarm_utils/myarm_connect.py
/mnt/c/Users/drako/university/robotic_systems_1/project_new/project3_robotics/src/install/myarm_node/lib/python3.12/site-packages/myarm_node/myarm_utils/poe_fkine.py
/mnt/c/Users/drako/university/robotic_systems_1/project_new/project3_robotics/src/install/myarm_node/lib/python3.12/site-packages/myarm_node/myarm_utils/poe_ikine.py
/mnt/c/Users/drako/university/robotic_systems_1/project_new/project3_robotics/src/install/myarm_node/lib/python3.12/site-packages/myarm_node/myarm_utils/position_IK_solve_methods.py
/mnt/c/Users/drako/university/robotic_systems_1/project_new/project3_robotics/src/install/myarm_node/lib/python3.12/site-packages/myarm_node/myarm_utils/solve_inv_kine.py
/mnt/c/Users/drako/university/robotic_systems_1/project_new/project3_robotics/src/install/myarm_node/lib/python3.12/site-packages/myarm_node/myarm_utils/__init__.py
/mnt/c/Users/drako/university/robotic_systems_1/project_new/project3_robotics/src/install/myarm_node/lib/python3.12/site-packages/myarm_node/myarm_utils/kinematics/general_utils.py
/mnt/c/Users/drako/university/robotic_systems_1/project_new/project3_robotics/src/install/myarm_node/lib/python3.12/site-packages/myarm_node/myarm_utils/kinematics/math_utils.py
/mnt/c/Users/drako/university/robotic_systems_1/project_new/project3_robotics/src/install/myarm_node/lib/python3.12/site-packages/myarm_node/myarm_utils/kinematics/parameters.py
/mnt/c/Users/drako/university/robotic_systems_1/project_new/project3_robotics/src/install/myarm_node/lib/python3.12/site-packages/myarm_node/myarm_utils/kinematics/poe_diffkine.py
/mnt/c/Users/drako/university/robotic_systems_1/project_new/project3_robotics/src/install/myarm_node/lib/python3.12/site-packages/myarm_node/myarm_utils/kinematics/poe_fkine.py
/mnt/c/Users/drako/university/robotic_systems_1/project_new/project3_robotics/src/install/myarm_node/lib/python3.12/site-packages/myarm_node/myarm_utils/kinematics/poe_idiffkine.py
/mnt/c/Users/drako/university/robotic_systems_1/project_new/project3_robotics/src/install/myarm_node/lib/python3.12/site-packages/myarm_node/myarm_utils/kinematics/SE3_functions.py
/mnt/c/Users/drako/university/robotic_systems_1/project_new/project3_robotics/src/install/myarm_node/lib/python3.12/site-packages/myarm_node/myarm_utils/kinematics/SE3_utils.py
/mnt/c/Users/drako/university/robotic_systems_1/project_new/project3_robotics/src/install/myarm_node/lib/python3.12/site-packages/myarm_node/myarm_utils/kinematics/trajectories.py
/mnt/c/Users/drako/university/robotic_systems_1/project_new/project3_robotics/src/install/myarm_node/lib/python3.12/site-packages/myarm_node/myarm_utils/kinematics/velocity_control.py
/mnt/c/Users/drako/university/robotic_systems_1/project_new/project3_robotics/src/install/myarm_node/lib/python3.12/site-packages/myarm_node/myarm_utils/kinematics/__init__.py
/mnt/c/Users/drako/university/robotic_systems_1/project_new/project3_robotics/src/install/myarm_node/lib/python3.12/site-packages/myarm_node/myarm_utils/QP_solver/general_utils.py
/mnt/c/Users/drako/university/robotic_systems_1/project_new/project3_robotics/src/install/myarm_node/lib/python3.12/site-packages/myarm_node/myarm_utils/QP_solver/QP.py
/mnt/c/Users/drako/university/robotic_systems_1/project_new/project3_robotics/src/install/myarm_node/lib/python3.12/site-packages/myarm_node/myarm_utils/QP_solver/__init__.py
/mnt/c/Users/drako/university/robotic_systems_1/project_new/project3_robotics/src/install/myarm_node/lib/python3.12/site-packages/myarm_node/py.typed
/mnt/c/Users/drako/university/robotic_systems_1/project_new/project3_robotics/src/install/myarm_node/lib/python3.12/site-packages/myarm_node/__pycache__/myarm_controller.cpython-312.pyc
/mnt/c/Users/drako/university/robotic_systems_1/project_new/project3_robotics/src/install/myarm_node/lib/python3.12/site-packages/myarm_node/__pycache__/__init__.cpython-312.pyc
/mnt/c/Users/drako/university/robotic_systems_1/project_new/project3_robotics/src/install/myarm_node/lib/python3.12/site-packages/myarm_node/myarm_utils/__pycache__/fullpose_IK_solve_methods.cpython-312.pyc
/mnt/c/Users/drako/university/robotic_systems_1/project_new/project3_robotics/src/install/myarm_node/lib/python3.12/site-packages/myarm_node/myarm_utils/__pycache__/myarm_connect.cpython-312.pyc
/mnt/c/Users/drako/university/robotic_systems_1/project_new/project3_robotics/src/install/myarm_node/lib/python3.12/site-packages/myarm_node/myarm_utils/__pycache__/poe_fkine.cpython-312.pyc
/mnt/c/Users/drako/university/robotic_systems_1/project_new/project3_robotics/src/install/myarm_node/lib/python3.12/site-packages/myarm_node/myarm_utils/__pycache__/poe_ikine.cpython-312.pyc
/mnt/c/Users/drako/university/robotic_systems_1/project_new/project3_robotics/src/install/myarm_node/lib/python3.12/site-packages/myarm_node/myarm_utils/__pycache__/position_IK_solve_methods.cpython-312.pyc
/mnt/c/Users/drako/university/robotic_systems_1/project_new/project3_robotics/src/install/myarm_node/lib/python3.12/site-packages/myarm_node/myarm_utils/__pycache__/solve_inv_kine.cpython-312.pyc
/mnt/c/Users/drako/university/robotic_systems_1/project_new/project3_robotics/src/install/myarm_node/lib/python3.12/site-packages/myarm_node/myarm_utils/__pycache__/__init__.cpython-312.pyc
/mnt/c/Users/drako/university/robotic_systems_1/project_new/project3_robotics/src/install/myarm_node/lib/python3.12/site-packages/myarm_node/myarm_utils/kinematics/__pycache__/general_utils.cpython-312.pyc
/mnt/c/Users/drako/university/robotic_systems_1/project_new/project3_robotics/src/install/myarm_node/lib/python3.12/site-packages/myarm_node/myarm_utils/kinematics/__pycache__/math_utils.cpython-312.pyc
/mnt/c/Users/drako/university/robotic_systems_1/project_new/project3_robotics/src/install/myarm_node/lib/python3.12/site-packages/myarm_node/myarm_utils/kinematics/__pycache__/parameters.cpython-312.pyc
/mnt/c/Users/drako/university/robotic_systems_1/project_new/project3_robotics/src/install/myarm_node/lib/python3.12/site-packages/myarm_node/myarm_utils/kinematics/__pycache__/poe_diffkine.cpython-312.pyc
/mnt/c/Users/drako/university/robotic_systems_1/project_new/project3_robotics/src/install/myarm_node/lib/python3.12/site-packages/myarm_node/myarm_utils/kinematics/__pycache__/poe_fkine.cpython-312.pyc
/mnt/c/Users/drako/university/robotic_systems_1/project_new/project3_robotics/src/install/myarm_node/lib/python3.12/site-packages/myarm_node/myarm_utils/kinematics/__pycache__/poe_idiffkine.cpython-312.pyc
/mnt/c/Users/drako/university/robotic_systems_1/project_new/project3_robotics/src/install/myarm_node/lib/python3.12/site-packages/myarm_node/myarm_utils/kinematics/__pycache__/SE3_functions.cpython-312.pyc
/mnt/c/Users/drako/university/robotic_systems_1/project_new/project3_robotics/src/install/myarm_node/lib/python3.12/site-packages/myarm_node/myarm_utils/kinematics/__pycache__/SE3_utils.cpython-312.pyc
/mnt/c/Users/drako/university/robotic_systems_1/project_new/project3_robotics/src/install/myarm_node/lib/python3.12/site-packages/myarm_node/myarm_utils/kinematics/__pycache__/trajectories.cpython-312.pyc
/mnt/c/Users/drako/university/robotic_systems_1/project_new/project3_robotics/src/install/myarm_node/lib/python3.12/site-packages/myarm_node/myarm_utils/kinematics/__pycache__/velocity_control.cpython-312.pyc
/mnt/c/Users/drako/university/robotic_systems_1/project_new/project3_robotics/src/install/myarm_node/lib/python3.12/site-packages/myarm_node/myarm_utils/kinematics/__pycache__/__init__.cpython-312.pyc
/mnt/c/Users/drako/university/robotic_systems_1/project_new/project3_robotics/src/install/myarm_node/lib/python3.12/site-packages/myarm_node/myarm_utils/QP_solver/__pycache__/general_utils.cpython-312.pyc
/mnt/c/Users/drako/university/robotic_systems_1/project_new/project3_robotics/src/install/myarm_node/lib/python3.12/site-packages/myarm_node/myarm_utils/QP_solver/__pycache__/QP.cpython-312.pyc
/mnt/c/Users/drako/university/robotic_systems_1/project_new/project3_robotics/src/install/myarm_node/lib/python3.12/site-packages/myarm_node/myarm_utils/QP_solver/__pycache__/__init__.cpython-312.pyc
/mnt/c/Users/drako/university/robotic_systems_1/project_new/project3_robotics/src/install/myarm_node/share/ament_index/resource_index/packages/myarm_node
/mnt/c/Users/drako/university/robotic_systems_1/project_new/project3_robotics/src/install/myarm_node/share/myarm_node/package.xml
/mnt/c/Users/drako/university/robotic_systems_1/project_new/project3_robotics/src/install/myarm_node/lib/python3.12/site-packages/myarm_node-0.0.0-py3.12.egg-info/dependency_links.txt
/mnt/c/Users/drako/university/robotic_systems_1/project_new/project3_robotics/src/install/myarm_node/lib/python3.12/site-packages/myarm_node-0.0.0-py3.12.egg-info/entry_points.txt
/mnt/c/Users/drako/university/robotic_systems_1/project_new/project3_robotics/src/install/myarm_node/lib/python3.12/site-packages/myarm_node-0.0.0-py3.12.egg-info/PKG-INFO
/mnt/c/Users/drako/university/robotic_systems_1/project_new/project3_robotics/src/install/myarm_node/lib/python3.12/site-packages/myarm_node-0.0.0-py3.12.egg-info/requires.txt
/mnt/c/Users/drako/university/robotic_systems_1/project_new/project3_robotics/src/install/myarm_node/lib/python3.12/site-packages/myarm_node-0.0.0-py3.12.egg-info/SOURCES.txt
/mnt/c/Users/drako/university/robotic_systems_1/project_new/project3_robotics/src/install/myarm_node/lib/python3.12/site-packages/myarm_node-0.0.0-py3.12.egg-info/top_level.txt
/mnt/c/Users/drako/university/robotic_systems_1/project_new/project3_robotics/src/install/myarm_node/lib/python3.12/site-packages/myarm_node-0.0.0-py3.12.egg-info/zip-safe
/mnt/c/Users/drako/university/robotic_systems_1/project_new/project3_robotics/src/install/myarm_node/lib/myarm_node/controller
