[3.945s] Invoking command in '/home/er/project3_team5_robotic_systems_1/project3_robotics/src/myarm_node': PYTHONPATH=/home/er/project3_team5_robotic_systems_1/project3_robotics/install/myarm_node/lib/python3.8/site-packages:${PYTHONPATH} /usr/bin/python3 setup.py egg_info --egg-base ../../build/myarm_node build --build-base /home/er/project3_team5_robotic_systems_1/project3_robotics/build/myarm_node/build install --prefix /home/er/project3_team5_robotic_systems_1/project3_robotics/install/myarm_node --record /home/er/project3_team5_robotic_systems_1/project3_robotics/build/myarm_node/install.log --single-version-externally-managed
[5.199s] running egg_info
[5.202s] writing ../../build/myarm_node/myarm_node.egg-info/PKG-INFO
[5.203s] writing dependency_links to ../../build/myarm_node/myarm_node.egg-info/dependency_links.txt
[5.204s] writing entry points to ../../build/myarm_node/myarm_node.egg-info/entry_points.txt
[5.205s] writing requirements to ../../build/myarm_node/myarm_node.egg-info/requires.txt
[5.206s] writing top-level names to ../../build/myarm_node/myarm_node.egg-info/top_level.txt
[5.375s] reading manifest file '../../build/myarm_node/myarm_node.egg-info/SOURCES.txt'
[5.381s] writing manifest file '../../build/myarm_node/myarm_node.egg-info/SOURCES.txt'
[5.381s] running build
[5.382s] running build_py
[5.386s] running install
[5.390s] running install_lib
[5.401s] running install_data
[5.404s] running install_egg_info
[5.414s] removing '/home/er/project3_team5_robotic_systems_1/project3_robotics/install/myarm_node/lib/python3.8/site-packages/myarm_node-0.0.0-py3.8.egg-info' (and everything under it)
[5.417s] Copying ../../build/myarm_node/myarm_node.egg-info to /home/er/project3_team5_robotic_systems_1/project3_robotics/install/myarm_node/lib/python3.8/site-packages/myarm_node-0.0.0-py3.8.egg-info
[5.424s] running install_scripts
[5.495s] Installing controller script to /home/er/project3_team5_robotic_systems_1/project3_robotics/install/myarm_node/lib/myarm_node
[5.498s] writing list of installed files to '/home/er/project3_team5_robotic_systems_1/project3_robotics/build/myarm_node/install.log'
[5.615s] Invoked command in '/home/er/project3_team5_robotic_systems_1/project3_robotics/src/myarm_node' returned '0': PYTHONPATH=/home/er/project3_team5_robotic_systems_1/project3_robotics/install/myarm_node/lib/python3.8/site-packages:${PYTHONPATH} /usr/bin/python3 setup.py egg_info --egg-base ../../build/myarm_node build --build-base /home/er/project3_team5_robotic_systems_1/project3_robotics/build/myarm_node/build install --prefix /home/er/project3_team5_robotic_systems_1/project3_robotics/install/myarm_node --record /home/er/project3_team5_robotic_systems_1/project3_robotics/build/myarm_node/install.log --single-version-externally-managed
