[0.794s] [34mcolcon[0m [1;30mDEBUG[0m [32mCommand line arguments: ['/usr/bin/colcon', 'build'][0m
[0.795s] [34mcolcon[0m [1;30mDEBUG[0m [32mParsed command line arguments: Namespace(allow_overriding=[], ament_cmake_args=None, base_paths=['.'], build_base='build', catkin_cmake_args=None, catkin_skip_building_tests=False, cmake_args=None, cmake_clean_cache=False, cmake_clean_first=False, cmake_force_configure=False, cmake_target=None, cmake_target_skip_unavailable=False, continue_on_error=False, event_handlers=None, executor='parallel', ignore_user_meta=False, install_base='install', log_base=None, log_level=None, main=<bound method BuildVerb.main of <colcon_core.verb.build.BuildVerb object at 0xffffbcaf1940>>, merge_install=False, metas=['./colcon.meta'], packages_above=None, packages_above_and_dependencies=None, packages_above_depth=None, packages_end=None, packages_ignore=None, packages_ignore_regex=None, packages_select=None, packages_select_build_failed=False, packages_select_by_dep=None, packages_select_regex=None, packages_select_test_failures=False, packages_skip=None, packages_skip_build_finished=False, packages_skip_by_dep=None, packages_skip_regex=None, packages_skip_test_passed=False, packages_skip_up_to=None, packages_start=None, packages_up_to=None, packages_up_to_regex=None, parallel_workers=4, paths=None, symlink_install=False, test_result_base=None, verb_extension=<colcon_core.verb.build.BuildVerb object at 0xffffbcaf1940>, verb_name='build', verb_parser=<colcon_defaults.argument_parser.defaults.DefaultArgumentsDecorator object at 0xffffbcaf1eb0>)[0m
[0.893s] [34mcolcon.colcon_core.package_discovery[0m [1;30mLevel 1[0m discover_packages(colcon_meta) check parameters
[0.894s] [34mcolcon.colcon_core.package_discovery[0m [1;30mLevel 1[0m discover_packages(recursive) check parameters
[0.894s] [34mcolcon.colcon_core.package_discovery[0m [1;30mLevel 1[0m discover_packages(ignore) check parameters
[0.894s] [34mcolcon.colcon_core.package_discovery[0m [1;30mLevel 1[0m discover_packages(path) check parameters
[0.894s] [34mcolcon.colcon_core.package_discovery[0m [1;30mLevel 1[0m discover_packages(colcon_meta) discover
[0.895s] [34mcolcon.colcon_core.package_discovery[0m [1;30mLevel 1[0m discover_packages(recursive) discover
[0.895s] [34mcolcon.colcon_core.package_discovery[0m [1;30mINFO[0m Crawling recursively for packages in '/home/er/project3_team5_robotic_systems_1/project3_robotics'
[0.895s] [34mcolcon.colcon_core.package_identification[0m [1;30mLevel 1[0m _identify(.) by extensions ['ignore', 'ignore_ament_install']
[0.896s] [34mcolcon.colcon_core.package_identification[0m [1;30mLevel 1[0m _identify(.) by extension 'ignore'
[0.896s] [34mcolcon.colcon_core.package_identification[0m [1;30mLevel 1[0m _identify(.) by extension 'ignore_ament_install'
[0.897s] [34mcolcon.colcon_core.package_identification[0m [1;30mLevel 1[0m _identify(.) by extensions ['colcon_pkg']
[0.897s] [34mcolcon.colcon_core.package_identification[0m [1;30mLevel 1[0m _identify(.) by extension 'colcon_pkg'
[0.897s] [34mcolcon.colcon_core.package_identification[0m [1;30mLevel 1[0m _identify(.) by extensions ['colcon_meta']
[0.897s] [34mcolcon.colcon_core.package_identification[0m [1;30mLevel 1[0m _identify(.) by extension 'colcon_meta'
[0.897s] [34mcolcon.colcon_core.package_identification[0m [1;30mLevel 1[0m _identify(.) by extensions ['ros']
[0.898s] [34mcolcon.colcon_core.package_identification[0m [1;30mLevel 1[0m _identify(.) by extension 'ros'
[0.991s] [34mcolcon.colcon_core.package_identification[0m [1;30mLevel 1[0m _identify(.) by extensions ['cmake', 'python']
[0.991s] [34mcolcon.colcon_core.package_identification[0m [1;30mLevel 1[0m _identify(.) by extension 'cmake'
[0.991s] [34mcolcon.colcon_core.package_identification[0m [1;30mLevel 1[0m _identify(.) by extension 'python'
[0.992s] [34mcolcon.colcon_core.package_identification[0m [1;30mLevel 1[0m _identify(.) by extensions ['python_setup_py']
[0.992s] [34mcolcon.colcon_core.package_identification[0m [1;30mLevel 1[0m _identify(.) by extension 'python_setup_py'
[0.993s] [34mcolcon.colcon_core.package_identification[0m [1;30mLevel 1[0m _identify(build) by extensions ['ignore', 'ignore_ament_install']
[0.993s] [34mcolcon.colcon_core.package_identification[0m [1;30mLevel 1[0m _identify(build) by extension 'ignore'
[0.993s] [34mcolcon.colcon_core.package_identification[0m [1;30mLevel 1[0m _identify(build) ignored
[0.994s] [34mcolcon.colcon_core.package_identification[0m [1;30mLevel 1[0m _identify(install) by extensions ['ignore', 'ignore_ament_install']
[0.995s] [34mcolcon.colcon_core.package_identification[0m [1;30mLevel 1[0m _identify(install) by extension 'ignore'
[0.995s] [34mcolcon.colcon_core.package_identification[0m [1;30mLevel 1[0m _identify(install) ignored
[0.996s] [34mcolcon.colcon_core.package_identification[0m [1;30mLevel 1[0m _identify(log) by extensions ['ignore', 'ignore_ament_install']
[0.996s] [34mcolcon.colcon_core.package_identification[0m [1;30mLevel 1[0m _identify(log) by extension 'ignore'
[0.996s] [34mcolcon.colcon_core.package_identification[0m [1;30mLevel 1[0m _identify(log) ignored
[0.997s] [34mcolcon.colcon_core.package_identification[0m [1;30mLevel 1[0m _identify(src) by extensions ['ignore', 'ignore_ament_install']
[0.997s] [34mcolcon.colcon_core.package_identification[0m [1;30mLevel 1[0m _identify(src) by extension 'ignore'
[0.997s] [34mcolcon.colcon_core.package_identification[0m [1;30mLevel 1[0m _identify(src) by extension 'ignore_ament_install'
[0.998s] [34mcolcon.colcon_core.package_identification[0m [1;30mLevel 1[0m _identify(src) by extensions ['colcon_pkg']
[0.998s] [34mcolcon.colcon_core.package_identification[0m [1;30mLevel 1[0m _identify(src) by extension 'colcon_pkg'
[0.998s] [34mcolcon.colcon_core.package_identification[0m [1;30mLevel 1[0m _identify(src) by extensions ['colcon_meta']
[0.998s] [34mcolcon.colcon_core.package_identification[0m [1;30mLevel 1[0m _identify(src) by extension 'colcon_meta'
[0.998s] [34mcolcon.colcon_core.package_identification[0m [1;30mLevel 1[0m _identify(src) by extensions ['ros']
[0.999s] [34mcolcon.colcon_core.package_identification[0m [1;30mLevel 1[0m _identify(src) by extension 'ros'
[0.999s] [34mcolcon.colcon_core.package_identification[0m [1;30mLevel 1[0m _identify(src) by extensions ['cmake', 'python']
[0.999s] [34mcolcon.colcon_core.package_identification[0m [1;30mLevel 1[0m _identify(src) by extension 'cmake'
[0.999s] [34mcolcon.colcon_core.package_identification[0m [1;30mLevel 1[0m _identify(src) by extension 'python'
[1.000s] [34mcolcon.colcon_core.package_identification[0m [1;30mLevel 1[0m _identify(src) by extensions ['python_setup_py']
[1.000s] [34mcolcon.colcon_core.package_identification[0m [1;30mLevel 1[0m _identify(src) by extension 'python_setup_py'
[1.000s] [34mcolcon.colcon_core.package_identification[0m [1;30mLevel 1[0m _identify(src/build) by extensions ['ignore', 'ignore_ament_install']
[1.001s] [34mcolcon.colcon_core.package_identification[0m [1;30mLevel 1[0m _identify(src/build) by extension 'ignore'
[1.001s] [34mcolcon.colcon_core.package_identification[0m [1;30mLevel 1[0m _identify(src/build) ignored
[1.002s] [34mcolcon.colcon_core.package_identification[0m [1;30mLevel 1[0m _identify(src/camera_node) by extensions ['ignore', 'ignore_ament_install']
[1.002s] [34mcolcon.colcon_core.package_identification[0m [1;30mLevel 1[0m _identify(src/camera_node) by extension 'ignore'
[1.002s] [34mcolcon.colcon_core.package_identification[0m [1;30mLevel 1[0m _identify(src/camera_node) by extension 'ignore_ament_install'
[1.003s] [34mcolcon.colcon_core.package_identification[0m [1;30mLevel 1[0m _identify(src/camera_node) by extensions ['colcon_pkg']
[1.003s] [34mcolcon.colcon_core.package_identification[0m [1;30mLevel 1[0m _identify(src/camera_node) by extension 'colcon_pkg'
[1.003s] [34mcolcon.colcon_core.package_identification[0m [1;30mLevel 1[0m _identify(src/camera_node) by extensions ['colcon_meta']
[1.003s] [34mcolcon.colcon_core.package_identification[0m [1;30mLevel 1[0m _identify(src/camera_node) by extension 'colcon_meta'
[1.003s] [34mcolcon.colcon_core.package_identification[0m [1;30mLevel 1[0m _identify(src/camera_node) by extensions ['ros']
[1.004s] [34mcolcon.colcon_core.package_identification[0m [1;30mLevel 1[0m _identify(src/camera_node) by extension 'ros'
[1.014s] [34mcolcon.colcon_core.package_identification[0m [1;30mDEBUG[0m [32mPackage 'src/camera_node' with type 'ros.ament_python' and name 'camera_node'[0m
[1.015s] [34mcolcon.colcon_core.package_identification[0m [1;30mLevel 1[0m _identify(src/install) by extensions ['ignore', 'ignore_ament_install']
[1.015s] [34mcolcon.colcon_core.package_identification[0m [1;30mLevel 1[0m _identify(src/install) by extension 'ignore'
[1.015s] [34mcolcon.colcon_core.package_identification[0m [1;30mLevel 1[0m _identify(src/install) ignored
[1.016s] [34mcolcon.colcon_core.package_identification[0m [1;30mLevel 1[0m _identify(src/log) by extensions ['ignore', 'ignore_ament_install']
[1.016s] [34mcolcon.colcon_core.package_identification[0m [1;30mLevel 1[0m _identify(src/log) by extension 'ignore'
[1.017s] [34mcolcon.colcon_core.package_identification[0m [1;30mLevel 1[0m _identify(src/log) ignored
[1.017s] [34mcolcon.colcon_core.package_identification[0m [1;30mLevel 1[0m _identify(src/myarm_node) by extensions ['ignore', 'ignore_ament_install']
[1.018s] [34mcolcon.colcon_core.package_identification[0m [1;30mLevel 1[0m _identify(src/myarm_node) by extension 'ignore'
[1.018s] [34mcolcon.colcon_core.package_identification[0m [1;30mLevel 1[0m _identify(src/myarm_node) by extension 'ignore_ament_install'
[1.018s] [34mcolcon.colcon_core.package_identification[0m [1;30mLevel 1[0m _identify(src/myarm_node) by extensions ['colcon_pkg']
[1.018s] [34mcolcon.colcon_core.package_identification[0m [1;30mLevel 1[0m _identify(src/myarm_node) by extension 'colcon_pkg'
[1.019s] [34mcolcon.colcon_core.package_identification[0m [1;30mLevel 1[0m _identify(src/myarm_node) by extensions ['colcon_meta']
[1.019s] [34mcolcon.colcon_core.package_identification[0m [1;30mLevel 1[0m _identify(src/myarm_node) by extension 'colcon_meta'
[1.019s] [34mcolcon.colcon_core.package_identification[0m [1;30mLevel 1[0m _identify(src/myarm_node) by extensions ['ros']
[1.019s] [34mcolcon.colcon_core.package_identification[0m [1;30mLevel 1[0m _identify(src/myarm_node) by extension 'ros'
[1.022s] [34mcolcon.colcon_core.package_identification[0m [1;30mDEBUG[0m [32mPackage 'src/myarm_node' with type 'ros.ament_python' and name 'myarm_node'[0m
[1.022s] [34mcolcon.colcon_core.package_discovery[0m [1;30mLevel 1[0m discover_packages(recursive) using defaults
[1.022s] [34mcolcon.colcon_core.package_discovery[0m [1;30mLevel 1[0m discover_packages(ignore) discover
[1.023s] [34mcolcon.colcon_core.package_discovery[0m [1;30mLevel 1[0m discover_packages(ignore) using defaults
[1.023s] [34mcolcon.colcon_core.package_discovery[0m [1;30mLevel 1[0m discover_packages(path) discover
[1.023s] [34mcolcon.colcon_core.package_discovery[0m [1;30mLevel 1[0m discover_packages(path) using defaults
[1.112s] [34mcolcon.colcon_core.package_discovery[0m [1;30mLevel 1[0m discover_packages(prefix_path) check parameters
[1.112s] [34mcolcon.colcon_core.package_discovery[0m [1;30mLevel 1[0m discover_packages(prefix_path) discover
[1.127s] [34mcolcon.colcon_installed_package_information.package_discovery[0m [1;30mDEBUG[0m [32mFound 2 installed packages in /home/er/project3_team5_robotic_systems_1/project3_robotics/install[0m
[1.140s] [34mcolcon.colcon_installed_package_information.package_discovery[0m [1;30mDEBUG[0m [32mFound 271 installed packages in /opt/ros/galactic[0m
[1.148s] [34mcolcon.colcon_core.package_discovery[0m [1;30mLevel 1[0m discover_packages(prefix_path) using defaults
[1.552s] [34mcolcon.colcon_core.verb[0m [1;30mLevel 5[0m set package 'camera_node' build argument 'cmake_args' from command line to 'None'
[1.553s] [34mcolcon.colcon_core.verb[0m [1;30mLevel 5[0m set package 'camera_node' build argument 'cmake_target' from command line to 'None'
[1.553s] [34mcolcon.colcon_core.verb[0m [1;30mLevel 5[0m set package 'camera_node' build argument 'cmake_target_skip_unavailable' from command line to 'False'
[1.553s] [34mcolcon.colcon_core.verb[0m [1;30mLevel 5[0m set package 'camera_node' build argument 'cmake_clean_cache' from command line to 'False'
[1.553s] [34mcolcon.colcon_core.verb[0m [1;30mLevel 5[0m set package 'camera_node' build argument 'cmake_clean_first' from command line to 'False'
[1.553s] [34mcolcon.colcon_core.verb[0m [1;30mLevel 5[0m set package 'camera_node' build argument 'cmake_force_configure' from command line to 'False'
[1.553s] [34mcolcon.colcon_core.verb[0m [1;30mLevel 5[0m set package 'camera_node' build argument 'ament_cmake_args' from command line to 'None'
[1.554s] [34mcolcon.colcon_core.verb[0m [1;30mLevel 5[0m set package 'camera_node' build argument 'catkin_cmake_args' from command line to 'None'
[1.554s] [34mcolcon.colcon_core.verb[0m [1;30mLevel 5[0m set package 'camera_node' build argument 'catkin_skip_building_tests' from command line to 'False'
[1.554s] [34mcolcon.colcon_core.verb[0m [1;30mDEBUG[0m [32mBuilding package 'camera_node' with the following arguments: {'ament_cmake_args': None, 'build_base': '/home/er/project3_team5_robotic_systems_1/project3_robotics/build/camera_node', 'catkin_cmake_args': None, 'catkin_skip_building_tests': False, 'cmake_args': None, 'cmake_clean_cache': False, 'cmake_clean_first': False, 'cmake_force_configure': False, 'cmake_target': None, 'cmake_target_skip_unavailable': False, 'install_base': '/home/er/project3_team5_robotic_systems_1/project3_robotics/install/camera_node', 'merge_install': False, 'path': '/home/er/project3_team5_robotic_systems_1/project3_robotics/src/camera_node', 'symlink_install': False, 'test_result_base': None}[0m
[1.560s] [34mcolcon.colcon_core.verb[0m [1;30mLevel 5[0m set package 'myarm_node' build argument 'cmake_args' from command line to 'None'
[1.560s] [34mcolcon.colcon_core.verb[0m [1;30mLevel 5[0m set package 'myarm_node' build argument 'cmake_target' from command line to 'None'
[1.560s] [34mcolcon.colcon_core.verb[0m [1;30mLevel 5[0m set package 'myarm_node' build argument 'cmake_target_skip_unavailable' from command line to 'False'
[1.560s] [34mcolcon.colcon_core.verb[0m [1;30mLevel 5[0m set package 'myarm_node' build argument 'cmake_clean_cache' from command line to 'False'
[1.561s] [34mcolcon.colcon_core.verb[0m [1;30mLevel 5[0m set package 'myarm_node' build argument 'cmake_clean_first' from command line to 'False'
[1.561s] [34mcolcon.colcon_core.verb[0m [1;30mLevel 5[0m set package 'myarm_node' build argument 'cmake_force_configure' from command line to 'False'
[1.561s] [34mcolcon.colcon_core.verb[0m [1;30mLevel 5[0m set package 'myarm_node' build argument 'ament_cmake_args' from command line to 'None'
[1.561s] [34mcolcon.colcon_core.verb[0m [1;30mLevel 5[0m set package 'myarm_node' build argument 'catkin_cmake_args' from command line to 'None'
[1.561s] [34mcolcon.colcon_core.verb[0m [1;30mLevel 5[0m set package 'myarm_node' build argument 'catkin_skip_building_tests' from command line to 'False'
[1.561s] [34mcolcon.colcon_core.verb[0m [1;30mDEBUG[0m [32mBuilding package 'myarm_node' with the following arguments: {'ament_cmake_args': None, 'build_base': '/home/er/project3_team5_robotic_systems_1/project3_robotics/build/myarm_node', 'catkin_cmake_args': None, 'catkin_skip_building_tests': False, 'cmake_args': None, 'cmake_clean_cache': False, 'cmake_clean_first': False, 'cmake_force_configure': False, 'cmake_target': None, 'cmake_target_skip_unavailable': False, 'install_base': '/home/er/project3_team5_robotic_systems_1/project3_robotics/install/myarm_node', 'merge_install': False, 'path': '/home/er/project3_team5_robotic_systems_1/project3_robotics/src/myarm_node', 'symlink_install': False, 'test_result_base': None}[0m
[1.565s] [34mcolcon.colcon_core.executor[0m [1;30mINFO[0m Executing jobs using 'parallel' executor
[1.585s] [34mcolcon.colcon_parallel_executor.executor.parallel[0m [1;30mDEBUG[0m [32mrun_until_complete[0m
[1.587s] [34mcolcon.colcon_ros.task.ament_python.build[0m [1;30mINFO[0m Building ROS package in '/home/er/project3_team5_robotic_systems_1/project3_robotics/src/camera_node' with build type 'ament_python'
[1.587s] [34mcolcon.colcon_core.shell[0m [1;30mLevel 1[0m create_environment_hook('camera_node', 'ament_prefix_path')
[1.609s] [34mcolcon.colcon_core.plugin_system[0m [1;30mINFO[0m Skipping extension 'colcon_core.shell.bat': Not used on non-Windows systems
[1.610s] [34mcolcon.colcon_core.shell[0m [1;30mINFO[0m Creating environment hook '/home/er/project3_team5_robotic_systems_1/project3_robotics/install/camera_node/share/camera_node/hook/ament_prefix_path.ps1'
[1.613s] [34mcolcon.colcon_core.shell[0m [1;30mINFO[0m Creating environment descriptor '/home/er/project3_team5_robotic_systems_1/project3_robotics/install/camera_node/share/camera_node/hook/ament_prefix_path.dsv'
[1.616s] [34mcolcon.colcon_core.shell[0m [1;30mINFO[0m Creating environment hook '/home/er/project3_team5_robotic_systems_1/project3_robotics/install/camera_node/share/camera_node/hook/ament_prefix_path.sh'
[1.625s] [34mcolcon.colcon_core.shell[0m [1;30mINFO[0m Skip shell extension 'powershell' for command environment: Not usable outside of PowerShell
[1.626s] [34mcolcon.colcon_core.shell[0m [1;30mDEBUG[0m [32mSkip shell extension 'dsv' for command environment[0m
[1.659s] [34mcolcon.colcon_ros.task.ament_python.build[0m [1;30mINFO[0m Building ROS package in '/home/er/project3_team5_robotic_systems_1/project3_robotics/src/myarm_node' with build type 'ament_python'
[1.661s] [34mcolcon.colcon_core.shell[0m [1;30mLevel 1[0m create_environment_hook('myarm_node', 'ament_prefix_path')
[1.670s] [34mcolcon.colcon_core.shell[0m [1;30mINFO[0m Creating environment hook '/home/er/project3_team5_robotic_systems_1/project3_robotics/install/myarm_node/share/myarm_node/hook/ament_prefix_path.ps1'
[1.673s] [34mcolcon.colcon_core.shell[0m [1;30mINFO[0m Creating environment descriptor '/home/er/project3_team5_robotic_systems_1/project3_robotics/install/myarm_node/share/myarm_node/hook/ament_prefix_path.dsv'
[1.675s] [34mcolcon.colcon_core.shell[0m [1;30mINFO[0m Creating environment hook '/home/er/project3_team5_robotic_systems_1/project3_robotics/install/myarm_node/share/myarm_node/hook/ament_prefix_path.sh'
[1.685s] [34mcolcon.colcon_core.shell[0m [1;30mINFO[0m Skip shell extension 'powershell' for command environment: Not usable outside of PowerShell
[1.685s] [34mcolcon.colcon_core.shell[0m [1;30mDEBUG[0m [32mSkip shell extension 'dsv' for command environment[0m
[3.044s] [34mcolcon.colcon_core.task.python.build[0m [1;30mINFO[0m Building Python package in '/home/er/project3_team5_robotic_systems_1/project3_robotics/src/camera_node'
[3.052s] [34mcolcon.colcon_core.shell[0m [1;30mINFO[0m Skip shell extension 'powershell' for command environment: Not usable outside of PowerShell
[3.053s] [34mcolcon.colcon_core.shell[0m [1;30mDEBUG[0m [32mSkip shell extension 'dsv' for command environment[0m
[4.402s] [34mcolcon.colcon_core.task.python.build[0m [1;30mINFO[0m Building Python package in '/home/er/project3_team5_robotic_systems_1/project3_robotics/src/myarm_node'
[4.410s] [34mcolcon.colcon_core.shell[0m [1;30mINFO[0m Skip shell extension 'powershell' for command environment: Not usable outside of PowerShell
[4.410s] [34mcolcon.colcon_core.shell[0m [1;30mDEBUG[0m [32mSkip shell extension 'dsv' for command environment[0m
[7.013s] [34mcolcon.colcon_core.event_handler.log_command[0m [1;30mDEBUG[0m [32mInvoking command in '/home/er/project3_team5_robotic_systems_1/project3_robotics/src/camera_node': PYTHONPATH=/home/er/project3_team5_robotic_systems_1/project3_robotics/install/camera_node/lib/python3.8/site-packages:${PYTHONPATH} /usr/bin/python3 setup.py egg_info --egg-base ../../build/camera_node build --build-base /home/er/project3_team5_robotic_systems_1/project3_robotics/build/camera_node/build install --prefix /home/er/project3_team5_robotic_systems_1/project3_robotics/install/camera_node --record /home/er/project3_team5_robotic_systems_1/project3_robotics/build/camera_node/install.log --single-version-externally-managed[0m
[7.151s] [34mcolcon.colcon_core.event_handler.log_command[0m [1;30mDEBUG[0m [32mInvoking command in '/home/er/project3_team5_robotic_systems_1/project3_robotics/src/myarm_node': PYTHONPATH=/home/er/project3_team5_robotic_systems_1/project3_robotics/install/myarm_node/lib/python3.8/site-packages:${PYTHONPATH} /usr/bin/python3 setup.py egg_info --egg-base ../../build/myarm_node build --build-base /home/er/project3_team5_robotic_systems_1/project3_robotics/build/myarm_node/build install --prefix /home/er/project3_team5_robotic_systems_1/project3_robotics/install/myarm_node --record /home/er/project3_team5_robotic_systems_1/project3_robotics/build/myarm_node/install.log --single-version-externally-managed[0m
[8.937s] [34mcolcon.colcon_core.event_handler.log_command[0m [1;30mDEBUG[0m [32mInvoked command in '/home/er/project3_team5_robotic_systems_1/project3_robotics/src/camera_node' returned '0': PYTHONPATH=/home/er/project3_team5_robotic_systems_1/project3_robotics/install/camera_node/lib/python3.8/site-packages:${PYTHONPATH} /usr/bin/python3 setup.py egg_info --egg-base ../../build/camera_node build --build-base /home/er/project3_team5_robotic_systems_1/project3_robotics/build/camera_node/build install --prefix /home/er/project3_team5_robotic_systems_1/project3_robotics/install/camera_node --record /home/er/project3_team5_robotic_systems_1/project3_robotics/build/camera_node/install.log --single-version-externally-managed[0m
[8.965s] [34mcolcon.colcon_core.environment[0m [1;30mLevel 1[0m checking '/home/er/project3_team5_robotic_systems_1/project3_robotics/install/camera_node' for CMake module files
[8.970s] [34mcolcon.colcon_core.environment[0m [1;30mLevel 1[0m checking '/home/er/project3_team5_robotic_systems_1/project3_robotics/install/camera_node' for CMake config files
[8.979s] [34mcolcon.colcon_core.environment[0m [1;30mLevel 1[0m checking '/home/er/project3_team5_robotic_systems_1/project3_robotics/install/camera_node/lib'
[8.981s] [34mcolcon.colcon_core.environment[0m [1;30mLevel 1[0m checking '/home/er/project3_team5_robotic_systems_1/project3_robotics/install/camera_node/bin'
[8.982s] [34mcolcon.colcon_core.environment[0m [1;30mLevel 1[0m checking '/home/er/project3_team5_robotic_systems_1/project3_robotics/install/camera_node/lib/pkgconfig/camera_node.pc'
[8.984s] [34mcolcon.colcon_core.environment[0m [1;30mLevel 1[0m checking '/home/er/project3_team5_robotic_systems_1/project3_robotics/install/camera_node/lib/python3.8/site-packages'
[8.985s] [34mcolcon.colcon_core.shell[0m [1;30mLevel 1[0m create_environment_hook('camera_node', 'pythonpath')
[8.998s] [34mcolcon.colcon_core.shell[0m [1;30mINFO[0m Creating environment hook '/home/er/project3_team5_robotic_systems_1/project3_robotics/install/camera_node/share/camera_node/hook/pythonpath.ps1'
[9.003s] [34mcolcon.colcon_core.shell[0m [1;30mINFO[0m Creating environment descriptor '/home/er/project3_team5_robotic_systems_1/project3_robotics/install/camera_node/share/camera_node/hook/pythonpath.dsv'
[9.007s] [34mcolcon.colcon_core.shell[0m [1;30mINFO[0m Creating environment hook '/home/er/project3_team5_robotic_systems_1/project3_robotics/install/camera_node/share/camera_node/hook/pythonpath.sh'
[9.013s] [34mcolcon.colcon_core.environment[0m [1;30mLevel 1[0m checking '/home/er/project3_team5_robotic_systems_1/project3_robotics/install/camera_node/bin'
[9.015s] [34mcolcon.colcon_core.environment[0m [1;30mLevel 1[0m create_environment_scripts_only(camera_node)
[9.027s] [34mcolcon.colcon_core.shell[0m [1;30mINFO[0m Creating package script '/home/er/project3_team5_robotic_systems_1/project3_robotics/install/camera_node/share/camera_node/package.ps1'
[9.035s] [34mcolcon.colcon_core.shell[0m [1;30mINFO[0m Creating package descriptor '/home/er/project3_team5_robotic_systems_1/project3_robotics/install/camera_node/share/camera_node/package.dsv'
[9.041s] [34mcolcon.colcon_core.shell[0m [1;30mINFO[0m Creating package script '/home/er/project3_team5_robotic_systems_1/project3_robotics/install/camera_node/share/camera_node/package.sh'
[9.051s] [34mcolcon.colcon_core.shell[0m [1;30mINFO[0m Creating package script '/home/er/project3_team5_robotic_systems_1/project3_robotics/install/camera_node/share/camera_node/package.bash'
[9.057s] [34mcolcon.colcon_core.shell[0m [1;30mINFO[0m Creating package script '/home/er/project3_team5_robotic_systems_1/project3_robotics/install/camera_node/share/camera_node/package.zsh'
[9.062s] [34mcolcon.colcon_core.environment[0m [1;30mLevel 1[0m create_file_with_runtime_dependencies(/home/er/project3_team5_robotic_systems_1/project3_robotics/install/camera_node/share/colcon-core/packages/camera_node)
[9.107s] [34mcolcon.colcon_core.environment[0m [1;30mLevel 1[0m checking '/home/er/project3_team5_robotic_systems_1/project3_robotics/install/myarm_node' for CMake module files
[9.110s] [34mcolcon.colcon_core.event_handler.log_command[0m [1;30mDEBUG[0m [32mInvoked command in '/home/er/project3_team5_robotic_systems_1/project3_robotics/src/myarm_node' returned '0': PYTHONPATH=/home/er/project3_team5_robotic_systems_1/project3_robotics/install/myarm_node/lib/python3.8/site-packages:${PYTHONPATH} /usr/bin/python3 setup.py egg_info --egg-base ../../build/myarm_node build --build-base /home/er/project3_team5_robotic_systems_1/project3_robotics/build/myarm_node/build install --prefix /home/er/project3_team5_robotic_systems_1/project3_robotics/install/myarm_node --record /home/er/project3_team5_robotic_systems_1/project3_robotics/build/myarm_node/install.log --single-version-externally-managed[0m
[9.112s] [34mcolcon.colcon_core.environment[0m [1;30mLevel 1[0m checking '/home/er/project3_team5_robotic_systems_1/project3_robotics/install/myarm_node' for CMake config files
[9.117s] [34mcolcon.colcon_core.environment[0m [1;30mLevel 1[0m checking '/home/er/project3_team5_robotic_systems_1/project3_robotics/install/myarm_node/lib'
[9.118s] [34mcolcon.colcon_core.environment[0m [1;30mLevel 1[0m checking '/home/er/project3_team5_robotic_systems_1/project3_robotics/install/myarm_node/bin'
[9.118s] [34mcolcon.colcon_core.environment[0m [1;30mLevel 1[0m checking '/home/er/project3_team5_robotic_systems_1/project3_robotics/install/myarm_node/lib/pkgconfig/myarm_node.pc'
[9.119s] [34mcolcon.colcon_core.environment[0m [1;30mLevel 1[0m checking '/home/er/project3_team5_robotic_systems_1/project3_robotics/install/myarm_node/lib/python3.8/site-packages'
[9.119s] [34mcolcon.colcon_core.shell[0m [1;30mLevel 1[0m create_environment_hook('myarm_node', 'pythonpath')
[9.126s] [34mcolcon.colcon_core.shell[0m [1;30mINFO[0m Creating environment hook '/home/er/project3_team5_robotic_systems_1/project3_robotics/install/myarm_node/share/myarm_node/hook/pythonpath.ps1'
[9.128s] [34mcolcon.colcon_core.shell[0m [1;30mINFO[0m Creating environment descriptor '/home/er/project3_team5_robotic_systems_1/project3_robotics/install/myarm_node/share/myarm_node/hook/pythonpath.dsv'
[9.130s] [34mcolcon.colcon_core.shell[0m [1;30mINFO[0m Creating environment hook '/home/er/project3_team5_robotic_systems_1/project3_robotics/install/myarm_node/share/myarm_node/hook/pythonpath.sh'
[9.133s] [34mcolcon.colcon_core.environment[0m [1;30mLevel 1[0m checking '/home/er/project3_team5_robotic_systems_1/project3_robotics/install/myarm_node/bin'
[9.134s] [34mcolcon.colcon_core.environment[0m [1;30mLevel 1[0m create_environment_scripts_only(myarm_node)
[9.141s] [34mcolcon.colcon_core.shell[0m [1;30mINFO[0m Creating package script '/home/er/project3_team5_robotic_systems_1/project3_robotics/install/myarm_node/share/myarm_node/package.ps1'
[9.143s] [34mcolcon.colcon_core.shell[0m [1;30mINFO[0m Creating package descriptor '/home/er/project3_team5_robotic_systems_1/project3_robotics/install/myarm_node/share/myarm_node/package.dsv'
[9.146s] [34mcolcon.colcon_core.shell[0m [1;30mINFO[0m Creating package script '/home/er/project3_team5_robotic_systems_1/project3_robotics/install/myarm_node/share/myarm_node/package.sh'
[9.148s] [34mcolcon.colcon_core.shell[0m [1;30mINFO[0m Creating package script '/home/er/project3_team5_robotic_systems_1/project3_robotics/install/myarm_node/share/myarm_node/package.bash'
[9.150s] [34mcolcon.colcon_core.shell[0m [1;30mINFO[0m Creating package script '/home/er/project3_team5_robotic_systems_1/project3_robotics/install/myarm_node/share/myarm_node/package.zsh'
[9.152s] [34mcolcon.colcon_core.environment[0m [1;30mLevel 1[0m create_file_with_runtime_dependencies(/home/er/project3_team5_robotic_systems_1/project3_robotics/install/myarm_node/share/colcon-core/packages/myarm_node)
[9.154s] [34mcolcon.colcon_parallel_executor.executor.parallel[0m [1;30mDEBUG[0m [32mclosing loop[0m
[9.155s] [34mcolcon.colcon_parallel_executor.executor.parallel[0m [1;30mDEBUG[0m [32mloop closed[0m
[9.156s] [34mcolcon.colcon_parallel_executor.executor.parallel[0m [1;30mDEBUG[0m [32mrun_until_complete finished with '0'[0m
[9.157s] [34mcolcon.colcon_core.event_reactor[0m [1;30mDEBUG[0m [32mjoining thread[0m
[9.190s] [34mcolcon.colcon_core.plugin_system[0m [1;30mINFO[0m Skipping extension 'colcon_notification.desktop_notification.terminal_notifier': Not used on non-Darwin systems
[9.191s] [34mcolcon.colcon_core.plugin_system[0m [1;30mINFO[0m Skipping extension 'colcon_notification.desktop_notification.win32': Not used on non-Windows systems
[9.191s] [34mcolcon.colcon_notification.desktop_notification[0m [1;30mINFO[0m Sending desktop notification using 'notify2'
[9.590s] [34mcolcon.colcon_core.event_reactor[0m [1;30mDEBUG[0m [32mjoined thread[0m
[9.600s] [34mcolcon.colcon_core.shell[0m [1;30mINFO[0m Creating prefix script '/home/er/project3_team5_robotic_systems_1/project3_robotics/install/local_setup.ps1'
[9.605s] [34mcolcon.colcon_core.shell[0m [1;30mINFO[0m Creating prefix util module '/home/er/project3_team5_robotic_systems_1/project3_robotics/install/_local_setup_util_ps1.py'
[9.614s] [34mcolcon.colcon_core.shell[0m [1;30mINFO[0m Creating prefix chain script '/home/er/project3_team5_robotic_systems_1/project3_robotics/install/setup.ps1'
[9.624s] [34mcolcon.colcon_core.shell[0m [1;30mINFO[0m Creating prefix script '/home/er/project3_team5_robotic_systems_1/project3_robotics/install/local_setup.sh'
[9.628s] [34mcolcon.colcon_core.shell[0m [1;30mINFO[0m Creating prefix util module '/home/er/project3_team5_robotic_systems_1/project3_robotics/install/_local_setup_util_sh.py'
[9.633s] [34mcolcon.colcon_core.shell[0m [1;30mINFO[0m Creating prefix chain script '/home/er/project3_team5_robotic_systems_1/project3_robotics/install/setup.sh'
[9.644s] [34mcolcon.colcon_core.shell[0m [1;30mINFO[0m Creating prefix script '/home/er/project3_team5_robotic_systems_1/project3_robotics/install/local_setup.bash'
[9.648s] [34mcolcon.colcon_core.shell[0m [1;30mINFO[0m Creating prefix chain script '/home/er/project3_team5_robotic_systems_1/project3_robotics/install/setup.bash'
[9.655s] [34mcolcon.colcon_core.shell[0m [1;30mINFO[0m Creating prefix script '/home/er/project3_team5_robotic_systems_1/project3_robotics/install/local_setup.zsh'
[9.658s] [34mcolcon.colcon_core.shell[0m [1;30mINFO[0m Creating prefix chain script '/home/er/project3_team5_robotic_systems_1/project3_robotics/install/setup.zsh'
