[3.691s] Invoking command in '/home/er/project3_team5_robotic_systems_1/project3_robotics/src/myarm_node': PYTHONPATH=/home/er/project3_team5_robotic_systems_1/project3_robotics/install/myarm_node/lib/python3.8/site-packages:${PYTHONPATH} /usr/bin/python3 setup.py egg_info --egg-base ../../build/myarm_node build --build-base /home/er/project3_team5_robotic_systems_1/project3_robotics/build/myarm_node/build install --prefix /home/er/project3_team5_robotic_systems_1/project3_robotics/install/myarm_node --record /home/er/project3_team5_robotic_systems_1/project3_robotics/build/myarm_node/install.log --single-version-externally-managed
[4.951s] running egg_info
[4.954s] writing ../../build/myarm_node/myarm_node.egg-info/PKG-INFO
[4.956s] writing dependency_links to ../../build/myarm_node/myarm_node.egg-info/dependency_links.txt
[4.957s] writing entry points to ../../build/myarm_node/myarm_node.egg-info/entry_points.txt
[4.958s] writing requirements to ../../build/myarm_node/myarm_node.egg-info/requires.txt
[4.959s] writing top-level names to ../../build/myarm_node/myarm_node.egg-info/top_level.txt
[5.121s] reading manifest file '../../build/myarm_node/myarm_node.egg-info/SOURCES.txt'
[5.128s] writing manifest file '../../build/myarm_node/myarm_node.egg-info/SOURCES.txt'
[5.129s] running build
[5.130s] running build_py
[5.147s] running install
[5.150s] running install_lib
[5.178s] running install_data
[5.181s] running install_egg_info
[5.189s] removing '/home/er/project3_team5_robotic_systems_1/project3_robotics/install/myarm_node/lib/python3.8/site-packages/myarm_node-0.0.0-py3.8.egg-info' (and everything under it)
[5.192s] Copying ../../build/myarm_node/myarm_node.egg-info to /home/er/project3_team5_robotic_systems_1/project3_robotics/install/myarm_node/lib/python3.8/site-packages/myarm_node-0.0.0-py3.8.egg-info
[5.199s] running install_scripts
[5.271s] Installing controller script to /home/er/project3_team5_robotic_systems_1/project3_robotics/install/myarm_node/lib/myarm_node
[5.277s] writing list of installed files to '/home/er/project3_team5_robotic_systems_1/project3_robotics/build/myarm_node/install.log'
[5.393s] Invoked command in '/home/er/project3_team5_robotic_systems_1/project3_robotics/src/myarm_node' returned '0': PYTHONPATH=/home/er/project3_team5_robotic_systems_1/project3_robotics/install/myarm_node/lib/python3.8/site-packages:${PYTHONPATH} /usr/bin/python3 setup.py egg_info --egg-base ../../build/myarm_node build --build-base /home/er/project3_team5_robotic_systems_1/project3_robotics/build/myarm_node/build install --prefix /home/er/project3_team5_robotic_systems_1/project3_robotics/install/myarm_node --record /home/er/project3_team5_robotic_systems_1/project3_robotics/build/myarm_node/install.log --single-version-externally-managed
