[5.418s] Invoking command in '/home/er/project3_team5_robotic_systems_1/project3_robotics/src/camera_node': PYTHONPATH=/home/er/project3_team5_robotic_systems_1/project3_robotics/install/camera_node/lib/python3.8/site-packages:${PYTHONPATH} /usr/bin/python3 setup.py egg_info --egg-base ../../build/camera_node build --build-base /home/er/project3_team5_robotic_systems_1/project3_robotics/build/camera_node/build install --prefix /home/er/project3_team5_robotic_systems_1/project3_robotics/install/camera_node --record /home/er/project3_team5_robotic_systems_1/project3_robotics/build/camera_node/install.log --single-version-externally-managed
[6.916s] running egg_info
[6.919s] writing ../../build/camera_node/camera_node.egg-info/PKG-INFO
[6.922s] writing dependency_links to ../../build/camera_node/camera_node.egg-info/dependency_links.txt
[6.924s] writing entry points to ../../build/camera_node/camera_node.egg-info/entry_points.txt
[6.925s] writing requirements to ../../build/camera_node/camera_node.egg-info/requires.txt
[6.926s] writing top-level names to ../../build/camera_node/camera_node.egg-info/top_level.txt
[7.097s] reading manifest file '../../build/camera_node/camera_node.egg-info/SOURCES.txt'
[7.099s] writing manifest file '../../build/camera_node/camera_node.egg-info/SOURCES.txt'
[7.100s] running build
[7.101s] running build_py
[7.102s] running install
[7.105s] running install_lib
[7.113s] running install_data
[7.116s] running install_egg_info
[7.128s] removing '/home/er/project3_team5_robotic_systems_1/project3_robotics/install/camera_node/lib/python3.8/site-packages/camera_node-0.0.0-py3.8.egg-info' (and everything under it)
[7.130s] Copying ../../build/camera_node/camera_node.egg-info to /home/er/project3_team5_robotic_systems_1/project3_robotics/install/camera_node/lib/python3.8/site-packages/camera_node-0.0.0-py3.8.egg-info
[7.136s] running install_scripts
[7.218s] writing list of installed files to '/home/er/project3_team5_robotic_systems_1/project3_robotics/build/camera_node/install.log'
[7.349s] Invoked command in '/home/er/project3_team5_robotic_systems_1/project3_robotics/src/camera_node' returned '0': PYTHONPATH=/home/er/project3_team5_robotic_systems_1/project3_robotics/install/camera_node/lib/python3.8/site-packages:${PYTHONPATH} /usr/bin/python3 setup.py egg_info --egg-base ../../build/camera_node build --build-base /home/er/project3_team5_robotic_systems_1/project3_robotics/build/camera_node/build install --prefix /home/er/project3_team5_robotic_systems_1/project3_robotics/install/camera_node --record /home/er/project3_team5_robotic_systems_1/project3_robotics/build/camera_node/install.log --single-version-externally-managed
