[3.699s] Invoking command in '/home/er/project3_team5_robotic_systems_1/project3_robotics/src/myarm_node': PYTHONPATH=/home/er/project3_team5_robotic_systems_1/project3_robotics/src/install/myarm_node/lib/python3.8/site-packages:${PYTHONPATH} /usr/bin/python3 setup.py egg_info --egg-base ../build/myarm_node build --build-base /home/er/project3_team5_robotic_systems_1/project3_robotics/src/build/myarm_node/build install --prefix /home/er/project3_team5_robotic_systems_1/project3_robotics/src/install/myarm_node --record /home/er/project3_team5_robotic_systems_1/project3_robotics/src/build/myarm_node/install.log --single-version-externally-managed
[4.981s] running egg_info
[4.983s] writing ../build/myarm_node/myarm_node.egg-info/PKG-INFO
[4.985s] writing dependency_links to ../build/myarm_node/myarm_node.egg-info/dependency_links.txt
[4.986s] writing entry points to ../build/myarm_node/myarm_node.egg-info/entry_points.txt
[4.987s] writing requirements to ../build/myarm_node/myarm_node.egg-info/requires.txt
[4.988s] writing top-level names to ../build/myarm_node/myarm_node.egg-info/top_level.txt
[5.152s] reading manifest file '../build/myarm_node/myarm_node.egg-info/SOURCES.txt'
[5.158s] writing manifest file '../build/myarm_node/myarm_node.egg-info/SOURCES.txt'
[5.158s] running build
[5.159s] running build_py
[5.169s] running install
[5.173s] running install_lib
[5.182s] copying /home/er/project3_team5_robotic_systems_1/project3_robotics/src/build/myarm_node/build/lib/myarm_node/myarm_utils/kinematics/parameters.py -> /home/er/project3_team5_robotic_systems_1/project3_robotics/src/install/myarm_node/lib/python3.8/site-packages/myarm_node/myarm_utils/kinematics
[5.191s] byte-compiling /home/er/project3_team5_robotic_systems_1/project3_robotics/src/install/myarm_node/lib/python3.8/site-packages/myarm_node/myarm_utils/kinematics/parameters.py to parameters.cpython-38.pyc
[5.202s] running install_data
[5.205s] running install_egg_info
[5.212s] removing '/home/er/project3_team5_robotic_systems_1/project3_robotics/src/install/myarm_node/lib/python3.8/site-packages/myarm_node-0.0.0-py3.8.egg-info' (and everything under it)
[5.214s] Copying ../build/myarm_node/myarm_node.egg-info to /home/er/project3_team5_robotic_systems_1/project3_robotics/src/install/myarm_node/lib/python3.8/site-packages/myarm_node-0.0.0-py3.8.egg-info
[5.225s] running install_scripts
[5.304s] Installing controller script to /home/er/project3_team5_robotic_systems_1/project3_robotics/src/install/myarm_node/lib/myarm_node
[5.309s] writing list of installed files to '/home/er/project3_team5_robotic_systems_1/project3_robotics/src/build/myarm_node/install.log'
[5.423s] Invoked command in '/home/er/project3_team5_robotic_systems_1/project3_robotics/src/myarm_node' returned '0': PYTHONPATH=/home/er/project3_team5_robotic_systems_1/project3_robotics/src/install/myarm_node/lib/python3.8/site-packages:${PYTHONPATH} /usr/bin/python3 setup.py egg_info --egg-base ../build/myarm_node build --build-base /home/er/project3_team5_robotic_systems_1/project3_robotics/src/build/myarm_node/build install --prefix /home/er/project3_team5_robotic_systems_1/project3_robotics/src/install/myarm_node --record /home/er/project3_team5_robotic_systems_1/project3_robotics/src/build/myarm_node/install.log --single-version-externally-managed
