running egg_info
writing ../../build/myarm_node/myarm_node.egg-info/PKG-INFO
writing dependency_links to ../../build/myarm_node/myarm_node.egg-info/dependency_links.txt
writing entry points to ../../build/myarm_node/myarm_node.egg-info/entry_points.txt
writing requirements to ../../build/myarm_node/myarm_node.egg-info/requires.txt
writing top-level names to ../../build/myarm_node/myarm_node.egg-info/top_level.txt
reading manifest file '../../build/myarm_node/myarm_node.egg-info/SOURCES.txt'
writing manifest file '../../build/myarm_node/myarm_node.egg-info/SOURCES.txt'
running build
running build_py
copying myarm_node/myarm_utils/solve_inv_kine.py -> /home/er/project3_team5_robotic_systems_1/project3_robotics/build/myarm_node/build/lib/myarm_node/myarm_utils
running install
running install_lib
copying /home/er/project3_team5_robotic_systems_1/project3_robotics/build/myarm_node/build/lib/myarm_node/myarm_utils/solve_inv_kine.py -> /home/er/project3_team5_robotic_systems_1/project3_robotics/install/myarm_node/lib/python3.8/site-packages/myarm_node/myarm_utils
byte-compiling /home/er/project3_team5_robotic_systems_1/project3_robotics/install/myarm_node/lib/python3.8/site-packages/myarm_node/myarm_utils/solve_inv_kine.py to solve_inv_kine.cpython-38.pyc
running install_data
running install_egg_info
removing '/home/er/project3_team5_robotic_systems_1/project3_robotics/install/myarm_node/lib/python3.8/site-packages/myarm_node-0.0.0-py3.8.egg-info' (and everything under it)
Copying ../../build/myarm_node/myarm_node.egg-info to /home/er/project3_team5_robotic_systems_1/project3_robotics/install/myarm_node/lib/python3.8/site-packages/myarm_node-0.0.0-py3.8.egg-info
running install_scripts
Installing controller script to /home/er/project3_team5_robotic_systems_1/project3_robotics/install/myarm_node/lib/myarm_node
writing list of installed files to '/home/er/project3_team5_robotic_systems_1/project3_robotics/build/myarm_node/install.log'
