[3.700s] Invoking command in '/home/er/project3_team5_robotic_systems_1/project3_robotics/src/myarm_node': PYTHONPATH=/home/er/project3_team5_robotic_systems_1/project3_robotics/install/myarm_node/lib/python3.8/site-packages:${PYTHONPATH} /usr/bin/python3 setup.py egg_info --egg-base ../../build/myarm_node build --build-base /home/er/project3_team5_robotic_systems_1/project3_robotics/build/myarm_node/build install --prefix /home/er/project3_team5_robotic_systems_1/project3_robotics/install/myarm_node --record /home/er/project3_team5_robotic_systems_1/project3_robotics/build/myarm_node/install.log --single-version-externally-managed
[4.993s] running egg_info
[4.996s] writing ../../build/myarm_node/myarm_node.egg-info/PKG-INFO
[4.997s] writing dependency_links to ../../build/myarm_node/myarm_node.egg-info/dependency_links.txt
[4.999s] writing entry points to ../../build/myarm_node/myarm_node.egg-info/entry_points.txt
[5.000s] writing requirements to ../../build/myarm_node/myarm_node.egg-info/requires.txt
[5.001s] writing top-level names to ../../build/myarm_node/myarm_node.egg-info/top_level.txt
[5.163s] reading manifest file '../../build/myarm_node/myarm_node.egg-info/SOURCES.txt'
[5.171s] writing manifest file '../../build/myarm_node/myarm_node.egg-info/SOURCES.txt'
[5.172s] running build
[5.173s] running build_py
[5.176s] copying myarm_node/myarm_utils/solve_inv_kine.py -> /home/er/project3_team5_robotic_systems_1/project3_robotics/build/myarm_node/build/lib/myarm_node/myarm_utils
[5.178s] running install
[5.181s] running install_lib
[5.191s] copying /home/er/project3_team5_robotic_systems_1/project3_robotics/build/myarm_node/build/lib/myarm_node/myarm_utils/solve_inv_kine.py -> /home/er/project3_team5_robotic_systems_1/project3_robotics/install/myarm_node/lib/python3.8/site-packages/myarm_node/myarm_utils
[5.196s] byte-compiling /home/er/project3_team5_robotic_systems_1/project3_robotics/install/myarm_node/lib/python3.8/site-packages/myarm_node/myarm_utils/solve_inv_kine.py to solve_inv_kine.cpython-38.pyc
[5.203s] running install_data
[5.206s] running install_egg_info
[5.213s] removing '/home/er/project3_team5_robotic_systems_1/project3_robotics/install/myarm_node/lib/python3.8/site-packages/myarm_node-0.0.0-py3.8.egg-info' (and everything under it)
[5.216s] Copying ../../build/myarm_node/myarm_node.egg-info to /home/er/project3_team5_robotic_systems_1/project3_robotics/install/myarm_node/lib/python3.8/site-packages/myarm_node-0.0.0-py3.8.egg-info
[5.223s] running install_scripts
[5.294s] Installing controller script to /home/er/project3_team5_robotic_systems_1/project3_robotics/install/myarm_node/lib/myarm_node
[5.297s] writing list of installed files to '/home/er/project3_team5_robotic_systems_1/project3_robotics/build/myarm_node/install.log'
[5.414s] Invoked command in '/home/er/project3_team5_robotic_systems_1/project3_robotics/src/myarm_node' returned '0': PYTHONPATH=/home/er/project3_team5_robotic_systems_1/project3_robotics/install/myarm_node/lib/python3.8/site-packages:${PYTHONPATH} /usr/bin/python3 setup.py egg_info --egg-base ../../build/myarm_node build --build-base /home/er/project3_team5_robotic_systems_1/project3_robotics/build/myarm_node/build install --prefix /home/er/project3_team5_robotic_systems_1/project3_robotics/install/myarm_node --record /home/er/project3_team5_robotic_systems_1/project3_robotics/build/myarm_node/install.log --single-version-externally-managed
