[5.541s] Invoking command in '/home/er/project3_team5_robotic_systems_1/project3_robotics/src/camera_node': PYTHONPATH=/home/er/project3_team5_robotic_systems_1/project3_robotics/install/camera_node/lib/python3.8/site-packages:${PYTHONPATH} /usr/bin/python3 setup.py egg_info --egg-base ../../build/camera_node build --build-base /home/er/project3_team5_robotic_systems_1/project3_robotics/build/camera_node/build install --prefix /home/er/project3_team5_robotic_systems_1/project3_robotics/install/camera_node --record /home/er/project3_team5_robotic_systems_1/project3_robotics/build/camera_node/install.log --single-version-externally-managed
[7.028s] running egg_info
[7.032s] writing ../../build/camera_node/camera_node.egg-info/PKG-INFO
[7.038s] writing dependency_links to ../../build/camera_node/camera_node.egg-info/dependency_links.txt
[7.041s] writing entry points to ../../build/camera_node/camera_node.egg-info/entry_points.txt
[7.044s] writing requirements to ../../build/camera_node/camera_node.egg-info/requires.txt
[7.047s] writing top-level names to ../../build/camera_node/camera_node.egg-info/top_level.txt
[7.250s] reading manifest file '../../build/camera_node/camera_node.egg-info/SOURCES.txt'
[7.254s] writing manifest file '../../build/camera_node/camera_node.egg-info/SOURCES.txt'
[7.255s] running build
[7.262s] running build_py
[7.274s] running install
[7.275s] running install_lib
[7.276s] running install_data
[7.278s] running install_egg_info
[7.298s] removing '/home/er/project3_team5_robotic_systems_1/project3_robotics/install/camera_node/lib/python3.8/site-packages/camera_node-0.0.0-py3.8.egg-info' (and everything under it)
[7.300s] Copying ../../build/camera_node/camera_node.egg-info to /home/er/project3_team5_robotic_systems_1/project3_robotics/install/camera_node/lib/python3.8/site-packages/camera_node-0.0.0-py3.8.egg-info
[7.303s] running install_scripts
[7.390s] writing list of installed files to '/home/er/project3_team5_robotic_systems_1/project3_robotics/build/camera_node/install.log'
[7.540s] Invoked command in '/home/er/project3_team5_robotic_systems_1/project3_robotics/src/camera_node' returned '0': PYTHONPATH=/home/er/project3_team5_robotic_systems_1/project3_robotics/install/camera_node/lib/python3.8/site-packages:${PYTHONPATH} /usr/bin/python3 setup.py egg_info --egg-base ../../build/camera_node build --build-base /home/er/project3_team5_robotic_systems_1/project3_robotics/build/camera_node/build install --prefix /home/er/project3_team5_robotic_systems_1/project3_robotics/install/camera_node --record /home/er/project3_team5_robotic_systems_1/project3_robotics/build/camera_node/install.log --single-version-externally-managed
