[4.507s] Invoking command in '/home/er/project3_team5_robotic_systems_1/project3_robotics/src/myarm_node': PYTHONPATH=/home/er/project3_team5_robotic_systems_1/project3_robotics/install/myarm_node/lib/python3.8/site-packages:${PYTHONPATH} /usr/bin/python3 setup.py egg_info --egg-base ../../build/myarm_node build --build-base /home/er/project3_team5_robotic_systems_1/project3_robotics/build/myarm_node/build install --prefix /home/er/project3_team5_robotic_systems_1/project3_robotics/install/myarm_node --record /home/er/project3_team5_robotic_systems_1/project3_robotics/build/myarm_node/install.log --single-version-externally-managed
[5.905s] running egg_info
[5.908s] writing ../../build/myarm_node/myarm_node.egg-info/PKG-INFO
[5.909s] writing dependency_links to ../../build/myarm_node/myarm_node.egg-info/dependency_links.txt
[5.910s] writing entry points to ../../build/myarm_node/myarm_node.egg-info/entry_points.txt
[5.911s] writing requirements to ../../build/myarm_node/myarm_node.egg-info/requires.txt
[5.912s] writing top-level names to ../../build/myarm_node/myarm_node.egg-info/top_level.txt
[6.071s] reading manifest file '../../build/myarm_node/myarm_node.egg-info/SOURCES.txt'
[6.076s] writing manifest file '../../build/myarm_node/myarm_node.egg-info/SOURCES.txt'
[6.077s] running build
[6.078s] running build_py
[6.079s] copying myarm_node/myarm_controller.py -> /home/er/project3_team5_robotic_systems_1/project3_robotics/build/myarm_node/build/lib/myarm_node
[6.083s] running install
[6.087s] running install_lib
[6.093s] copying /home/er/project3_team5_robotic_systems_1/project3_robotics/build/myarm_node/build/lib/myarm_node/myarm_controller.py -> /home/er/project3_team5_robotic_systems_1/project3_robotics/install/myarm_node/lib/python3.8/site-packages/myarm_node
[6.099s] byte-compiling /home/er/project3_team5_robotic_systems_1/project3_robotics/install/myarm_node/lib/python3.8/site-packages/myarm_node/myarm_controller.py to myarm_controller.cpython-38.pyc
[6.109s] running install_data
[6.112s] running install_egg_info
[6.119s] removing '/home/er/project3_team5_robotic_systems_1/project3_robotics/install/myarm_node/lib/python3.8/site-packages/myarm_node-0.0.0-py3.8.egg-info' (and everything under it)
[6.121s] Copying ../../build/myarm_node/myarm_node.egg-info to /home/er/project3_team5_robotic_systems_1/project3_robotics/install/myarm_node/lib/python3.8/site-packages/myarm_node-0.0.0-py3.8.egg-info
[6.127s] running install_scripts
[6.202s] Installing controller script to /home/er/project3_team5_robotic_systems_1/project3_robotics/install/myarm_node/lib/myarm_node
[6.205s] writing list of installed files to '/home/er/project3_team5_robotic_systems_1/project3_robotics/build/myarm_node/install.log'
[6.352s] Invoked command in '/home/er/project3_team5_robotic_systems_1/project3_robotics/src/myarm_node' returned '0': PYTHONPATH=/home/er/project3_team5_robotic_systems_1/project3_robotics/install/myarm_node/lib/python3.8/site-packages:${PYTHONPATH} /usr/bin/python3 setup.py egg_info --egg-base ../../build/myarm_node build --build-base /home/er/project3_team5_robotic_systems_1/project3_robotics/build/myarm_node/build install --prefix /home/er/project3_team5_robotic_systems_1/project3_robotics/install/myarm_node --record /home/er/project3_team5_robotic_systems_1/project3_robotics/build/myarm_node/install.log --single-version-externally-managed
