[3.663s] Invoking command in '/home/er/project3_team5_robotic_systems_1/project3_robotics/src/myarm_node': PYTHONPATH=/home/er/project3_team5_robotic_systems_1/project3_robotics/src/install/myarm_node/lib/python3.8/site-packages:${PYTHONPATH} /usr/bin/python3 setup.py egg_info --egg-base ../build/myarm_node build --build-base /home/er/project3_team5_robotic_systems_1/project3_robotics/src/build/myarm_node/build install --prefix /home/er/project3_team5_robotic_systems_1/project3_robotics/src/install/myarm_node --record /home/er/project3_team5_robotic_systems_1/project3_robotics/src/build/myarm_node/install.log --single-version-externally-managed
[4.916s] running egg_info
[4.919s] writing ../build/myarm_node/myarm_node.egg-info/PKG-INFO
[4.920s] writing dependency_links to ../build/myarm_node/myarm_node.egg-info/dependency_links.txt
[4.921s] writing entry points to ../build/myarm_node/myarm_node.egg-info/entry_points.txt
[4.922s] writing requirements to ../build/myarm_node/myarm_node.egg-info/requires.txt
[4.923s] writing top-level names to ../build/myarm_node/myarm_node.egg-info/top_level.txt
[5.085s] reading manifest file '../build/myarm_node/myarm_node.egg-info/SOURCES.txt'
[5.091s] writing manifest file '../build/myarm_node/myarm_node.egg-info/SOURCES.txt'
[5.092s] running build
[5.092s] running build_py
[5.103s] running install
[5.106s] running install_lib
[5.115s] copying /home/er/project3_team5_robotic_systems_1/project3_robotics/src/build/myarm_node/build/lib/myarm_node/myarm_utils/kinematics/parameters.py -> /home/er/project3_team5_robotic_systems_1/project3_robotics/src/install/myarm_node/lib/python3.8/site-packages/myarm_node/myarm_utils/kinematics
[5.125s] byte-compiling /home/er/project3_team5_robotic_systems_1/project3_robotics/src/install/myarm_node/lib/python3.8/site-packages/myarm_node/myarm_utils/kinematics/parameters.py to parameters.cpython-38.pyc
[5.139s] running install_data
[5.140s] running install_egg_info
[5.148s] removing '/home/er/project3_team5_robotic_systems_1/project3_robotics/src/install/myarm_node/lib/python3.8/site-packages/myarm_node-0.0.0-py3.8.egg-info' (and everything under it)
[5.149s] Copying ../build/myarm_node/myarm_node.egg-info to /home/er/project3_team5_robotic_systems_1/project3_robotics/src/install/myarm_node/lib/python3.8/site-packages/myarm_node-0.0.0-py3.8.egg-info
[5.163s] running install_scripts
[5.236s] Installing controller script to /home/er/project3_team5_robotic_systems_1/project3_robotics/src/install/myarm_node/lib/myarm_node
[5.240s] writing list of installed files to '/home/er/project3_team5_robotic_systems_1/project3_robotics/src/build/myarm_node/install.log'
[5.353s] Invoked command in '/home/er/project3_team5_robotic_systems_1/project3_robotics/src/myarm_node' returned '0': PYTHONPATH=/home/er/project3_team5_robotic_systems_1/project3_robotics/src/install/myarm_node/lib/python3.8/site-packages:${PYTHONPATH} /usr/bin/python3 setup.py egg_info --egg-base ../build/myarm_node build --build-base /home/er/project3_team5_robotic_systems_1/project3_robotics/src/build/myarm_node/build install --prefix /home/er/project3_team5_robotic_systems_1/project3_robotics/src/install/myarm_node --record /home/er/project3_team5_robotic_systems_1/project3_robotics/src/build/myarm_node/install.log --single-version-externally-managed
