[5.615s] Invoking command in '/home/er/project3_team5_robotic_systems_1/project3_robotics/src/myarm_node': PYTHONPATH=/home/er/project3_team5_robotic_systems_1/project3_robotics/install/myarm_node/lib/python3.8/site-packages:${PYTHONPATH} /usr/bin/python3 setup.py egg_info --egg-base ../../build/myarm_node build --build-base /home/er/project3_team5_robotic_systems_1/project3_robotics/build/myarm_node/build install --prefix /home/er/project3_team5_robotic_systems_1/project3_robotics/install/myarm_node --record /home/er/project3_team5_robotic_systems_1/project3_robotics/build/myarm_node/install.log --single-version-externally-managed
[7.037s] running egg_info
[7.041s] creating ../../build/myarm_node/myarm_node.egg-info
[7.042s] writing ../../build/myarm_node/myarm_node.egg-info/PKG-INFO
[7.044s] writing dependency_links to ../../build/myarm_node/myarm_node.egg-info/dependency_links.txt
[7.048s] writing entry points to ../../build/myarm_node/myarm_node.egg-info/entry_points.txt
[7.051s] writing requirements to ../../build/myarm_node/myarm_node.egg-info/requires.txt
[7.053s] writing top-level names to ../../build/myarm_node/myarm_node.egg-info/top_level.txt
[7.072s] writing manifest file '../../build/myarm_node/myarm_node.egg-info/SOURCES.txt'
[7.240s] reading manifest file '../../build/myarm_node/myarm_node.egg-info/SOURCES.txt'
[7.244s] writing manifest file '../../build/myarm_node/myarm_node.egg-info/SOURCES.txt'
[7.245s] running build
[7.247s] running build_py
[7.248s] creating /home/er/project3_team5_robotic_systems_1/project3_robotics/build/myarm_node/build
[7.249s] creating /home/er/project3_team5_robotic_systems_1/project3_robotics/build/myarm_node/build/lib
[7.249s] creating /home/er/project3_team5_robotic_systems_1/project3_robotics/build/myarm_node/build/lib/myarm_node
[7.250s] copying myarm_node/myarm_controller.py -> /home/er/project3_team5_robotic_systems_1/project3_robotics/build/myarm_node/build/lib/myarm_node
[7.265s] copying myarm_node/__init__.py -> /home/er/project3_team5_robotic_systems_1/project3_robotics/build/myarm_node/build/lib/myarm_node
[7.267s] creating /home/er/project3_team5_robotic_systems_1/project3_robotics/build/myarm_node/build/lib/myarm_node/myarm_utils
[7.268s] copying myarm_node/myarm_utils/myarm_connect.py -> /home/er/project3_team5_robotic_systems_1/project3_robotics/build/myarm_node/build/lib/myarm_node/myarm_utils
[7.275s] copying myarm_node/myarm_utils/__init__.py -> /home/er/project3_team5_robotic_systems_1/project3_robotics/build/myarm_node/build/lib/myarm_node/myarm_utils
[7.276s] copying myarm_node/myarm_utils/math_utils.py -> /home/er/project3_team5_robotic_systems_1/project3_robotics/build/myarm_node/build/lib/myarm_node/myarm_utils
[7.277s] copying myarm_node/myarm_utils/poe_fkine.py -> /home/er/project3_team5_robotic_systems_1/project3_robotics/build/myarm_node/build/lib/myarm_node/myarm_utils
[7.278s] copying myarm_node/myarm_utils/parameters.py -> /home/er/project3_team5_robotic_systems_1/project3_robotics/build/myarm_node/build/lib/myarm_node/myarm_utils
[7.279s] copying myarm_node/myarm_utils/poe_ikine.py -> /home/er/project3_team5_robotic_systems_1/project3_robotics/build/myarm_node/build/lib/myarm_node/myarm_utils
[7.280s] copying myarm_node/myarm_utils/SE3_utils.py -> /home/er/project3_team5_robotic_systems_1/project3_robotics/build/myarm_node/build/lib/myarm_node/myarm_utils
[7.281s] copying myarm_node/myarm_utils/solve_inv_kine.py -> /home/er/project3_team5_robotic_systems_1/project3_robotics/build/myarm_node/build/lib/myarm_node/myarm_utils
[7.282s] copying myarm_node/py.typed -> /home/er/project3_team5_robotic_systems_1/project3_robotics/build/myarm_node/build/lib/myarm_node
[7.282s] running install
[7.283s] running install_lib
[7.284s] creating /home/er/project3_team5_robotic_systems_1/project3_robotics/install/myarm_node/lib/python3.8/site-packages/myarm_node
[7.285s] copying /home/er/project3_team5_robotic_systems_1/project3_robotics/build/myarm_node/build/lib/myarm_node/myarm_controller.py -> /home/er/project3_team5_robotic_systems_1/project3_robotics/install/myarm_node/lib/python3.8/site-packages/myarm_node
[7.287s] copying /home/er/project3_team5_robotic_systems_1/project3_robotics/build/myarm_node/build/lib/myarm_node/__init__.py -> /home/er/project3_team5_robotic_systems_1/project3_robotics/install/myarm_node/lib/python3.8/site-packages/myarm_node
[7.289s] creating /home/er/project3_team5_robotic_systems_1/project3_robotics/install/myarm_node/lib/python3.8/site-packages/myarm_node/myarm_utils
[7.289s] copying /home/er/project3_team5_robotic_systems_1/project3_robotics/build/myarm_node/build/lib/myarm_node/myarm_utils/myarm_connect.py -> /home/er/project3_team5_robotic_systems_1/project3_robotics/install/myarm_node/lib/python3.8/site-packages/myarm_node/myarm_utils
[7.290s] copying /home/er/project3_team5_robotic_systems_1/project3_robotics/build/myarm_node/build/lib/myarm_node/myarm_utils/__init__.py -> /home/er/project3_team5_robotic_systems_1/project3_robotics/install/myarm_node/lib/python3.8/site-packages/myarm_node/myarm_utils
[7.291s] copying /home/er/project3_team5_robotic_systems_1/project3_robotics/build/myarm_node/build/lib/myarm_node/myarm_utils/math_utils.py -> /home/er/project3_team5_robotic_systems_1/project3_robotics/install/myarm_node/lib/python3.8/site-packages/myarm_node/myarm_utils
[7.292s] copying /home/er/project3_team5_robotic_systems_1/project3_robotics/build/myarm_node/build/lib/myarm_node/myarm_utils/poe_fkine.py -> /home/er/project3_team5_robotic_systems_1/project3_robotics/install/myarm_node/lib/python3.8/site-packages/myarm_node/myarm_utils
[7.292s] copying /home/er/project3_team5_robotic_systems_1/project3_robotics/build/myarm_node/build/lib/myarm_node/myarm_utils/parameters.py -> /home/er/project3_team5_robotic_systems_1/project3_robotics/install/myarm_node/lib/python3.8/site-packages/myarm_node/myarm_utils
[7.293s] copying /home/er/project3_team5_robotic_systems_1/project3_robotics/build/myarm_node/build/lib/myarm_node/myarm_utils/poe_ikine.py -> /home/er/project3_team5_robotic_systems_1/project3_robotics/install/myarm_node/lib/python3.8/site-packages/myarm_node/myarm_utils
[7.294s] copying /home/er/project3_team5_robotic_systems_1/project3_robotics/build/myarm_node/build/lib/myarm_node/myarm_utils/SE3_utils.py -> /home/er/project3_team5_robotic_systems_1/project3_robotics/install/myarm_node/lib/python3.8/site-packages/myarm_node/myarm_utils
[7.295s] copying /home/er/project3_team5_robotic_systems_1/project3_robotics/build/myarm_node/build/lib/myarm_node/myarm_utils/solve_inv_kine.py -> /home/er/project3_team5_robotic_systems_1/project3_robotics/install/myarm_node/lib/python3.8/site-packages/myarm_node/myarm_utils
[7.296s] copying /home/er/project3_team5_robotic_systems_1/project3_robotics/build/myarm_node/build/lib/myarm_node/py.typed -> /home/er/project3_team5_robotic_systems_1/project3_robotics/install/myarm_node/lib/python3.8/site-packages/myarm_node
[7.298s] byte-compiling /home/er/project3_team5_robotic_systems_1/project3_robotics/install/myarm_node/lib/python3.8/site-packages/myarm_node/myarm_controller.py to myarm_controller.cpython-38.pyc
[7.306s] byte-compiling /home/er/project3_team5_robotic_systems_1/project3_robotics/install/myarm_node/lib/python3.8/site-packages/myarm_node/__init__.py to __init__.cpython-38.pyc
[7.306s] byte-compiling /home/er/project3_team5_robotic_systems_1/project3_robotics/install/myarm_node/lib/python3.8/site-packages/myarm_node/myarm_utils/myarm_connect.py to myarm_connect.cpython-38.pyc
[7.307s] byte-compiling /home/er/project3_team5_robotic_systems_1/project3_robotics/install/myarm_node/lib/python3.8/site-packages/myarm_node/myarm_utils/__init__.py to __init__.cpython-38.pyc
[7.308s] byte-compiling /home/er/project3_team5_robotic_systems_1/project3_robotics/install/myarm_node/lib/python3.8/site-packages/myarm_node/myarm_utils/math_utils.py to math_utils.cpython-38.pyc
[7.309s] byte-compiling /home/er/project3_team5_robotic_systems_1/project3_robotics/install/myarm_node/lib/python3.8/site-packages/myarm_node/myarm_utils/poe_fkine.py to poe_fkine.cpython-38.pyc
[7.310s] byte-compiling /home/er/project3_team5_robotic_systems_1/project3_robotics/install/myarm_node/lib/python3.8/site-packages/myarm_node/myarm_utils/parameters.py to parameters.cpython-38.pyc
[7.313s] byte-compiling /home/er/project3_team5_robotic_systems_1/project3_robotics/install/myarm_node/lib/python3.8/site-packages/myarm_node/myarm_utils/poe_ikine.py to poe_ikine.cpython-38.pyc
[7.317s] byte-compiling /home/er/project3_team5_robotic_systems_1/project3_robotics/install/myarm_node/lib/python3.8/site-packages/myarm_node/myarm_utils/SE3_utils.py to SE3_utils.cpython-38.pyc
[7.322s] byte-compiling /home/er/project3_team5_robotic_systems_1/project3_robotics/install/myarm_node/lib/python3.8/site-packages/myarm_node/myarm_utils/solve_inv_kine.py to solve_inv_kine.cpython-38.pyc
[7.325s] running install_data
[7.328s] creating /home/er/project3_team5_robotic_systems_1/project3_robotics/install/myarm_node/share/ament_index
[7.329s] creating /home/er/project3_team5_robotic_systems_1/project3_robotics/install/myarm_node/share/ament_index/resource_index
[7.329s] creating /home/er/project3_team5_robotic_systems_1/project3_robotics/install/myarm_node/share/ament_index/resource_index/packages
[7.330s] copying resource/myarm_node -> /home/er/project3_team5_robotic_systems_1/project3_robotics/install/myarm_node/share/ament_index/resource_index/packages
[7.331s] copying package.xml -> /home/er/project3_team5_robotic_systems_1/project3_robotics/install/myarm_node/share/myarm_node
[7.331s] running install_egg_info
[7.339s] Copying ../../build/myarm_node/myarm_node.egg-info to /home/er/project3_team5_robotic_systems_1/project3_robotics/install/myarm_node/lib/python3.8/site-packages/myarm_node-0.0.0-py3.8.egg-info
[7.347s] running install_scripts
[7.451s] Installing talker script to /home/er/project3_team5_robotic_systems_1/project3_robotics/install/myarm_node/lib/myarm_node
[7.456s] writing list of installed files to '/home/er/project3_team5_robotic_systems_1/project3_robotics/build/myarm_node/install.log'
[7.672s] Invoked command in '/home/er/project3_team5_robotic_systems_1/project3_robotics/src/myarm_node' returned '0': PYTHONPATH=/home/er/project3_team5_robotic_systems_1/project3_robotics/install/myarm_node/lib/python3.8/site-packages:${PYTHONPATH} /usr/bin/python3 setup.py egg_info --egg-base ../../build/myarm_node build --build-base /home/er/project3_team5_robotic_systems_1/project3_robotics/build/myarm_node/build install --prefix /home/er/project3_team5_robotic_systems_1/project3_robotics/install/myarm_node --record /home/er/project3_team5_robotic_systems_1/project3_robotics/build/myarm_node/install.log --single-version-externally-managed
