[5.502s] Invoking command in '/home/er/project3_team5_robotic_systems_1/project3_robotics/src/camera_node': PYTHONPATH=/home/er/project3_team5_robotic_systems_1/project3_robotics/install/camera_node/lib/python3.8/site-packages:${PYTHONPATH} /usr/bin/python3 setup.py egg_info --egg-base ../../build/camera_node build --build-base /home/er/project3_team5_robotic_systems_1/project3_robotics/build/camera_node/build install --prefix /home/er/project3_team5_robotic_systems_1/project3_robotics/install/camera_node --record /home/er/project3_team5_robotic_systems_1/project3_robotics/build/camera_node/install.log --single-version-externally-managed
[6.937s] running egg_info
[6.941s] writing ../../build/camera_node/camera_node.egg-info/PKG-INFO
[6.943s] writing dependency_links to ../../build/camera_node/camera_node.egg-info/dependency_links.txt
[6.945s] writing entry points to ../../build/camera_node/camera_node.egg-info/entry_points.txt
[6.946s] writing requirements to ../../build/camera_node/camera_node.egg-info/requires.txt
[6.947s] writing top-level names to ../../build/camera_node/camera_node.egg-info/top_level.txt
[7.114s] reading manifest file '../../build/camera_node/camera_node.egg-info/SOURCES.txt'
[7.118s] writing manifest file '../../build/camera_node/camera_node.egg-info/SOURCES.txt'
[7.119s] running build
[7.120s] running build_py
[7.121s] running install
[7.127s] running install_lib
[7.133s] running install_data
[7.136s] running install_egg_info
[7.149s] removing '/home/er/project3_team5_robotic_systems_1/project3_robotics/install/camera_node/lib/python3.8/site-packages/camera_node-0.0.0-py3.8.egg-info' (and everything under it)
[7.151s] Copying ../../build/camera_node/camera_node.egg-info to /home/er/project3_team5_robotic_systems_1/project3_robotics/install/camera_node/lib/python3.8/site-packages/camera_node-0.0.0-py3.8.egg-info
[7.158s] running install_scripts
[7.243s] writing list of installed files to '/home/er/project3_team5_robotic_systems_1/project3_robotics/build/camera_node/install.log'
[7.379s] Invoked command in '/home/er/project3_team5_robotic_systems_1/project3_robotics/src/camera_node' returned '0': PYTHONPATH=/home/er/project3_team5_robotic_systems_1/project3_robotics/install/camera_node/lib/python3.8/site-packages:${PYTHONPATH} /usr/bin/python3 setup.py egg_info --egg-base ../../build/camera_node build --build-base /home/er/project3_team5_robotic_systems_1/project3_robotics/build/camera_node/build install --prefix /home/er/project3_team5_robotic_systems_1/project3_robotics/install/camera_node --record /home/er/project3_team5_robotic_systems_1/project3_robotics/build/camera_node/install.log --single-version-externally-managed
